#
# There is insufficient memory for the Java Runtime Environment to continue.
# Native memory allocation (mmap) failed to map 100663296 bytes for G1 virtual space
# Possible reasons:
#   The system is out of physical RAM or swap space
#   The process is running with CompressedOops enabled, and the Java Heap may be blocking the growth of the native heap
# Possible solutions:
#   Reduce memory load on the system
#   Increase physical memory or swap space
#   Check if swap backing store is full
#   Decrease Java heap size (-Xmx/-Xms)
#   Decrease number of Java threads
#   Decrease Java thread stack sizes (-Xss)
#   Set larger code cache with -XX:ReservedCodeCacheSize=
#   JVM is running with Unscaled Compressed Oops mode in which the Java heap is
#     placed in the first 4GB address space. The Java Heap base address is the
#     maximum limit for the native heap growth. Please use -XX:HeapBaseMinAddress
#     to set the Java Heap base and to place the Java Heap above 4GB virtual address.
# This output file may be truncated or incomplete.
#
#  Out of Memory Error (os_windows.cpp:3769), pid=40876, tid=30964
#
# JRE version:  (17.0.6) (build )
# Java VM: OpenJDK 64-Bit Server VM (17.0.6+0-b2043.56-9586694, mixed mode, sharing, tiered, compressed oops, compressed class ptrs, g1 gc, windows-amd64)
# No core dump will be written. Minidumps are not enabled by default on client versions of Windows
#

---------------  S U M M A R Y ------------

Command Line: org.jetbrains.kotlin.cli.jvm.K2JVMCompiler @D:\Krupali\ReactNativeProj\speerassessment\node_modules\@react-native\gradle-plugin\build\20230805_13097917875781590289.compiler.options

Host: AMD Ryzen 5 3550H with Radeon Vega Mobile Gfx  , 8 cores, 5G,  Windows 11 , 64 bit Build 22621 (10.0.22621.1635)
Time: Sat Aug  5 09:32:26 2023 Eastern Daylight Time elapsed time: 0.021913 seconds (0d 0h 0m 0s)

---------------  T H R E A D  ---------------

Current thread (0x000002a5822fb400):  JavaThread "Unknown thread" [_thread_in_vm, id=30964, stack(0x000000dbd8900000,0x000000dbd8a00000)]

Stack: [0x000000dbd8900000,0x000000dbd8a00000]
Native frames: (J=compiled Java code, j=interpreted, Vv=VM code, C=native code)
V  [jvm.dll+0x683b4a]
V  [jvm.dll+0x842654]
V  [jvm.dll+0x843dfe]
V  [jvm.dll+0x844463]
V  [jvm.dll+0x249b75]
V  [jvm.dll+0x680a19]
V  [jvm.dll+0x674f0a]
V  [jvm.dll+0x309acb]
V  [jvm.dll+0x310f86]
V  [jvm.dll+0x3608ee]
V  [jvm.dll+0x360b1f]
V  [jvm.dll+0x2dfbf8]
V  [jvm.dll+0x2e0b64]
V  [jvm.dll+0x813f41]
V  [jvm.dll+0x36e6a1]
V  [jvm.dll+0x7f347c]
V  [jvm.dll+0x3f0e8f]
V  [jvm.dll+0x3f29d1]
C  [jli.dll+0x526b]
C  [ucrtbase.dll+0x29363]
C  [KERNEL32.DLL+0x126ad]
C  [ntdll.dll+0x5a9f8]


---------------  P R O C E S S  ---------------

Threads class SMR info:
_java_thread_list=0x00007ffe5476c058, length=0, elements={
}

Java Threads: ( => current thread )

Other Threads:
  0x000002a582347490 GCTaskThread "GC Thread#0" [stack: 0x000000dbd8a00000,0x000000dbd8b00000] [id=43364]
  0x000002a582372270 ConcurrentGCThread "G1 Main Marker" [stack: 0x000000dbd8b00000,0x000000dbd8c00000] [id=41360]
  0x000002a5823742d0 ConcurrentGCThread "G1 Conc#0" [stack: 0x000000dbd8c00000,0x000000dbd8d00000] [id=35040]

[error occurred during error reporting (printing all threads), id 0xc0000005, EXCEPTION_ACCESS_VIOLATION (0xc0000005) at pc=0x00007ffe53f20797]

VM state: not at safepoint (not fully initialized)

VM Mutex/Monitor currently owned by a thread:  ([mutex/lock_event])
[0x000002a5822f6c60] Heap_lock - owner thread: 0x000002a5822fb400

Heap address: 0x00000000a1e00000, size: 1506 MB, Compressed Oops mode: 32-bit

CDS archive(s) mapped at: [0x0000000000000000-0x0000000000000000-0x0000000000000000), size 0, SharedBaseAddress: 0x0000000800000000, ArchiveRelocationMode: 0.
Narrow klass base: 0x0000000000000000, Narrow klass shift: 0, Narrow klass range: 0x0

GC Precious Log:
<Empty>

Heap:
 garbage-first heap   total 0K, used 0K [0x00000000a1e00000, 0x0000000100000000)
  region size 1024K, 0 young (0K), 0 survivors (0K)

[error occurred during error reporting (printing heap information), id 0xc0000005, EXCEPTION_ACCESS_VIOLATION (0xc0000005) at pc=0x00007ffe5430d939]

GC Heap History (0 events):
No events

Dll operation events (1 events):
Event: 0.014 Loaded shared library C:\Program Files\Android\Android Studio\jbr\bin\java.dll

Deoptimization events (0 events):
No events

Classes unloaded (0 events):
No events

Classes redefined (0 events):
No events

Internal exceptions (0 events):
No events

VM Operations (0 events):
No events

Events (0 events):
No events


Dynamic libraries:
0x00007ff6c18d0000 - 0x00007ff6c18da000 	C:\Program Files\Android\Android Studio\jbr\bin\java.exe
0x00007ffec0110000 - 0x00007ffec0324000 	C:\Windows\SYSTEM32\ntdll.dll
0x00007ffebf0e0000 - 0x00007ffebf1a2000 	C:\Windows\System32\KERNEL32.DLL
0x00007ffebd530000 - 0x00007ffebd8d3000 	C:\Windows\System32\KERNELBASE.dll
0x00007ffebdab0000 - 0x00007ffebdbc1000 	C:\Windows\System32\ucrtbase.dll
0x00007ffeab650000 - 0x00007ffeab66b000 	C:\Program Files\Android\Android Studio\jbr\bin\VCRUNTIME140.dll
0x00007ffeb6450000 - 0x00007ffeb6467000 	C:\Program Files\Android\Android Studio\jbr\bin\jli.dll
0x00007ffebf440000 - 0x00007ffebf5eb000 	C:\Windows\System32\USER32.dll
0x00007ffebd8e0000 - 0x00007ffebd906000 	C:\Windows\System32\win32u.dll
0x00007ffea51f0000 - 0x00007ffea547e000 	C:\Windows\WinSxS\amd64_microsoft.windows.common-controls_6595b64144ccf1df_6.0.22621.1635_none_270f70857386168e\COMCTL32.dll
0x00007ffebf3f0000 - 0x00007ffebf419000 	C:\Windows\System32\GDI32.dll
0x00007ffebfef0000 - 0x00007ffebff97000 	C:\Windows\System32\msvcrt.dll
0x00007ffebd990000 - 0x00007ffebdaa8000 	C:\Windows\System32\gdi32full.dll
0x00007ffebdd40000 - 0x00007ffebddda000 	C:\Windows\System32\msvcp_win.dll
0x00007ffebe710000 - 0x00007ffebe741000 	C:\Windows\System32\IMM32.DLL
0x00007ffeab5f0000 - 0x00007ffeab5fc000 	C:\Program Files\Android\Android Studio\jbr\bin\vcruntime140_1.dll
0x00007ffe96620000 - 0x00007ffe966ad000 	C:\Program Files\Android\Android Studio\jbr\bin\msvcp140.dll
0x00007ffe53c30000 - 0x00007ffe5489d000 	C:\Program Files\Android\Android Studio\jbr\bin\server\jvm.dll
0x00007ffebf5f0000 - 0x00007ffebf69e000 	C:\Windows\System32\ADVAPI32.dll
0x00007ffebf250000 - 0x00007ffebf2f4000 	C:\Windows\System32\sechost.dll
0x00007ffebe880000 - 0x00007ffebe997000 	C:\Windows\System32\RPCRT4.dll
0x00007ffeb6430000 - 0x00007ffeb6439000 	C:\Windows\SYSTEM32\WSOCK32.dll
0x00007ffeb59f0000 - 0x00007ffeb5a24000 	C:\Windows\SYSTEM32\WINMM.dll
0x00007ffeb4350000 - 0x00007ffeb435a000 	C:\Windows\SYSTEM32\VERSION.dll
0x00007ffebe800000 - 0x00007ffebe871000 	C:\Windows\System32\WS2_32.dll
0x00007ffebc540000 - 0x00007ffebc558000 	C:\Windows\SYSTEM32\kernel.appcore.dll
0x00007ffeb4260000 - 0x00007ffeb426a000 	C:\Program Files\Android\Android Studio\jbr\bin\jimage.dll
0x00007ffea2590000 - 0x00007ffea27be000 	C:\Windows\SYSTEM32\DBGHELP.DLL
0x00007ffebf960000 - 0x00007ffebfce9000 	C:\Windows\System32\combase.dll
0x00007ffebf310000 - 0x00007ffebf3e7000 	C:\Windows\System32\OLEAUT32.dll
0x00007ffea44b0000 - 0x00007ffea44e2000 	C:\Windows\SYSTEM32\dbgcore.DLL
0x00007ffebd910000 - 0x00007ffebd98b000 	C:\Windows\System32\bcryptPrimitives.dll
0x00007ffea8ef0000 - 0x00007ffea8f15000 	C:\Program Files\Android\Android Studio\jbr\bin\java.dll

dbghelp: loaded successfully - version: 4.0.5 - missing functions: none
symbol engine: initialized successfully - sym options: 0x614 - pdb path: .;C:\Program Files\Android\Android Studio\jbr\bin;C:\Windows\SYSTEM32;C:\Windows\WinSxS\amd64_microsoft.windows.common-controls_6595b64144ccf1df_6.0.22621.1635_none_270f70857386168e;C:\Program Files\Android\Android Studio\jbr\bin\server

VM Arguments:
java_command: org.jetbrains.kotlin.cli.jvm.K2JVMCompiler @D:\Krupali\ReactNativeProj\speerassessment\node_modules\@react-native\gradle-plugin\build\20230805_13097917875781590289.compiler.options
java_class_path (initial): C:\Users\deepk\.gradle\caches\modules-2\files-2.1\org.jetbrains.kotlin\kotlin-compiler-embeddable\1.7.22\1a39d9a56c9d1618300cd3444f070a5399663403\kotlin-compiler-embeddable-1.7.22.jar;C:\Users\deepk\.gradle\caches\modules-2\files-2.1\org.jetbrains.kotlin\kotlin-reflect\1.7.22\e61a16c5c838d324529a6aa72dfb88ea98958a29\kotlin-reflect-1.7.22.jar;C:\Users\deepk\.gradle\caches\modules-2\files-2.1\org.jetbrains.kotlin\kotlin-stdlib\1.7.22\9fb43bccb6cf8cfaaf3776c75f5df4f052f09b72\kotlin-stdlib-1.7.22.jar;C:\Users\deepk\.gradle\caches\modules-2\files-2.1\org.jetbrains.kotlin\kotlin-script-runtime\1.7.22\703a4d56168f3517532bc04481e3c8b751f685cb\kotlin-script-runtime-1.7.22.jar;C:\Users\deepk\.gradle\caches\modules-2\files-2.1\org.jetbrains.kotlin\kotlin-daemon-embeddable\1.7.22\a4f231458e1bb6fffbb8e1224f97d20a3ecc9c83\kotlin-daemon-embeddable-1.7.22.jar;C:\Users\deepk\.gradle\caches\modules-2\files-2.1\org.jetbrains.intellij.deps\trove4j\1.0.20200330\3afb14d5f9ceb459d724e907a21145e8ff394f02\trove4j-1.0.20200330.jar;C:\Users\deepk\.gradle\caches\modules-2\files-2.1\net.java.dev.jna\jna\5.6.0\330f2244e9030119ab3030fc3fededc86713d9cc\jna-5.6.0.jar;C:\Users\deepk\.gradle\caches\modules-2\files-2.1\org.jetbrains.kotlin\kotlin-stdlib-common\1.7.22\5dd2c9dcf64c94b46cf4bdb6fa4035b9bb726e2e\kotlin-stdlib-common-1.7.22.jar;C:\Users\deepk\.gradle\caches\modules-2\files-2.1\org.jetbrains\annotations\13.0\919f0dfe192fb4e063e7dacadee7f8bb9a2672a9\annotations-13.0.jar
Launcher Type: SUN_STANDARD

[Global flags]
     intx CICompilerCount                          = 4                                         {product} {ergonomic}
     uint ConcGCThreads                            = 2                                         {product} {ergonomic}
     uint G1ConcRefinementThreads                  = 8                                         {product} {ergonomic}
   size_t G1HeapRegionSize                         = 1048576                                   {product} {ergonomic}
    uintx GCDrainStackTargetSize                   = 64                                        {product} {ergonomic}
   size_t InitialHeapSize                          = 100663296                                 {product} {ergonomic}
   size_t MarkStackSize                            = 4194304                                   {product} {ergonomic}
   size_t MaxHeapSize                              = 1579155456                                {product} {ergonomic}
   size_t MinHeapDeltaBytes                        = 1048576                                   {product} {ergonomic}
   size_t MinHeapSize                              = 8388608                                   {product} {ergonomic}
    uintx NonNMethodCodeHeapSize                   = 5839372                                {pd product} {ergonomic}
    uintx NonProfiledCodeHeapSize                  = 122909434                              {pd product} {ergonomic}
    uintx ProfiledCodeHeapSize                     = 122909434                              {pd product} {ergonomic}
    uintx ReservedCodeCacheSize                    = 251658240                              {pd product} {ergonomic}
     bool SegmentedCodeCache                       = true                                      {product} {ergonomic}
   size_t SoftMaxHeapSize                          = 1579155456                             {manageable} {ergonomic}
     bool UseCompressedClassPointers               = true                           {product lp64_product} {ergonomic}
     bool UseCompressedOops                        = true                           {product lp64_product} {ergonomic}
     bool UseG1GC                                  = true                                      {product} {ergonomic}
     bool UseLargePagesIndividualAllocation        = false                                  {pd product} {ergonomic}

Logging:
Log output configuration:
 #0: stdout all=warning uptime,level,tags
 #1: stderr all=off uptime,level,tags

Environment Variables:
JAVA_HOME=C:\Program Files\Java\jdk-20
PATH=C:\Program Files\Common Files\Oracle\Java\javapath;C:\Program Files (x86)\VMware\VMware Workstation\bin\;C:\windows\system32;C:\windows;C:\windows\System32\Wbem;C:\windows\System32\WindowsPowerShell\v1.0\;C:\windows\System32\OpenSSH\;C:\Program Files (x86)\NVIDIA Corporation\PhysX\Common;C:\Program Files\NVIDIA Corporation\NVIDIA NvDLISR;C:\Windows\system32;C:\Windows;C:\Windows\System32\Wbem;C:\Windows\System32\WindowsPowerShell\v1.0\;C:\Windows\System32\OpenSSH\;C:\Program Files\nodejs\;C:\Users\deepk\AppData\Local\Android\sdk\platform-tools;C:\Users\deepk\AppData\Local\Microsoft\WindowsApps;C:\Users\deepk\AppData\Local\Programs\Microsoft VS Code\bin;C:\Users\deepk\AppData\Roaming\npm;C:\Users\deepk\AppData\Local\Android\sdk\platform-tools;C:\Users\deepk\AppData\Local\GitHubDesktop\bin
USERNAME=deepk
OS=Windows_NT
PROCESSOR_IDENTIFIER=AMD64 Family 23 Model 24 Stepping 1, AuthenticAMD
TMP=C:\Users\deepk\AppData\Local\Temp
TEMP=C:\Users\deepk\AppData\Local\Temp



---------------  S Y S T E M  ---------------

OS:
 Windows 11 , 64 bit Build 22621 (10.0.22621.1635)
OS uptime: 71 days 20:45 hours
Hyper-V role detected

CPU: total 8 (initial active 8) (8 cores per cpu, 2 threads per core) family 23 model 24 stepping 1 microcode 0x0, cx8, cmov, fxsr, ht, mmx, 3dnowpref, sse, sse2, sse3, ssse3, sse4a, sse4.1, sse4.2, popcnt, lzcnt, tsc, tscinvbit, avx, avx2, aes, clmul, bmi1, bmi2, adx, sha, fma, vzeroupper, clflush, clflushopt, hv

Memory: 4k page, system-wide physical 6021M (341M free)
TotalPageFile size 24453M (AvailPageFile size 45M)
current process WorkingSet (physical memory assigned to process): 10M, peak: 10M
current process commit charge ("private bytes"): 60M, peak: 156M

vm_info: OpenJDK 64-Bit Server VM (17.0.6+0-b2043.56-9586694) for windows-amd64 JRE (17.0.6+0-b2043.56-9586694), built on Feb  9 2023 20:06:20 by "androidbuild" with MS VC++ 16.10 / 16.11 (VS2019)

END.
