#
# There is insufficient memory for the Java Runtime Environment to continue.
# Native memory allocation (malloc) failed to allocate 38096 bytes for Chunk::new
# Possible reasons:
#   The system is out of physical RAM or swap space
#   The process is running with CompressedOops enabled, and the Java Heap may be blocking the growth of the native heap
# Possible solutions:
#   Reduce memory load on the system
#   Increase physical memory or swap space
#   Check if swap backing store is full
#   Decrease Java heap size (-Xmx/-Xms)
#   Decrease number of Java threads
#   Decrease Java thread stack sizes (-Xss)
#   Set larger code cache with -XX:ReservedCodeCacheSize=
#   JVM is running with Unscaled Compressed Oops mode in which the Java heap is
#     placed in the first 4GB address space. The Java Heap base address is the
#     maximum limit for the native heap growth. Please use -XX:HeapBaseMinAddress
#     to set the Java Heap base and to place the Java Heap above 4GB virtual address.
# This output file may be truncated or incomplete.
#
#  Out of Memory Error (arena.cpp:184), pid=26104, tid=28312
#
# JRE version: Java(TM) SE Runtime Environment (20.0.1+9) (build 20.0.1+9-29)
# Java VM: Java HotSpot(TM) 64-Bit Server VM (20.0.1+9-29, mixed mode, sharing, tiered, compressed oops, compressed class ptrs, g1 gc, windows-amd64)
# No core dump will be written. Minidumps are not enabled by default on client versions of Windows
#

---------------  S U M M A R Y ------------

Command Line: -XX:MaxMetaspaceSize=512m --add-opens=java.base/java.util=ALL-UNNAMED --add-opens=java.base/java.lang=ALL-UNNAMED --add-opens=java.base/java.lang.invoke=ALL-UNNAMED --add-opens=java.prefs/java.util.prefs=ALL-UNNAMED --add-opens=java.base/java.nio.charset=ALL-UNNAMED --add-opens=java.base/java.net=ALL-UNNAMED --add-opens=java.base/java.util.concurrent.atomic=ALL-UNNAMED -Xmx2048m -Dfile.encoding=UTF-8 -Duser.country=IN -Duser.language=en -Duser.variant org.gradle.launcher.daemon.bootstrap.GradleDaemon 8.0.1

Host: AMD Ryzen 5 3550H with Radeon Vega Mobile Gfx  , 8 cores, 5G,  Windows 11 , 64 bit Build 22621 (10.0.22621.1635)
Time: Sat Aug  5 11:07:11 2023 Eastern Daylight Time elapsed time: 43.668505 seconds (0d 0h 0m 43s)

---------------  T H R E A D  ---------------

Current thread (0x00000240ff6ad1e0):  JavaThread "C2 CompilerThread0" daemon [_thread_in_native, id=28312, stack(0x000000ba3b600000,0x000000ba3b700000)]


Current CompileTask:
C2:  43668 9810   !   4       java.util.concurrent.locks.AbstractQueuedSynchronizer$ConditionObject::newConditionNode (78 bytes)

Stack: [0x000000ba3b600000,0x000000ba3b700000]
Native frames: (J=compiled Java code, j=interpreted, Vv=VM code, C=native code)
V  [jvm.dll+0x6bb95a]
V  [jvm.dll+0x8485fa]
V  [jvm.dll+0x84a1f5]
V  [jvm.dll+0x84a8f3]
V  [jvm.dll+0x280b0f]
V  [jvm.dll+0xc2b11]
V  [jvm.dll+0xc2e35]
V  [jvm.dll+0x3bb142]
V  [jvm.dll+0x1e6c43]
V  [jvm.dll+0x24b3ab]
V  [jvm.dll+0x24a651]
V  [jvm.dll+0x1ce491]
V  [jvm.dll+0x259e1b]
V  [jvm.dll+0x2584f0]
V  [jvm.dll+0x3f2895]
V  [jvm.dll+0x7f4b56]
V  [jvm.dll+0x6ba5cb]
C  [ucrtbase.dll+0x29363]
C  [KERNEL32.DLL+0x126ad]
C  [ntdll.dll+0x5a9f8]


---------------  P R O C E S S  ---------------

Threads class SMR info:
_java_thread_list=0x00000240985cc020, length=134, elements={
0x00000240f3c7b130, 0x00000240ff692aa0, 0x00000240ff6945f0, 0x00000240ff698a20,
0x00000240ff699560, 0x00000240ff69beb0, 0x00000240ff69cf90, 0x00000240ff6ad1e0,
0x00000240ff6d19f0, 0x00000240ff91c970, 0x00000240ff91d6d0, 0x00000240957805c0,
0x0000024096413550, 0x000002409626e0d0, 0x00000240964e0830, 0x0000024096517070,
0x0000024096517b10, 0x0000024096519050, 0x00000240965195a0, 0x00000240965165d0,
0x0000024096516080, 0x0000024096518060, 0x0000024096516b20, 0x00000240965175c0,
0x00000240965185b0, 0x0000024096518b00, 0x0000024097db4e00, 0x0000024097db3370,
0x0000024097db3e10, 0x0000024097db38c0, 0x0000024097db4360, 0x0000024097db48b0,
0x0000024097dfdaa0, 0x0000024097dfd550, 0x0000024097dfdff0, 0x0000024097dfbac0,
0x0000024097dfc010, 0x0000024097e00a70, 0x0000024097e02a50, 0x0000024097e01510,
0x0000024097e00fc0, 0x0000024097dfffd0, 0x0000024097dfea90, 0x0000024097dfe540,
0x0000024097dfc560, 0x0000024097dfb020, 0x0000024097dffa80, 0x0000024097dfefe0,
0x0000024097dff530, 0x0000024097e01a60, 0x0000024097e01fb0, 0x0000024097e02500,
0x0000024096baf1c0, 0x0000024096bae720, 0x0000024096ba9770, 0x0000024096ba8780,
0x0000024096baec70, 0x0000024096ba7790, 0x0000024096bac740, 0x0000024096bac1f0,
0x0000024096bad1e0, 0x0000024096baacb0, 0x0000024096ba9220, 0x0000024096ba8cd0,
0x0000024096ba7ce0, 0x0000024096bab750, 0x0000024096ba8230, 0x0000024096bad730,
0x0000024096badc80, 0x0000024096ba9cc0, 0x0000024096babca0, 0x0000024099f71aa0,
0x0000024099f6f570, 0x0000024099f74520, 0x0000024099f73530, 0x0000024099f73a80,
0x0000024099f74a70, 0x0000024099f70ab0, 0x0000024099f70010, 0x0000024099f73fd0,
0x0000024099f6fac0, 0x0000024099f72a90, 0x0000024099f74fc0, 0x0000024099f75fb0,
0x0000024099f71ff0, 0x0000024099f75510, 0x0000024099f75a60, 0x0000024099f76500,
0x0000024099f72540, 0x0000024099f76a50, 0x0000024099f76fa0, 0x0000024099f70560,
0x0000024099f71550, 0x0000024099f71000, 0x0000024099f72fe0, 0x00000240ffbbc3e0,
0x00000240ffbc1390, 0x00000240ffbc2380, 0x00000240ffbbee60, 0x00000240ffbbc930,
0x00000240ffbc3370, 0x00000240ffbbf3b0, 0x00000240ffbbe3c0, 0x00000240ffbbe910,
0x00000240ffbbce80, 0x00000240ffbc18e0, 0x00000240ffbbd3d0, 0x00000240ffbbf900,
0x00000240ffbbd920, 0x00000240ffbc03a0, 0x00000240ffbbfe50, 0x00000240ffbbde70,
0x00000240ffbc1e30, 0x00000240ffbc08f0, 0x00000240ffbc3e10, 0x00000240ffbc0e40,
0x00000240ffbc28d0, 0x00000240ffbc2e20, 0x00000240974383e0, 0x0000024097437940,
0x0000024097438930, 0x0000024097437e90, 0x0000024097438e80, 0x0000024097436950,
0x0000024097435eb0, 0x00000240974393d0, 0x0000024097436400, 0x0000024097436ea0,
0x00000240974373f0, 0x000002409699da30, 0x000002409699ef70, 0x000002409699b500,
0x000002409699d4e0, 0x000002409699ff60
}

Java Threads: ( => current thread )
  0x00000240f3c7b130 JavaThread "main" [_thread_blocked, id=42688, stack(0x000000ba3a900000,0x000000ba3aa00000)]
  0x00000240ff692aa0 JavaThread "Reference Handler" daemon [_thread_blocked, id=8368, stack(0x000000ba3b000000,0x000000ba3b100000)]
  0x00000240ff6945f0 JavaThread "Finalizer" daemon [_thread_blocked, id=37500, stack(0x000000ba3b100000,0x000000ba3b200000)]
  0x00000240ff698a20 JavaThread "Signal Dispatcher" daemon [_thread_blocked, id=39392, stack(0x000000ba3b200000,0x000000ba3b300000)]
  0x00000240ff699560 JavaThread "Attach Listener" daemon [_thread_blocked, id=4952, stack(0x000000ba3b300000,0x000000ba3b400000)]
  0x00000240ff69beb0 JavaThread "Service Thread" daemon [_thread_blocked, id=13868, stack(0x000000ba3b400000,0x000000ba3b500000)]
  0x00000240ff69cf90 JavaThread "Monitor Deflation Thread" daemon [_thread_blocked, id=14472, stack(0x000000ba3b500000,0x000000ba3b600000)]
=>0x00000240ff6ad1e0 JavaThread "C2 CompilerThread0" daemon [_thread_in_native, id=28312, stack(0x000000ba3b600000,0x000000ba3b700000)]
  0x00000240ff6d19f0 JavaThread "C1 CompilerThread0" daemon [_thread_blocked, id=33428, stack(0x000000ba3b700000,0x000000ba3b800000)]
  0x00000240ff91c970 JavaThread "Common-Cleaner" daemon [_thread_blocked, id=39160, stack(0x000000ba3b800000,0x000000ba3b900000)]
  0x00000240ff91d6d0 JavaThread "Notification Thread" daemon [_thread_blocked, id=25656, stack(0x000000ba3b900000,0x000000ba3ba00000)]
  0x00000240957805c0 JavaThread "Daemon health stats" [_thread_blocked, id=7488, stack(0x000000ba3bf00000,0x000000ba3c000000)]
  0x0000024096413550 JavaThread "Incoming local TCP Connector on port 62658" [_thread_in_native, id=24120, stack(0x000000ba3c000000,0x000000ba3c100000)]
  0x000002409626e0d0 JavaThread "Daemon periodic checks" [_thread_blocked, id=35956, stack(0x000000ba3c100000,0x000000ba3c200000)]
  0x00000240964e0830 JavaThread "Daemon" [_thread_blocked, id=4784, stack(0x000000ba3c200000,0x000000ba3c300000)]
  0x0000024096517070 JavaThread "Handler for socket connection from /127.0.0.1:62658 to /127.0.0.1:62659" [_thread_in_native, id=43372, stack(0x000000ba3c300000,0x000000ba3c400000)]
  0x0000024096517b10 JavaThread "Cancel handler" [_thread_blocked, id=34012, stack(0x000000ba3c400000,0x000000ba3c500000)]
  0x0000024096519050 JavaThread "Daemon worker" [_thread_in_vm, id=28908, stack(0x000000ba3c500000,0x000000ba3c600000)]
  0x00000240965195a0 JavaThread "Asynchronous log dispatcher for DefaultDaemonConnection: socket connection from /127.0.0.1:62658 to /127.0.0.1:62659" [_thread_in_vm, id=41392, stack(0x000000ba3c600000,0x000000ba3c700000)]
  0x00000240965165d0 JavaThread "Stdin handler" [_thread_blocked, id=41476, stack(0x000000ba3c700000,0x000000ba3c800000)]
  0x0000024096516080 JavaThread "Daemon client event forwarder" [_thread_blocked, id=9288, stack(0x000000ba3c800000,0x000000ba3c900000)]
  0x0000024096518060 JavaThread "Cache worker for journal cache (C:\Users\deepk\.gradle\caches\journal-1)" [_thread_blocked, id=40428, stack(0x000000ba3c900000,0x000000ba3ca00000)]
  0x0000024096516b20 JavaThread "File lock request listener" [_thread_in_native, id=16904, stack(0x000000ba3ca00000,0x000000ba3cb00000)]
  0x00000240965175c0 JavaThread "Cache worker for file hash cache (C:\Users\deepk\.gradle\caches\8.0.1\fileHashes)" [_thread_blocked, id=32736, stack(0x000000ba3cb00000,0x000000ba3cc00000)]
  0x00000240965185b0 JavaThread "File watcher server" daemon [_thread_in_native, id=27824, stack(0x000000ba3cf00000,0x000000ba3d000000)]
  0x0000024096518b00 JavaThread "File watcher consumer" daemon [_thread_blocked, id=35868, stack(0x000000ba3d000000,0x000000ba3d100000)]
  0x0000024097db4e00 JavaThread "Cache worker for checksums cache (D:\Krupali\ReactNativeProj\speerassessment\android\.gradle\8.0.1\checksums)" [_thread_blocked, id=13992, stack(0x000000ba3d200000,0x000000ba3d300000)]
  0x0000024097db3370 JavaThread "Cache worker for cache directory md-rule (C:\Users\deepk\.gradle\caches\8.0.1\md-rule)" [_thread_blocked, id=24868, stack(0x000000ba3d300000,0x000000ba3d400000)]
  0x0000024097db3e10 JavaThread "Cache worker for file content cache (C:\Users\deepk\.gradle\caches\8.0.1\fileContent)" [_thread_blocked, id=34288, stack(0x000000ba3d400000,0x000000ba3d500000)]
  0x0000024097db38c0 JavaThread "Cache worker for file hash cache (D:\Krupali\ReactNativeProj\speerassessment\android\.gradle\8.0.1\fileHashes)" [_thread_blocked, id=20132, stack(0x000000ba3d500000,0x000000ba3d600000)]
  0x0000024097db4360 JavaThread "Cache worker for cache directory md-supplier (C:\Users\deepk\.gradle\caches\8.0.1\md-supplier)" [_thread_blocked, id=40504, stack(0x000000ba3d600000,0x000000ba3d700000)]
  0x0000024097db48b0 JavaThread "Cache worker for execution history cache (C:\Users\deepk\.gradle\caches\8.0.1\executionHistory)" [_thread_blocked, id=34800, stack(0x000000ba3d700000,0x000000ba3d800000)]
  0x0000024097dfdaa0 JavaThread "jar transforms" [_thread_blocked, id=34020, stack(0x000000ba3d800000,0x000000ba3d900000)]
  0x0000024097dfd550 JavaThread "jar transforms Thread 2" [_thread_blocked, id=43960, stack(0x000000ba3d900000,0x000000ba3da00000)]
  0x0000024097dfdff0 JavaThread "jar transforms Thread 3" [_thread_blocked, id=42860, stack(0x000000ba3da00000,0x000000ba3db00000)]
  0x0000024097dfbac0 JavaThread "jar transforms Thread 4" [_thread_blocked, id=34556, stack(0x000000ba3db00000,0x000000ba3dc00000)]
  0x0000024097dfc010 JavaThread "Cache worker for kotlin-dsl (C:\Users\deepk\.gradle\caches\8.0.1\kotlin-dsl)" [_thread_blocked, id=36540, stack(0x000000ba3dd00000,0x000000ba3de00000)]
  0x0000024097e00a70 JavaThread "jar transforms Thread 5" [_thread_blocked, id=22316, stack(0x000000ba3df00000,0x000000ba3e000000)]
  0x0000024097e02a50 JavaThread "jar transforms Thread 6" [_thread_blocked, id=38052, stack(0x000000ba3e000000,0x000000ba3e100000)]
  0x0000024097e01510 JavaThread "Cache worker for dependencies-accessors (D:\Krupali\ReactNativeProj\speerassessment\android\.gradle\8.0.1\dependencies-accessors)" [_thread_blocked, id=42352, stack(0x000000ba3e100000,0x000000ba3e200000)]
  0x0000024097e00fc0 JavaThread "Cache worker for Build Output Cleanup Cache (D:\Krupali\ReactNativeProj\speerassessment\node_modules\@react-native\gradle-plugin\.gradle\buildOutputCleanup)" [_thread_blocked, id=29420, stack(0x000000ba3de00000,0x000000ba3df00000)]
  0x0000024097dfffd0 JavaThread "jar transforms Thread 7" [_thread_blocked, id=31828, stack(0x000000ba3dc00000,0x000000ba3dd00000)]
  0x0000024097dfea90 JavaThread "Unconstrained build operations" [_thread_blocked, id=22984, stack(0x000000ba3e300000,0x000000ba3e400000)]
  0x0000024097dfe540 JavaThread "Unconstrained build operations Thread 2" [_thread_blocked, id=13940, stack(0x000000ba3e400000,0x000000ba3e500000)]
  0x0000024097dfc560 JavaThread "Unconstrained build operations Thread 3" [_thread_blocked, id=36472, stack(0x000000ba3e500000,0x000000ba3e600000)]
  0x0000024097dfb020 JavaThread "Unconstrained build operations Thread 4" [_thread_blocked, id=39024, stack(0x000000ba3e600000,0x000000ba3e700000)]
  0x0000024097dffa80 JavaThread "Unconstrained build operations Thread 5" [_thread_blocked, id=24640, stack(0x000000ba3e700000,0x000000ba3e800000)]
  0x0000024097dfefe0 JavaThread "Unconstrained build operations Thread 6" [_thread_blocked, id=38504, stack(0x000000ba3e800000,0x000000ba3e900000)]
  0x0000024097dff530 JavaThread "Unconstrained build operations Thread 7" [_thread_blocked, id=35220, stack(0x000000ba3e900000,0x000000ba3ea00000)]
  0x0000024097e01a60 JavaThread "Unconstrained build operations Thread 8" [_thread_blocked, id=31500, stack(0x000000ba3ea00000,0x000000ba3eb00000)]
  0x0000024097e01fb0 JavaThread "Unconstrained build operations Thread 9" [_thread_blocked, id=29216, stack(0x000000ba3eb00000,0x000000ba3ec00000)]
  0x0000024097e02500 JavaThread "Unconstrained build operations Thread 10" [_thread_blocked, id=43192, stack(0x000000ba3ec00000,0x000000ba3ed00000)]
  0x0000024096baf1c0 JavaThread "Unconstrained build operations Thread 11" [_thread_blocked, id=23532, stack(0x000000ba3ed00000,0x000000ba3ee00000)]
  0x0000024096bae720 JavaThread "Unconstrained build operations Thread 12" [_thread_blocked, id=13144, stack(0x000000ba3ee00000,0x000000ba3ef00000)]
  0x0000024096ba9770 JavaThread "Unconstrained build operations Thread 13" [_thread_blocked, id=34692, stack(0x000000ba3ef00000,0x000000ba3f000000)]
  0x0000024096ba8780 JavaThread "Unconstrained build operations Thread 14" [_thread_blocked, id=17940, stack(0x000000ba3f000000,0x000000ba3f100000)]
  0x0000024096baec70 JavaThread "Unconstrained build operations Thread 15" [_thread_blocked, id=2740, stack(0x000000ba3f100000,0x000000ba3f200000)]
  0x0000024096ba7790 JavaThread "Unconstrained build operations Thread 16" [_thread_blocked, id=9248, stack(0x000000ba3f200000,0x000000ba3f300000)]
  0x0000024096bac740 JavaThread "Unconstrained build operations Thread 17" [_thread_blocked, id=40340, stack(0x000000ba3f300000,0x000000ba3f400000)]
  0x0000024096bac1f0 JavaThread "Unconstrained build operations Thread 18" [_thread_blocked, id=22212, stack(0x000000ba3f400000,0x000000ba3f500000)]
  0x0000024096bad1e0 JavaThread "Unconstrained build operations Thread 19" [_thread_blocked, id=43884, stack(0x000000ba3f500000,0x000000ba3f600000)]
  0x0000024096baacb0 JavaThread "Unconstrained build operations Thread 20" [_thread_blocked, id=43812, stack(0x000000ba3f600000,0x000000ba3f700000)]
  0x0000024096ba9220 JavaThread "Unconstrained build operations Thread 21" [_thread_blocked, id=43816, stack(0x000000ba3f700000,0x000000ba3f800000)]
  0x0000024096ba8cd0 JavaThread "Unconstrained build operations Thread 22" [_thread_blocked, id=18288, stack(0x000000ba3f800000,0x000000ba3f900000)]
  0x0000024096ba7ce0 JavaThread "Unconstrained build operations Thread 23" [_thread_blocked, id=36452, stack(0x000000ba3f900000,0x000000ba3fa00000)]
  0x0000024096bab750 JavaThread "Unconstrained build operations Thread 24" [_thread_blocked, id=40044, stack(0x000000ba3fa00000,0x000000ba3fb00000)]
  0x0000024096ba8230 JavaThread "Unconstrained build operations Thread 25" [_thread_blocked, id=36840, stack(0x000000ba3fb00000,0x000000ba3fc00000)]
  0x0000024096bad730 JavaThread "Unconstrained build operations Thread 26" [_thread_blocked, id=4860, stack(0x000000ba3fc00000,0x000000ba3fd00000)]
  0x0000024096badc80 JavaThread "jar transforms Thread 8" [_thread_blocked, id=5328, stack(0x000000ba3fd00000,0x000000ba3fe00000)]
  0x0000024096ba9cc0 JavaThread "Memory manager" [_thread_blocked, id=41948, stack(0x000000ba3ff00000,0x000000ba40000000)]
  0x0000024096babca0 JavaThread "Cache worker for Build Output Cleanup Cache (D:\Krupali\ReactNativeProj\speerassessment\android\.gradle\buildOutputCleanup)" [_thread_blocked, id=39348, stack(0x000000ba40100000,0x000000ba40200000)]
  0x0000024099f71aa0 JavaThread "included builds" [_thread_blocked, id=40432, stack(0x000000ba40300000,0x000000ba40400000)]
  0x0000024099f6f570 JavaThread "Execution worker" [_thread_blocked, id=36420, stack(0x000000ba40400000,0x000000ba40500000)]
  0x0000024099f74520 JavaThread "Execution worker Thread 2" [_thread_blocked, id=43208, stack(0x000000ba40500000,0x000000ba40600000)]
  0x0000024099f73530 JavaThread "Execution worker Thread 3" [_thread_blocked, id=43676, stack(0x000000ba40600000,0x000000ba40700000)]
  0x0000024099f73a80 JavaThread "Execution worker Thread 4" [_thread_blocked, id=6448, stack(0x000000ba40700000,0x000000ba40800000)]
  0x0000024099f74a70 JavaThread "Execution worker Thread 5" [_thread_blocked, id=1800, stack(0x000000ba40800000,0x000000ba40900000)]
  0x0000024099f70ab0 JavaThread "Execution worker Thread 6" [_thread_blocked, id=38344, stack(0x000000ba40900000,0x000000ba40a00000)]
  0x0000024099f70010 JavaThread "Execution worker Thread 7" [_thread_blocked, id=3112, stack(0x000000ba40a00000,0x000000ba40b00000)]
  0x0000024099f73fd0 JavaThread "Cache worker for execution history cache (D:\Krupali\ReactNativeProj\speerassessment\node_modules\@react-native\gradle-plugin\.gradle\8.0.1\executionHistory)" [_thread_blocked, id=13864, stack(0x000000ba40b00000,0x000000ba40c00000)]
  0x0000024099f6fac0 JavaThread "Unconstrained build operations Thread 27" [_thread_blocked, id=29172, stack(0x000000ba40200000,0x000000ba40300000)]
  0x0000024099f72a90 JavaThread "Unconstrained build operations Thread 28" [_thread_blocked, id=42828, stack(0x000000ba40c00000,0x000000ba40d00000)]
  0x0000024099f74fc0 JavaThread "Unconstrained build operations Thread 29" [_thread_blocked, id=41844, stack(0x000000ba40d00000,0x000000ba40e00000)]
  0x0000024099f75fb0 JavaThread "Unconstrained build operations Thread 30" [_thread_blocked, id=26096, stack(0x000000ba40e00000,0x000000ba40f00000)]
  0x0000024099f71ff0 JavaThread "Unconstrained build operations Thread 31" [_thread_blocked, id=42344, stack(0x000000ba40f00000,0x000000ba41000000)]
  0x0000024099f75510 JavaThread "Unconstrained build operations Thread 32" [_thread_blocked, id=41484, stack(0x000000ba41000000,0x000000ba41100000)]
  0x0000024099f75a60 JavaThread "Unconstrained build operations Thread 33" [_thread_blocked, id=32572, stack(0x000000ba41100000,0x000000ba41200000)]
  0x0000024099f76500 JavaThread "Unconstrained build operations Thread 34" [_thread_blocked, id=9908, stack(0x000000ba41200000,0x000000ba41300000)]
  0x0000024099f72540 JavaThread "Unconstrained build operations Thread 35" [_thread_blocked, id=40168, stack(0x000000ba41300000,0x000000ba41400000)]
  0x0000024099f76a50 JavaThread "Unconstrained build operations Thread 36" [_thread_blocked, id=11252, stack(0x000000ba41400000,0x000000ba41500000)]
  0x0000024099f76fa0 JavaThread "Unconstrained build operations Thread 37" [_thread_blocked, id=1772, stack(0x000000ba41500000,0x000000ba41600000)]
  0x0000024099f70560 JavaThread "Unconstrained build operations Thread 38" [_thread_blocked, id=38412, stack(0x000000ba41600000,0x000000ba41700000)]
  0x0000024099f71550 JavaThread "Unconstrained build operations Thread 39" [_thread_blocked, id=36100, stack(0x000000ba41700000,0x000000ba41800000)]
  0x0000024099f71000 JavaThread "Unconstrained build operations Thread 40" [_thread_blocked, id=43520, stack(0x000000ba41800000,0x000000ba41900000)]
  0x0000024099f72fe0 JavaThread "Unconstrained build operations Thread 41" [_thread_blocked, id=16224, stack(0x000000ba41900000,0x000000ba41a00000)]
  0x00000240ffbbc3e0 JavaThread "Unconstrained build operations Thread 42" [_thread_blocked, id=43392, stack(0x000000ba41a00000,0x000000ba41b00000)]
  0x00000240ffbc1390 JavaThread "Unconstrained build operations Thread 43" [_thread_blocked, id=15292, stack(0x000000ba41b00000,0x000000ba41c00000)]
  0x00000240ffbc2380 JavaThread "Unconstrained build operations Thread 44" [_thread_blocked, id=41928, stack(0x000000ba41c00000,0x000000ba41d00000)]
  0x00000240ffbbee60 JavaThread "Unconstrained build operations Thread 45" [_thread_blocked, id=28148, stack(0x000000ba41d00000,0x000000ba41e00000)]
  0x00000240ffbbc930 JavaThread "Unconstrained build operations Thread 46" [_thread_blocked, id=39212, stack(0x000000ba41e00000,0x000000ba41f00000)]
  0x00000240ffbc3370 JavaThread "Unconstrained build operations Thread 47" [_thread_blocked, id=23124, stack(0x000000ba41f00000,0x000000ba42000000)]
  0x00000240ffbbf3b0 JavaThread "Unconstrained build operations Thread 48" [_thread_blocked, id=19112, stack(0x000000ba42000000,0x000000ba42100000)]
  0x00000240ffbbe3c0 JavaThread "Unconstrained build operations Thread 49" [_thread_blocked, id=39492, stack(0x000000ba42100000,0x000000ba42200000)]
  0x00000240ffbbe910 JavaThread "Unconstrained build operations Thread 50" [_thread_blocked, id=11508, stack(0x000000ba42200000,0x000000ba42300000)]
  0x00000240ffbbce80 JavaThread "Unconstrained build operations Thread 51" [_thread_blocked, id=39180, stack(0x000000ba42300000,0x000000ba42400000)]
  0x00000240ffbc18e0 JavaThread "Unconstrained build operations Thread 52" [_thread_blocked, id=41840, stack(0x000000ba42500000,0x000000ba42600000)]
  0x00000240ffbbd3d0 JavaThread "Unconstrained build operations Thread 53" [_thread_blocked, id=36344, stack(0x000000ba42600000,0x000000ba42700000)]
  0x00000240ffbbf900 JavaThread "Unconstrained build operations Thread 54" [_thread_blocked, id=12216, stack(0x000000ba42700000,0x000000ba42800000)]
  0x00000240ffbbd920 JavaThread "Unconstrained build operations Thread 55" [_thread_blocked, id=41892, stack(0x000000ba42800000,0x000000ba42900000)]
  0x00000240ffbc03a0 JavaThread "Unconstrained build operations Thread 56" [_thread_blocked, id=42068, stack(0x000000ba42900000,0x000000ba42a00000)]
  0x00000240ffbbfe50 JavaThread "Unconstrained build operations Thread 57" [_thread_blocked, id=38440, stack(0x000000ba42a00000,0x000000ba42b00000)]
  0x00000240ffbbde70 JavaThread "Unconstrained build operations Thread 58" [_thread_blocked, id=41896, stack(0x000000ba42b00000,0x000000ba42c00000)]
  0x00000240ffbc1e30 JavaThread "Unconstrained build operations Thread 59" [_thread_blocked, id=30188, stack(0x000000ba42c00000,0x000000ba42d00000)]
  0x00000240ffbc08f0 JavaThread "Unconstrained build operations Thread 60" [_thread_blocked, id=15068, stack(0x000000ba42d00000,0x000000ba42e00000)]
  0x00000240ffbc3e10 JavaThread "Unconstrained build operations Thread 61" [_thread_blocked, id=25680, stack(0x000000ba42e00000,0x000000ba42f00000)]
  0x00000240ffbc0e40 JavaThread "Unconstrained build operations Thread 62" [_thread_blocked, id=20616, stack(0x000000ba42f00000,0x000000ba43000000)]
  0x00000240ffbc28d0 JavaThread "Unconstrained build operations Thread 63" [_thread_blocked, id=6316, stack(0x000000ba43000000,0x000000ba43100000)]
  0x00000240ffbc2e20 JavaThread "Unconstrained build operations Thread 64" [_thread_blocked, id=29680, stack(0x000000ba43100000,0x000000ba43200000)]
  0x00000240974383e0 JavaThread "Unconstrained build operations Thread 65" [_thread_blocked, id=38184, stack(0x000000ba43200000,0x000000ba43300000)]
  0x0000024097437940 JavaThread "Unconstrained build operations Thread 66" [_thread_blocked, id=35620, stack(0x000000ba43300000,0x000000ba43400000)]
  0x0000024097438930 JavaThread "Unconstrained build operations Thread 67" [_thread_blocked, id=41284, stack(0x000000ba43400000,0x000000ba43500000)]
  0x0000024097437e90 JavaThread "Unconstrained build operations Thread 68" [_thread_blocked, id=34088, stack(0x000000ba43500000,0x000000ba43600000)]
  0x0000024097438e80 JavaThread "Unconstrained build operations Thread 69" [_thread_blocked, id=11492, stack(0x000000ba43600000,0x000000ba43700000)]
  0x0000024097436950 JavaThread "Unconstrained build operations Thread 70" [_thread_blocked, id=23224, stack(0x000000ba43700000,0x000000ba43800000)]
  0x0000024097435eb0 JavaThread "Unconstrained build operations Thread 71" [_thread_blocked, id=28008, stack(0x000000ba43800000,0x000000ba43900000)]
  0x00000240974393d0 JavaThread "Unconstrained build operations Thread 72" [_thread_blocked, id=16412, stack(0x000000ba43900000,0x000000ba43a00000)]
  0x0000024097436400 JavaThread "Unconstrained build operations Thread 73" [_thread_blocked, id=8200, stack(0x000000ba43a00000,0x000000ba43b00000)]
  0x0000024097436ea0 JavaThread "Unconstrained build operations Thread 74" [_thread_blocked, id=41216, stack(0x000000ba43b00000,0x000000ba43c00000)]
  0x00000240974373f0 JavaThread "Unconstrained build operations Thread 75" [_thread_blocked, id=41644, stack(0x000000ba43c00000,0x000000ba43d00000)]
  0x000002409699da30 JavaThread "Unconstrained build operations Thread 76" [_thread_blocked, id=29272, stack(0x000000ba43d00000,0x000000ba43e00000)]
  0x000002409699ef70 JavaThread "Unconstrained build operations Thread 77" [_thread_blocked, id=15460, stack(0x000000ba43e00000,0x000000ba43f00000)]
  0x000002409699b500 JavaThread "Unconstrained build operations Thread 78" [_thread_blocked, id=40560, stack(0x000000ba43f00000,0x000000ba44000000)]
  0x000002409699d4e0 JavaThread "Unconstrained build operations Thread 79" [_thread_blocked, id=33780, stack(0x000000ba44000000,0x000000ba44100000)]
  0x000002409699ff60 JavaThread "Unconstrained build operations Thread 80" [_thread_blocked, id=20896, stack(0x000000ba44100000,0x000000ba44200000)]

Other Threads:
  0x00000240ff66f820 VMThread "VM Thread" [stack: 0x000000ba3af00000,0x000000ba3b000000] [id=10424]
  0x00000240ff921a60 WatcherThread "VM Periodic Task Thread" [stack: 0x000000ba3ba00000,0x000000ba3bb00000] [id=2336]
  0x00000240f3cdac60 WorkerThread "GC Thread#0" [stack: 0x000000ba3aa00000,0x000000ba3ab00000] [id=14164]
  0x00000240956a7760 WorkerThread "GC Thread#1" [stack: 0x000000ba3bb00000,0x000000ba3bc00000] [id=42420]
  0x0000024095605600 WorkerThread "GC Thread#2" [stack: 0x000000ba3bc00000,0x000000ba3bd00000] [id=43224]
  0x00000240956058d0 WorkerThread "GC Thread#3" [stack: 0x000000ba3bd00000,0x000000ba3be00000] [id=4060]
  0x0000024095d30660 WorkerThread "GC Thread#4" [stack: 0x000000ba3be00000,0x000000ba3bf00000] [id=38092]
  0x0000024095d311a0 WorkerThread "GC Thread#5" [stack: 0x000000ba3cc00000,0x000000ba3cd00000] [id=32916]
  0x0000024095d31ce0 WorkerThread "GC Thread#6" [stack: 0x000000ba3cd00000,0x000000ba3ce00000] [id=15108]
  0x0000024095d31740 WorkerThread "GC Thread#7" [stack: 0x000000ba3ce00000,0x000000ba3cf00000] [id=39992]
  0x00000240f3cebe70 ConcurrentGCThread "G1 Main Marker" [stack: 0x000000ba3ab00000,0x000000ba3ac00000] [id=5508]
  0x00000240f3ced040 WorkerThread "G1 Conc#0" [stack: 0x000000ba3ac00000,0x000000ba3ad00000] [id=36096]
  0x00000240ff9fbd80 WorkerThread "G1 Conc#1" [stack: 0x000000ba3d100000,0x000000ba3d200000] [id=8800]
  0x00000240ff52f1e0 ConcurrentGCThread "G1 Refine#0" [stack: 0x000000ba3ad00000,0x000000ba3ae00000] [id=5100]
  0x00000240ff530a40 ConcurrentGCThread "G1 Service" [stack: 0x000000ba3ae00000,0x000000ba3af00000] [id=21772]

Threads with active compile tasks:
C2 CompilerThread0    43737 9810   !   4       java.util.concurrent.locks.AbstractQueuedSynchronizer$ConditionObject::newConditionNode (78 bytes)
C2 CompilerThread1    43737 9814       4       org.gradle.internal.logging.text.AbstractLineChoppingStyledTextOutput::doAppend (43 bytes)

VM state: not at safepoint (normal execution)

VM Mutex/Monitor currently owned by a thread: None

Heap address: 0x0000000080000000, size: 2048 MB, Compressed Oops mode: 32-bit

CDS archive(s) mapped at: [0x0000000800000000-0x0000000800c60000-0x0000000800c60000), size 12976128, SharedBaseAddress: 0x0000000800000000, ArchiveRelocationMode: 0.
Compressed class space mapped at: 0x0000000801000000-0x000000081ac00000, reserved size: 432013312
Narrow klass base: 0x0000000800000000, Narrow klass shift: 0, Narrow klass range: 0x100000000

GC Precious Log:
 CardTable entry size: 512
 Card Set container configuration: InlinePtr #cards 5 size 8 Array Of Cards #cards 12 size 40 Howl #buckets 4 coarsen threshold 1843 Howl Bitmap #cards 512 size 80 coarsen threshold 460 Card regions per heap region 1 cards per card region 2048
 CPUs: 8 total, 8 available
 Memory: 6021M
 Large Page Support: Disabled
 NUMA Support: Disabled
 Compressed Oops: Enabled (32-bit)
 Heap Region Size: 1M
 Heap Min Capacity: 8M
 Heap Initial Capacity: 96M
 Heap Max Capacity: 2G
 Pre-touch: Disabled
 Parallel Workers: 8
 Concurrent Workers: 2
 Concurrent Refinement Workers: 8
 Periodic GC: Disabled

Heap:
 garbage-first heap   total 137216K, used 94980K [0x0000000080000000, 0x0000000100000000)
  region size 1024K, 20 young (20480K), 3 survivors (3072K)
 Metaspace       used 77062K, committed 79168K, reserved 552960K
  class space    used 10591K, committed 11648K, reserved 421888K

Heap Regions: E=young(eden), S=young(survivor), O=old, HS=humongous(starts), HC=humongous(continues), CS=collection set, F=free, OA=open archive, CA=closed archive, TAMS=top-at-mark-start, PB=parsable bottom
|   0|0x0000000080000000, 0x0000000080100000, 0x0000000080100000|100%|HS|  |TAMS 0x0000000080000000| PB 0x0000000080000000| Complete 
|   1|0x0000000080100000, 0x0000000080200000, 0x0000000080200000|100%|HC|  |TAMS 0x0000000080100000| PB 0x0000000080100000| Complete 
|   2|0x0000000080200000, 0x0000000080300000, 0x0000000080300000|100%|HC|  |TAMS 0x0000000080200000| PB 0x0000000080200000| Complete 
|   3|0x0000000080300000, 0x0000000080400000, 0x0000000080400000|100%|HC|  |TAMS 0x0000000080300000| PB 0x0000000080300000| Complete 
|   4|0x0000000080400000, 0x0000000080500000, 0x0000000080500000|100%| O|  |TAMS 0x0000000080400000| PB 0x0000000080400000| Untracked 
|   5|0x0000000080500000, 0x0000000080600000, 0x0000000080600000|100%| O|  |TAMS 0x0000000080500000| PB 0x0000000080500000| Untracked 
|   6|0x0000000080600000, 0x0000000080700000, 0x0000000080700000|100%| O|  |TAMS 0x0000000080600000| PB 0x0000000080600000| Untracked 
|   7|0x0000000080700000, 0x0000000080800000, 0x0000000080800000|100%| O|  |TAMS 0x0000000080700000| PB 0x0000000080700000| Untracked 
|   8|0x0000000080800000, 0x0000000080900000, 0x0000000080900000|100%| O|  |TAMS 0x0000000080800000| PB 0x0000000080800000| Untracked 
|   9|0x0000000080900000, 0x0000000080a00000, 0x0000000080a00000|100%| O|  |TAMS 0x0000000080900000| PB 0x0000000080900000| Untracked 
|  10|0x0000000080a00000, 0x0000000080b00000, 0x0000000080b00000|100%| O|  |TAMS 0x0000000080a00000| PB 0x0000000080a00000| Untracked 
|  11|0x0000000080b00000, 0x0000000080c00000, 0x0000000080c00000|100%| O|  |TAMS 0x0000000080b00000| PB 0x0000000080b00000| Untracked 
|  12|0x0000000080c00000, 0x0000000080d00000, 0x0000000080d00000|100%| O|  |TAMS 0x0000000080c00000| PB 0x0000000080c00000| Untracked 
|  13|0x0000000080d00000, 0x0000000080e00000, 0x0000000080e00000|100%| O|  |TAMS 0x0000000080d00000| PB 0x0000000080d00000| Untracked 
|  14|0x0000000080e00000, 0x0000000080f00000, 0x0000000080f00000|100%| O|  |TAMS 0x0000000080e00000| PB 0x0000000080e00000| Untracked 
|  15|0x0000000080f00000, 0x0000000081000000, 0x0000000081000000|100%| O|  |TAMS 0x0000000080f00000| PB 0x0000000080f00000| Untracked 
|  16|0x0000000081000000, 0x0000000081100000, 0x0000000081100000|100%| O|  |TAMS 0x0000000081000000| PB 0x0000000081000000| Untracked 
|  17|0x0000000081100000, 0x0000000081200000, 0x0000000081200000|100%| O|  |TAMS 0x0000000081100000| PB 0x0000000081100000| Untracked 
|  18|0x0000000081200000, 0x0000000081300000, 0x0000000081300000|100%| O|  |TAMS 0x0000000081200000| PB 0x0000000081200000| Untracked 
|  19|0x0000000081300000, 0x0000000081400000, 0x0000000081400000|100%| O|  |TAMS 0x0000000081300000| PB 0x0000000081300000| Untracked 
|  20|0x0000000081400000, 0x0000000081500000, 0x0000000081500000|100%| O|  |TAMS 0x0000000081400000| PB 0x0000000081400000| Untracked 
|  21|0x0000000081500000, 0x0000000081600000, 0x0000000081600000|100%| O|  |TAMS 0x0000000081500000| PB 0x0000000081500000| Untracked 
|  22|0x0000000081600000, 0x0000000081700000, 0x0000000081700000|100%| O|  |TAMS 0x0000000081600000| PB 0x0000000081600000| Untracked 
|  23|0x0000000081700000, 0x0000000081800000, 0x0000000081800000|100%| O|  |TAMS 0x0000000081700000| PB 0x0000000081700000| Untracked 
|  24|0x0000000081800000, 0x0000000081900000, 0x0000000081900000|100%| O|  |TAMS 0x0000000081800000| PB 0x0000000081800000| Untracked 
|  25|0x0000000081900000, 0x0000000081a00000, 0x0000000081a00000|100%| O|  |TAMS 0x0000000081900000| PB 0x0000000081900000| Untracked 
|  26|0x0000000081a00000, 0x0000000081b00000, 0x0000000081b00000|100%| O|  |TAMS 0x0000000081a00000| PB 0x0000000081a00000| Untracked 
|  27|0x0000000081b00000, 0x0000000081c00000, 0x0000000081c00000|100%| O|  |TAMS 0x0000000081b00000| PB 0x0000000081b00000| Untracked 
|  28|0x0000000081c00000, 0x0000000081d00000, 0x0000000081d00000|100%| O|  |TAMS 0x0000000081c00000| PB 0x0000000081c00000| Untracked 
|  29|0x0000000081d00000, 0x0000000081e00000, 0x0000000081e00000|100%| O|  |TAMS 0x0000000081d00000| PB 0x0000000081d00000| Untracked 
|  30|0x0000000081e00000, 0x0000000081f00000, 0x0000000081f00000|100%| O|  |TAMS 0x0000000081e00000| PB 0x0000000081e00000| Untracked 
|  31|0x0000000081f00000, 0x0000000082000000, 0x0000000082000000|100%| O|  |TAMS 0x0000000081f00000| PB 0x0000000081f00000| Untracked 
|  32|0x0000000082000000, 0x0000000082100000, 0x0000000082100000|100%| O|  |TAMS 0x0000000082000000| PB 0x0000000082000000| Untracked 
|  33|0x0000000082100000, 0x0000000082200000, 0x0000000082200000|100%|HS|  |TAMS 0x0000000082100000| PB 0x0000000082100000| Complete 
|  34|0x0000000082200000, 0x0000000082300000, 0x0000000082300000|100%|HC|  |TAMS 0x0000000082200000| PB 0x0000000082200000| Complete 
|  35|0x0000000082300000, 0x0000000082400000, 0x0000000082400000|100%| O|  |TAMS 0x0000000082300000| PB 0x0000000082300000| Untracked 
|  36|0x0000000082400000, 0x0000000082500000, 0x0000000082500000|100%| O|  |TAMS 0x0000000082400000| PB 0x0000000082400000| Untracked 
|  37|0x0000000082500000, 0x0000000082600000, 0x0000000082600000|100%|HS|  |TAMS 0x0000000082500000| PB 0x0000000082500000| Complete 
|  38|0x0000000082600000, 0x0000000082700000, 0x0000000082700000|100%|HC|  |TAMS 0x0000000082600000| PB 0x0000000082600000| Complete 
|  39|0x0000000082700000, 0x0000000082800000, 0x0000000082800000|100%|HC|  |TAMS 0x0000000082700000| PB 0x0000000082700000| Complete 
|  40|0x0000000082800000, 0x0000000082900000, 0x0000000082900000|100%|HC|  |TAMS 0x0000000082800000| PB 0x0000000082800000| Complete 
|  41|0x0000000082900000, 0x0000000082a00000, 0x0000000082a00000|100%| O|  |TAMS 0x0000000082900000| PB 0x0000000082900000| Untracked 
|  42|0x0000000082a00000, 0x0000000082b00000, 0x0000000082b00000|100%| O|  |TAMS 0x0000000082a00000| PB 0x0000000082a00000| Untracked 
|  43|0x0000000082b00000, 0x0000000082c00000, 0x0000000082c00000|100%| O|  |TAMS 0x0000000082b00000| PB 0x0000000082b00000| Untracked 
|  44|0x0000000082c00000, 0x0000000082d00000, 0x0000000082d00000|100%| O|  |TAMS 0x0000000082c00000| PB 0x0000000082c00000| Untracked 
|  45|0x0000000082d00000, 0x0000000082e00000, 0x0000000082e00000|100%| O|  |TAMS 0x0000000082d00000| PB 0x0000000082d00000| Untracked 
|  46|0x0000000082e00000, 0x0000000082f00000, 0x0000000082f00000|100%| O|  |TAMS 0x0000000082e00000| PB 0x0000000082e00000| Untracked 
|  47|0x0000000082f00000, 0x0000000083000000, 0x0000000083000000|100%| O|  |TAMS 0x0000000082f00000| PB 0x0000000082f00000| Untracked 
|  48|0x0000000083000000, 0x0000000083100000, 0x0000000083100000|100%| O|  |TAMS 0x0000000083000000| PB 0x0000000083000000| Untracked 
|  49|0x0000000083100000, 0x0000000083200000, 0x0000000083200000|100%| O|  |TAMS 0x0000000083100000| PB 0x0000000083100000| Untracked 
|  50|0x0000000083200000, 0x0000000083300000, 0x0000000083300000|100%| O|  |TAMS 0x0000000083200000| PB 0x0000000083200000| Untracked 
|  51|0x0000000083300000, 0x0000000083400000, 0x0000000083400000|100%| O|  |TAMS 0x0000000083300000| PB 0x0000000083300000| Untracked 
|  52|0x0000000083400000, 0x0000000083500000, 0x0000000083500000|100%| O|  |TAMS 0x0000000083400000| PB 0x0000000083400000| Untracked 
|  53|0x0000000083500000, 0x0000000083600000, 0x0000000083600000|100%| O|  |TAMS 0x0000000083500000| PB 0x0000000083500000| Untracked 
|  54|0x0000000083600000, 0x0000000083700000, 0x0000000083700000|100%| O|  |TAMS 0x0000000083600000| PB 0x0000000083600000| Untracked 
|  55|0x0000000083700000, 0x0000000083800000, 0x0000000083800000|100%| O|  |TAMS 0x0000000083700000| PB 0x0000000083700000| Untracked 
|  56|0x0000000083800000, 0x0000000083900000, 0x0000000083900000|100%| O|  |TAMS 0x0000000083800000| PB 0x0000000083800000| Untracked 
|  57|0x0000000083900000, 0x0000000083a00000, 0x0000000083a00000|100%| O|  |TAMS 0x0000000083900000| PB 0x0000000083900000| Untracked 
|  58|0x0000000083a00000, 0x0000000083b00000, 0x0000000083b00000|100%| O|  |TAMS 0x0000000083a00000| PB 0x0000000083a00000| Untracked 
|  59|0x0000000083b00000, 0x0000000083c00000, 0x0000000083c00000|100%| O|  |TAMS 0x0000000083b00000| PB 0x0000000083b00000| Complete 
|  60|0x0000000083c00000, 0x0000000083d00000, 0x0000000083d00000|100%|HS|  |TAMS 0x0000000083c00000| PB 0x0000000083c00000| Complete 
|  61|0x0000000083d00000, 0x0000000083e00000, 0x0000000083e00000|100%|HS|  |TAMS 0x0000000083d00000| PB 0x0000000083d00000| Complete 
|  62|0x0000000083e00000, 0x0000000083f00000, 0x0000000083f00000|100%| O|  |TAMS 0x0000000083e00000| PB 0x0000000083e00000| Untracked 
|  63|0x0000000083f00000, 0x0000000084000000, 0x0000000084000000|100%| O|  |TAMS 0x0000000083f00000| PB 0x0000000083f00000| Untracked 
|  64|0x0000000084000000, 0x0000000084100000, 0x0000000084100000|100%| O|  |TAMS 0x0000000084000000| PB 0x0000000084000000| Untracked 
|  65|0x0000000084100000, 0x0000000084200000, 0x0000000084200000|100%| O|  |TAMS 0x0000000084100000| PB 0x0000000084100000| Untracked 
|  66|0x0000000084200000, 0x0000000084200000, 0x0000000084300000|  0%| F|  |TAMS 0x0000000084200000| PB 0x0000000084200000| Untracked 
|  67|0x0000000084300000, 0x0000000084400000, 0x0000000084400000|100%| O|  |TAMS 0x0000000084300000| PB 0x0000000084300000| Untracked 
|  68|0x0000000084400000, 0x0000000084478e00, 0x0000000084500000| 47%| O|  |TAMS 0x0000000084400000| PB 0x0000000084400000| Untracked 
|  69|0x0000000084500000, 0x0000000084600000, 0x0000000084600000|100%| O|  |TAMS 0x0000000084500000| PB 0x0000000084500000| Untracked 
|  70|0x0000000084600000, 0x0000000084600000, 0x0000000084700000|  0%| F|  |TAMS 0x0000000084600000| PB 0x0000000084600000| Untracked 
|  71|0x0000000084700000, 0x0000000084700000, 0x0000000084800000|  0%| F|  |TAMS 0x0000000084700000| PB 0x0000000084700000| Untracked 
|  72|0x0000000084800000, 0x0000000084800000, 0x0000000084900000|  0%| F|  |TAMS 0x0000000084800000| PB 0x0000000084800000| Untracked 
|  73|0x0000000084900000, 0x0000000084900000, 0x0000000084a00000|  0%| F|  |TAMS 0x0000000084900000| PB 0x0000000084900000| Untracked 
|  74|0x0000000084a00000, 0x0000000084a00000, 0x0000000084b00000|  0%| F|  |TAMS 0x0000000084a00000| PB 0x0000000084a00000| Untracked 
|  75|0x0000000084b00000, 0x0000000084c00000, 0x0000000084c00000|100%| O|  |TAMS 0x0000000084b00000| PB 0x0000000084b00000| Untracked 
|  76|0x0000000084c00000, 0x0000000084d00000, 0x0000000084d00000|100%| O|  |TAMS 0x0000000084c00000| PB 0x0000000084c00000| Untracked 
|  77|0x0000000084d00000, 0x0000000084d00000, 0x0000000084e00000|  0%| F|  |TAMS 0x0000000084d00000| PB 0x0000000084d00000| Untracked 
|  78|0x0000000084e00000, 0x0000000084e00000, 0x0000000084f00000|  0%| F|  |TAMS 0x0000000084e00000| PB 0x0000000084e00000| Untracked 
|  79|0x0000000084f00000, 0x0000000084f00000, 0x0000000085000000|  0%| F|  |TAMS 0x0000000084f00000| PB 0x0000000084f00000| Untracked 
|  80|0x0000000085000000, 0x0000000085000000, 0x0000000085100000|  0%| F|  |TAMS 0x0000000085000000| PB 0x0000000085000000| Untracked 
|  81|0x0000000085100000, 0x0000000085100000, 0x0000000085200000|  0%| F|  |TAMS 0x0000000085100000| PB 0x0000000085100000| Untracked 
|  82|0x0000000085200000, 0x0000000085200000, 0x0000000085300000|  0%| F|  |TAMS 0x0000000085200000| PB 0x0000000085200000| Untracked 
|  83|0x0000000085300000, 0x0000000085300000, 0x0000000085400000|  0%| F|  |TAMS 0x0000000085300000| PB 0x0000000085300000| Untracked 
|  84|0x0000000085400000, 0x0000000085400000, 0x0000000085500000|  0%| F|  |TAMS 0x0000000085400000| PB 0x0000000085400000| Untracked 
|  85|0x0000000085500000, 0x0000000085500000, 0x0000000085600000|  0%| F|  |TAMS 0x0000000085500000| PB 0x0000000085500000| Untracked 
|  86|0x0000000085600000, 0x0000000085600000, 0x0000000085700000|  0%| F|  |TAMS 0x0000000085600000| PB 0x0000000085600000| Untracked 
|  87|0x0000000085700000, 0x0000000085700000, 0x0000000085800000|  0%| F|  |TAMS 0x0000000085700000| PB 0x0000000085700000| Untracked 
|  88|0x0000000085800000, 0x0000000085800000, 0x0000000085900000|  0%| F|  |TAMS 0x0000000085800000| PB 0x0000000085800000| Untracked 
|  89|0x0000000085900000, 0x0000000085900000, 0x0000000085a00000|  0%| F|  |TAMS 0x0000000085900000| PB 0x0000000085900000| Untracked 
|  90|0x0000000085a00000, 0x0000000085a00000, 0x0000000085b00000|  0%| F|  |TAMS 0x0000000085a00000| PB 0x0000000085a00000| Untracked 
|  91|0x0000000085b00000, 0x0000000085b00000, 0x0000000085c00000|  0%| F|  |TAMS 0x0000000085b00000| PB 0x0000000085b00000| Untracked 
|  92|0x0000000085c00000, 0x0000000085c00000, 0x0000000085d00000|  0%| F|  |TAMS 0x0000000085c00000| PB 0x0000000085c00000| Untracked 
|  93|0x0000000085d00000, 0x0000000085d00000, 0x0000000085e00000|  0%| F|  |TAMS 0x0000000085d00000| PB 0x0000000085d00000| Untracked 
|  94|0x0000000085e00000, 0x0000000085e00000, 0x0000000085f00000|  0%| F|  |TAMS 0x0000000085e00000| PB 0x0000000085e00000| Untracked 
|  95|0x0000000085f00000, 0x0000000085f00000, 0x0000000086000000|  0%| F|  |TAMS 0x0000000085f00000| PB 0x0000000085f00000| Untracked 
|  96|0x0000000086000000, 0x0000000086000000, 0x0000000086100000|  0%| F|  |TAMS 0x0000000086000000| PB 0x0000000086000000| Untracked 
|  97|0x0000000086100000, 0x0000000086100000, 0x0000000086200000|  0%| F|  |TAMS 0x0000000086100000| PB 0x0000000086100000| Untracked 
|  98|0x0000000086200000, 0x0000000086248330, 0x0000000086300000| 28%| S|CS|TAMS 0x0000000086200000| PB 0x0000000086200000| Complete 
|  99|0x0000000086300000, 0x0000000086400000, 0x0000000086400000|100%| S|CS|TAMS 0x0000000086300000| PB 0x0000000086300000| Complete 
| 100|0x0000000086400000, 0x0000000086500000, 0x0000000086500000|100%| S|CS|TAMS 0x0000000086400000| PB 0x0000000086400000| Complete 
| 101|0x0000000086500000, 0x0000000086500000, 0x0000000086600000|  0%| F|  |TAMS 0x0000000086500000| PB 0x0000000086500000| Untracked 
| 102|0x0000000086600000, 0x0000000086600000, 0x0000000086700000|  0%| F|  |TAMS 0x0000000086600000| PB 0x0000000086600000| Untracked 
| 103|0x0000000086700000, 0x0000000086700000, 0x0000000086800000|  0%| F|  |TAMS 0x0000000086700000| PB 0x0000000086700000| Untracked 
| 104|0x0000000086800000, 0x0000000086800000, 0x0000000086900000|  0%| F|  |TAMS 0x0000000086800000| PB 0x0000000086800000| Untracked 
| 105|0x0000000086900000, 0x0000000086900000, 0x0000000086a00000|  0%| F|  |TAMS 0x0000000086900000| PB 0x0000000086900000| Untracked 
| 106|0x0000000086a00000, 0x0000000086a00000, 0x0000000086b00000|  0%| F|  |TAMS 0x0000000086a00000| PB 0x0000000086a00000| Untracked 
| 107|0x0000000086b00000, 0x0000000086b00000, 0x0000000086c00000|  0%| F|  |TAMS 0x0000000086b00000| PB 0x0000000086b00000| Untracked 
| 108|0x0000000086c00000, 0x0000000086c00000, 0x0000000086d00000|  0%| F|  |TAMS 0x0000000086c00000| PB 0x0000000086c00000| Untracked 
| 109|0x0000000086d00000, 0x0000000086d00000, 0x0000000086e00000|  0%| F|  |TAMS 0x0000000086d00000| PB 0x0000000086d00000| Untracked 
| 110|0x0000000086e00000, 0x0000000086e00000, 0x0000000086f00000|  0%| F|  |TAMS 0x0000000086e00000| PB 0x0000000086e00000| Untracked 
| 111|0x0000000086f00000, 0x0000000086f00000, 0x0000000087000000|  0%| F|  |TAMS 0x0000000086f00000| PB 0x0000000086f00000| Untracked 
| 112|0x0000000087000000, 0x0000000087000000, 0x0000000087100000|  0%| F|  |TAMS 0x0000000087000000| PB 0x0000000087000000| Untracked 
| 113|0x0000000087100000, 0x0000000087200000, 0x0000000087200000|100%| E|  |TAMS 0x0000000087100000| PB 0x0000000087100000| Complete 
| 114|0x0000000087200000, 0x0000000087300000, 0x0000000087300000|100%| E|CS|TAMS 0x0000000087200000| PB 0x0000000087200000| Complete 
| 115|0x0000000087300000, 0x0000000087400000, 0x0000000087400000|100%| E|CS|TAMS 0x0000000087300000| PB 0x0000000087300000| Complete 
| 116|0x0000000087400000, 0x0000000087500000, 0x0000000087500000|100%| E|CS|TAMS 0x0000000087400000| PB 0x0000000087400000| Complete 
| 117|0x0000000087500000, 0x0000000087600000, 0x0000000087600000|100%| E|CS|TAMS 0x0000000087500000| PB 0x0000000087500000| Complete 
| 118|0x0000000087600000, 0x0000000087700000, 0x0000000087700000|100%| E|CS|TAMS 0x0000000087600000| PB 0x0000000087600000| Complete 
| 119|0x0000000087700000, 0x0000000087800000, 0x0000000087800000|100%| E|CS|TAMS 0x0000000087700000| PB 0x0000000087700000| Complete 
| 120|0x0000000087800000, 0x0000000087900000, 0x0000000087900000|100%| E|CS|TAMS 0x0000000087800000| PB 0x0000000087800000| Complete 
| 121|0x0000000087900000, 0x0000000087a00000, 0x0000000087a00000|100%| E|CS|TAMS 0x0000000087900000| PB 0x0000000087900000| Complete 
| 122|0x0000000087a00000, 0x0000000087b00000, 0x0000000087b00000|100%| E|CS|TAMS 0x0000000087a00000| PB 0x0000000087a00000| Complete 
| 123|0x0000000087b00000, 0x0000000087c00000, 0x0000000087c00000|100%| E|CS|TAMS 0x0000000087b00000| PB 0x0000000087b00000| Complete 
| 124|0x0000000087c00000, 0x0000000087d00000, 0x0000000087d00000|100%| E|CS|TAMS 0x0000000087c00000| PB 0x0000000087c00000| Complete 
| 125|0x0000000087d00000, 0x0000000087e00000, 0x0000000087e00000|100%| E|CS|TAMS 0x0000000087d00000| PB 0x0000000087d00000| Complete 
| 126|0x0000000087e00000, 0x0000000087f00000, 0x0000000087f00000|100%| E|CS|TAMS 0x0000000087e00000| PB 0x0000000087e00000| Complete 
| 127|0x0000000087f00000, 0x0000000088000000, 0x0000000088000000|100%| E|CS|TAMS 0x0000000087f00000| PB 0x0000000087f00000| Complete 
| 128|0x0000000088000000, 0x0000000088100000, 0x0000000088100000|100%| E|CS|TAMS 0x0000000088000000| PB 0x0000000088000000| Complete 
| 129|0x0000000088100000, 0x0000000088200000, 0x0000000088200000|100%| E|CS|TAMS 0x0000000088100000| PB 0x0000000088100000| Complete 
|2044|0x00000000ffc00000, 0x00000000ffd00000, 0x00000000ffd00000|100%| O|  |TAMS 0x00000000ffc00000| PB 0x00000000ffc00000| Untracked 
|2045|0x00000000ffd00000, 0x00000000ffe00000, 0x00000000ffe00000|100%| O|  |TAMS 0x00000000ffd00000| PB 0x00000000ffd00000| Untracked 
|2046|0x00000000ffe00000, 0x00000000fff00000, 0x00000000fff00000|100%| O|  |TAMS 0x00000000ffe00000| PB 0x00000000ffe00000| Untracked 
|2047|0x00000000fff00000, 0x0000000100000000, 0x0000000100000000|100%| O|  |TAMS 0x00000000fff00000| PB 0x00000000fff00000| Untracked 

Card table byte_map: [0x00000240fc460000,0x00000240fc860000] _byte_map_base: 0x00000240fc060000

Marking Bits: (CMBitMap*) 0x00000240f3cdb290
 Bits: [0x00000240fcc60000, 0x00000240fec60000)

Polling page: 0x00000240f3440000

Metaspace:

Usage:
  Non-class:     64.93 MB used.
      Class:     10.35 MB used.
       Both:     75.28 MB used.

Virtual space:
  Non-class space:      128.00 MB reserved,      65.94 MB ( 52%) committed,  2 nodes.
      Class space:      412.00 MB reserved,      11.38 MB (  3%) committed,  1 nodes.
             Both:      540.00 MB reserved,      77.31 MB ( 14%) committed. 

Chunk freelists:
   Non-Class:  2.00 MB
       Class:  571.00 KB
        Both:  2.56 MB

MaxMetaspaceSize: 512.00 MB
CompressedClassSpaceSize: 412.00 MB
Initial GC threshold: 21.00 MB
Current GC threshold: 126.88 MB
CDS: on
MetaspaceReclaimPolicy: balanced
 - commit_granule_bytes: 65536.
 - commit_granule_words: 8192.
 - virtual_space_node_default_size: 8388608.
 - enlarge_chunks_in_place: 1.
 - new_chunks_are_fully_committed: 0.
 - uncommit_free_chunks: 1.
 - use_allocation_guard: 0.


Internal statistics:

num_allocs_failed_limit: 6.
num_arena_births: 3440.
num_arena_deaths: 0.
num_vsnodes_births: 3.
num_vsnodes_deaths: 0.
num_space_committed: 1237.
num_space_uncommitted: 0.
num_chunks_returned_to_freelist: 6.
num_chunks_taken_from_freelist: 6763.
num_chunk_merges: 6.
num_chunk_splits: 4531.
num_chunks_enlarged: 2963.
num_inconsistent_stats: 0.

CodeHeap 'non-profiled nmethods': size=120000Kb used=4777Kb max_used=4777Kb free=115222Kb
 bounds [0x0000024087ad0000, 0x0000024087f80000, 0x000002408f000000]
CodeHeap 'profiled nmethods': size=120000Kb used=15754Kb max_used=15866Kb free=104246Kb
 bounds [0x0000024080000000, 0x0000024080f90000, 0x0000024087530000]
CodeHeap 'non-nmethods': size=5760Kb used=2881Kb max_used=2940Kb free=2878Kb
 bounds [0x0000024087530000, 0x0000024087820000, 0x0000024087ad0000]
 total_blobs=9372 nmethods=8439 adapters=842
 compilation: enabled
              stopped_count=0, restarted_count=0
 full_count=0

Compilation events (20 events):
Event: 40.405 Thread 0x00000240ff6ad1e0 9776       4       java.util.LinkedList::linkLast (59 bytes)
Event: 40.410 Thread 0x00000240ff6ad1e0 nmethod 9776 0x0000024087d7af90 code [0x0000024087d7b100, 0x0000024087d7b488]
Event: 40.410 Thread 0x00000240ff6ad1e0 9777       4       java.util.LinkedList::add (7 bytes)
Event: 40.416 Thread 0x00000240ff6ad1e0 nmethod 9777 0x0000024087e82d90 code [0x0000024087e82f00, 0x0000024087e83290]
Event: 40.416 Thread 0x00000240ff6ad1e0 9750       4       java.lang.Character::isUpperCase (5 bytes)
Event: 40.416 Thread 0x0000024098a2c950 nmethod 9798 0x0000024087e80e10 code [0x0000024087e810e0, 0x0000024087e82258]
Event: 40.416 Thread 0x0000024098a2c950 9739   !   4       org.codehaus.groovy.reflection.stdclasses.CachedSAMClass::hasUsableImplementation (72 bytes)
Event: 40.418 Thread 0x00000240ff6ad1e0 nmethod 9750 0x0000024087e80a90 code [0x0000024087e80c00, 0x0000024087e80cf0]
Event: 40.425 Thread 0x0000024098a2c950 nmethod 9739 0x0000024087f77710 code [0x0000024087f778e0, 0x0000024087f77dd0]
Event: 40.605 Thread 0x00000240ff6d19f0 9805       3       jdk.internal.org.objectweb.asm.MethodVisitor::visitLdcInsn (87 bytes)
Event: 40.606 Thread 0x00000240ff6d19f0 nmethod 9805 0x00000240804f0f10 code [0x00000240804f1120, 0x00000240804f1ad0]
Event: 40.865 Thread 0x00000240ff6ad1e0 9806       4       java.util.concurrent.locks.AbstractQueuedSynchronizer$Node::clearStatus (12 bytes)
Event: 40.865 Thread 0x00000240ff6ad1e0 nmethod 9806 0x0000024087d7ac90 code [0x0000024087d7ae00, 0x0000024087d7ae90]
Event: 41.005 Thread 0x00000240ff6d19f0 9807       3       java.util.HashMap$ValueSpliterator::characteristics (28 bytes)
Event: 41.005 Thread 0x00000240ff6d19f0 nmethod 9807 0x00000240808d3490 code [0x00000240808d3620, 0x00000240808d37f8]
Event: 41.615 Thread 0x00000240ff6ad1e0 9808   !   4       java.util.concurrent.locks.AbstractQueuedSynchronizer::acquire (424 bytes)
Event: 41.654 Thread 0x00000240ff6ad1e0 nmethod 9808 0x0000024087f78190 code [0x0000024087f783c0, 0x0000024087f79b70]
Event: 42.572 Thread 0x00000240ff6ad1e0 9809   !   4       java.util.concurrent.locks.AbstractQueuedSynchronizer::tryInitializeHead (66 bytes)
Event: 42.578 Thread 0x00000240ff6ad1e0 nmethod 9809 0x0000024087e80290 code [0x0000024087e80400, 0x0000024087e806d0]
Event: 43.629 Thread 0x00000240ff6ad1e0 9810   !   4       java.util.concurrent.locks.AbstractQueuedSynchronizer$ConditionObject::newConditionNode (78 bytes)

GC Heap History (20 events):
Event: 32.298 GC heap before
{Heap before GC invocations=15 (full 0):
 garbage-first heap   total 87040K, used 77595K [0x0000000080000000, 0x0000000100000000)
  region size 1024K, 29 young (29696K), 2 survivors (2048K)
 Metaspace       used 56652K, committed 58496K, reserved 487424K
  class space    used 7975K, committed 8832K, reserved 421888K
}
Event: 32.303 GC heap after
{Heap after GC invocations=16 (full 0):
 garbage-first heap   total 87040K, used 51788K [0x0000000080000000, 0x0000000100000000)
  region size 1024K, 4 young (4096K), 4 survivors (4096K)
 Metaspace       used 56652K, committed 58496K, reserved 487424K
  class space    used 7975K, committed 8832K, reserved 421888K
}
Event: 33.009 GC heap before
{Heap before GC invocations=16 (full 0):
 garbage-first heap   total 87040K, used 76364K [0x0000000080000000, 0x0000000100000000)
  region size 1024K, 29 young (29696K), 4 survivors (4096K)
 Metaspace       used 58970K, committed 60864K, reserved 487424K
  class space    used 8261K, committed 9152K, reserved 421888K
}
Event: 33.016 GC heap after
{Heap after GC invocations=17 (full 0):
 garbage-first heap   total 87040K, used 53340K [0x0000000080000000, 0x0000000100000000)
  region size 1024K, 4 young (4096K), 4 survivors (4096K)
 Metaspace       used 58970K, committed 60864K, reserved 487424K
  class space    used 8261K, committed 9152K, reserved 421888K
}
Event: 33.561 GC heap before
{Heap before GC invocations=17 (full 0):
 garbage-first heap   total 87040K, used 76892K [0x0000000080000000, 0x0000000100000000)
  region size 1024K, 27 young (27648K), 4 survivors (4096K)
 Metaspace       used 60697K, committed 62592K, reserved 487424K
  class space    used 8538K, committed 9472K, reserved 421888K
}
Event: 33.569 GC heap after
{Heap after GC invocations=18 (full 0):
 garbage-first heap   total 104448K, used 55181K [0x0000000080000000, 0x0000000100000000)
  region size 1024K, 4 young (4096K), 4 survivors (4096K)
 Metaspace       used 60697K, committed 62592K, reserved 487424K
  class space    used 8538K, committed 9472K, reserved 421888K
}
Event: 35.219 GC heap before
{Heap before GC invocations=19 (full 0):
 garbage-first heap   total 104448K, used 91021K [0x0000000080000000, 0x0000000100000000)
  region size 1024K, 40 young (40960K), 4 survivors (4096K)
 Metaspace       used 63408K, committed 65344K, reserved 487424K
  class space    used 8959K, committed 9920K, reserved 421888K
}
Event: 35.229 GC heap after
{Heap after GC invocations=20 (full 0):
 garbage-first heap   total 104448K, used 58780K [0x0000000080000000, 0x0000000100000000)
  region size 1024K, 5 young (5120K), 5 survivors (5120K)
 Metaspace       used 63408K, committed 65344K, reserved 487424K
  class space    used 8959K, committed 9920K, reserved 421888K
}
Event: 36.284 GC heap before
{Heap before GC invocations=20 (full 0):
 garbage-first heap   total 104448K, used 91548K [0x0000000080000000, 0x0000000100000000)
  region size 1024K, 38 young (38912K), 5 survivors (5120K)
 Metaspace       used 65958K, committed 67904K, reserved 487424K
  class space    used 9258K, committed 10176K, reserved 421888K
}
Event: 36.294 GC heap after
{Heap after GC invocations=21 (full 0):
 garbage-first heap   total 104448K, used 62371K [0x0000000080000000, 0x0000000100000000)
  region size 1024K, 4 young (4096K), 4 survivors (4096K)
 Metaspace       used 65958K, committed 67904K, reserved 487424K
  class space    used 9258K, committed 10176K, reserved 421888K
}
Event: 36.489 GC heap before
{Heap before GC invocations=21 (full 0):
 garbage-first heap   total 104448K, used 66467K [0x0000000080000000, 0x0000000100000000)
  region size 1024K, 9 young (9216K), 4 survivors (4096K)
 Metaspace       used 65984K, committed 67968K, reserved 487424K
  class space    used 9260K, committed 10240K, reserved 421888K
}
Event: 36.494 GC heap after
{Heap after GC invocations=22 (full 0):
 garbage-first heap   total 104448K, used 62822K [0x0000000080000000, 0x0000000100000000)
  region size 1024K, 1 young (1024K), 1 survivors (1024K)
 Metaspace       used 65984K, committed 67968K, reserved 487424K
  class space    used 9260K, committed 10240K, reserved 421888K
}
Event: 37.578 GC heap before
{Heap before GC invocations=23 (full 0):
 garbage-first heap   total 111616K, used 96614K [0x0000000080000000, 0x0000000100000000)
  region size 1024K, 33 young (33792K), 1 survivors (1024K)
 Metaspace       used 70133K, committed 72128K, reserved 487424K
  class space    used 9720K, committed 10688K, reserved 421888K
}
Event: 37.582 GC heap after
{Heap after GC invocations=24 (full 0):
 garbage-first heap   total 111616K, used 68520K [0x0000000080000000, 0x0000000100000000)
  region size 1024K, 5 young (5120K), 5 survivors (5120K)
 Metaspace       used 70133K, committed 72128K, reserved 487424K
  class space    used 9720K, committed 10688K, reserved 421888K
}
Event: 38.379 GC heap before
{Heap before GC invocations=24 (full 0):
 garbage-first heap   total 111616K, used 106408K [0x0000000080000000, 0x0000000100000000)
  region size 1024K, 35 young (35840K), 5 survivors (5120K)
 Metaspace       used 72837K, committed 74880K, reserved 487424K
  class space    used 10044K, committed 11008K, reserved 421888K
}
Event: 38.388 GC heap after
{Heap after GC invocations=25 (full 0):
 garbage-first heap   total 118784K, used 74110K [0x0000000080000000, 0x0000000100000000)
  region size 1024K, 5 young (5120K), 5 survivors (5120K)
 Metaspace       used 72837K, committed 74880K, reserved 487424K
  class space    used 10044K, committed 11008K, reserved 421888K
}
Event: 39.157 GC heap before
{Heap before GC invocations=25 (full 0):
 garbage-first heap   total 118784K, used 101758K [0x0000000080000000, 0x0000000100000000)
  region size 1024K, 34 young (34816K), 5 survivors (5120K)
 Metaspace       used 75726K, committed 77696K, reserved 552960K
  class space    used 10381K, committed 11328K, reserved 421888K
}
Event: 39.164 GC heap after
{Heap after GC invocations=26 (full 0):
 garbage-first heap   total 118784K, used 76555K [0x0000000080000000, 0x0000000100000000)
  region size 1024K, 3 young (3072K), 3 survivors (3072K)
 Metaspace       used 75726K, committed 77696K, reserved 552960K
  class space    used 10381K, committed 11328K, reserved 421888K
}
Event: 40.114 GC heap before
{Heap before GC invocations=27 (full 0):
 garbage-first heap   total 137216K, used 107275K [0x0000000080000000, 0x0000000100000000)
  region size 1024K, 32 young (32768K), 3 survivors (3072K)
 Metaspace       used 76865K, committed 78848K, reserved 552960K
  class space    used 10573K, committed 11520K, reserved 421888K
}
Event: 40.119 GC heap after
{Heap after GC invocations=28 (full 0):
 garbage-first heap   total 137216K, used 78596K [0x0000000080000000, 0x0000000100000000)
  region size 1024K, 3 young (3072K), 3 survivors (3072K)
 Metaspace       used 76865K, committed 78848K, reserved 552960K
  class space    used 10573K, committed 11520K, reserved 421888K
}

Dll operation events (13 events):
Event: 0.029 Loaded shared library C:\Program Files\Java\jdk-20\bin\java.dll
Event: 0.059 Loaded shared library C:\Program Files\Java\jdk-20\bin\jsvml.dll
Event: 0.171 Loaded shared library C:\Program Files\Java\jdk-20\bin\net.dll
Event: 0.178 Loaded shared library C:\Program Files\Java\jdk-20\bin\nio.dll
Event: 0.193 Loaded shared library C:\Program Files\Java\jdk-20\bin\zip.dll
Event: 0.576 Loaded shared library C:\Program Files\Java\jdk-20\bin\jimage.dll
Event: 0.724 Loaded shared library C:\Program Files\Java\jdk-20\bin\verify.dll
Event: 1.113 Loaded shared library C:\Users\deepk\.gradle\native\68d5fa5c4cc2d200863cafc0d521ce42e7d3e7ee720ec0a83991735586a16f82\windows-amd64\native-platform.dll
Event: 1.141 Loaded shared library C:\Users\deepk\.gradle\native\e376f236ea51e6404a007f0833ffe2c6e607c4080706a723a18a27aeea778392\windows-amd64\native-platform-file-events.dll
Event: 2.915 Loaded shared library C:\Program Files\Java\jdk-20\bin\management.dll
Event: 2.923 Loaded shared library C:\Program Files\Java\jdk-20\bin\management_ext.dll
Event: 3.394 Loaded shared library C:\Program Files\Java\jdk-20\bin\extnet.dll
Event: 4.281 Loaded shared library C:\Program Files\Java\jdk-20\bin\sunmscapi.dll

Deoptimization events (20 events):
Event: 39.596 Thread 0x0000024096519050 DEOPT PACKING pc=0x0000024087b94fd8 sp=0x000000ba3c5f64e0
Event: 39.596 Thread 0x0000024096519050 DEOPT UNPACKING pc=0x0000024087599d22 sp=0x000000ba3c5f6490 mode 2
Event: 39.656 Thread 0x0000024096519050 Uncommon trap: trap_request=0xffffff45 fr.pc=0x0000024087b93108 relative=0x00000000000004e8
Event: 39.656 Thread 0x0000024096519050 Uncommon trap: reason=unstable_if action=reinterpret pc=0x0000024087b93108 method=java.lang.AbstractStringBuilder.appendChars(Ljava/lang/String;II)V @ 11 c2
Event: 39.656 Thread 0x0000024096519050 DEOPT PACKING pc=0x0000024087b93108 sp=0x000000ba3c5f65e0
Event: 39.656 Thread 0x0000024096519050 DEOPT UNPACKING pc=0x0000024087599d22 sp=0x000000ba3c5f64c8 mode 2
Event: 39.798 Thread 0x0000024096519050 Uncommon trap: trap_request=0xffffff45 fr.pc=0x0000024087ea4214 relative=0x0000000000000714
Event: 39.798 Thread 0x0000024096519050 Uncommon trap: reason=unstable_if action=reinterpret pc=0x0000024087ea4214 method=org.apache.commons.io.FilenameUtils.doNormalize(Ljava/lang/String;CZ)Ljava/lang/String; @ 226 c2
Event: 39.798 Thread 0x0000024096519050 DEOPT PACKING pc=0x0000024087ea4214 sp=0x000000ba3c5f8920
Event: 39.798 Thread 0x0000024096519050 DEOPT UNPACKING pc=0x0000024087599d22 sp=0x000000ba3c5f88d0 mode 2
Event: 39.923 Thread 0x0000024096519050 Uncommon trap: trap_request=0xffffff45 fr.pc=0x0000024087d4a758 relative=0x0000000000000438
Event: 39.923 Thread 0x0000024096519050 Uncommon trap: reason=unstable_if action=reinterpret pc=0x0000024087d4a758 method=java.util.StringJoiner.add(Ljava/lang/CharSequence;)Ljava/util/StringJoiner; @ 33 c2
Event: 39.923 Thread 0x0000024096519050 DEOPT PACKING pc=0x0000024087d4a758 sp=0x000000ba3c5f7c10
Event: 39.923 Thread 0x0000024096519050 DEOPT UNPACKING pc=0x0000024087599d22 sp=0x000000ba3c5f7bc0 mode 2
Event: 40.215 Thread 0x0000024096519050 Uncommon trap: trap_request=0xfffffff4 fr.pc=0x0000024087f68eb0 relative=0x0000000000002c10
Event: 40.215 Thread 0x0000024096519050 Uncommon trap: reason=null_check action=make_not_entrant pc=0x0000024087f68eb0 method=java.lang.PublicMethods$MethodList.getMostSpecific()Ljava/lang/reflect/Method; @ 41 c2
Event: 40.215 Thread 0x0000024096519050 DEOPT PACKING pc=0x0000024087f68eb0 sp=0x000000ba3c5f51a0
Event: 40.215 Thread 0x0000024096519050 DEOPT UNPACKING pc=0x0000024087599d22 sp=0x000000ba3c5f5070 mode 2
Event: 40.321 Thread 0x0000024096519050 DEOPT PACKING pc=0x00000240809205fd sp=0x000000ba3c5f9960
Event: 40.321 Thread 0x0000024096519050 DEOPT UNPACKING pc=0x000002408759a4c2 sp=0x000000ba3c5f8ea0 mode 0

Classes loaded (20 events):
Event: 38.960 Loading class javax/xml/stream/XMLStreamException
Event: 38.960 Loading class javax/xml/stream/XMLStreamException done
Event: 38.988 Loading class sun/reflect/annotation/AnnotationInvocationHandler$1
Event: 38.989 Loading class sun/reflect/annotation/AnnotationInvocationHandler$1 done
Event: 39.128 Loading class java/util/concurrent/atomic/AtomicIntegerArray
Event: 39.128 Loading class java/util/concurrent/atomic/AtomicIntegerArray done
Event: 39.131 Loading class java/util/Currency
Event: 39.132 Loading class java/util/Currency done
Event: 39.137 Loading class java/util/concurrent/atomic/AtomicLongArray
Event: 39.137 Loading class java/util/concurrent/atomic/AtomicLongArray done
Event: 39.180 Loading class sun/reflect/generics/repository/FieldRepository
Event: 39.180 Loading class sun/reflect/generics/repository/FieldRepository done
Event: 39.200 Loading class jdk/internal/vm/annotation/ForceInline
Event: 39.209 Loading class jdk/internal/vm/annotation/ForceInline done
Event: 39.657 Loading class java/util/regex/Pattern$Caret
Event: 39.690 Loading class java/util/regex/Pattern$Caret done
Event: 39.822 Loading class java/util/regex/Pattern$Pos
Event: 39.822 Loading class java/util/regex/Pattern$Pos done
Event: 40.100 Loading class java/beans/IntrospectionException
Event: 40.100 Loading class java/beans/IntrospectionException done

Classes unloaded (0 events):
No events

Classes redefined (0 events):
No events

Internal exceptions (20 events):
Event: 40.254 Thread 0x0000024096519050 Exception <a 'java/lang/ClassNotFoundException'{0x000000008768c130}: com/android/build/gradle/internal/dsl/BuildType$AgpDecoratedBeanInfo> (0x000000008768c130) 
thrown [s\open\src\hotspot\share\classfile\systemDictionary.cpp, line 305]
Event: 40.255 Thread 0x0000024096519050 Exception <a 'java/lang/ClassNotFoundException'{0x0000000087699a80}: com/android/build/gradle/internal/dsl/BuildTypeBeanInfo> (0x0000000087699a80) 
thrown [s\open\src\hotspot\share\classfile\systemDictionary.cpp, line 305]
Event: 40.255 Thread 0x0000024096519050 Exception <a 'java/lang/ClassNotFoundException'{0x00000000876a7528}: com/android/builder/core/AbstractBuildTypeBeanInfo> (0x00000000876a7528) 
thrown [s\open\src\hotspot\share\classfile\systemDictionary.cpp, line 305]
Event: 40.256 Thread 0x0000024096519050 Exception <a 'java/lang/ClassNotFoundException'{0x00000000876b4fc0}: com/android/builder/core/AbstractBuildTypeCustomizer> (0x00000000876b4fc0) 
thrown [s\open\src\hotspot\share\classfile\systemDictionary.cpp, line 305]
Event: 40.257 Thread 0x0000024096519050 Exception <a 'java/lang/ClassNotFoundException'{0x00000000876df000}: com/android/build/gradle/internal/dsl/BuildTypeCustomizer> (0x00000000876df000) 
thrown [s\open\src\hotspot\share\classfile\systemDictionary.cpp, line 305]
Event: 40.261 Thread 0x0000024096519050 Exception <a 'java/lang/ClassNotFoundException'{0x00000000875654b8}: com/android/build/gradle/internal/dsl/BuildType$AgpDecoratedCustomizer> (0x00000000875654b8) 
thrown [s\open\src\hotspot\share\classfile\systemDictionary.cpp, line 305]
Event: 40.263 Thread 0x0000024096519050 Exception <a 'java/lang/ClassNotFoundException'{0x00000000875b6548}: com/android/build/gradle/internal/dsl/BuildType$AgpDecorated_DecoratedCustomizer> (0x00000000875b6548) 
thrown [s\open\src\hotspot\share\classfile\systemDictionary.cpp, line 305]
Event: 40.271 Thread 0x0000024096519050 Exception <a 'java/lang/NoSuchMethodError'{0x0000000087487c10}: 'void java.lang.invoke.DirectMethodHandle$Holder.invokeVirtual(java.lang.Object, java.lang.Object, int)'> (0x0000000087487c10) 
thrown [s\open\src\hotspot\share\interpreter\linkResolver.cpp, line 773]
Event: 40.276 Thread 0x0000024096519050 Exception <a 'java/lang/ClassNotFoundException'{0x00000000874b27a8}: build_bftm6xj18a3kvwqlzpwy0i1ts$_run_closure2$_closure6BeanInfo> (0x00000000874b27a8) 
thrown [s\open\src\hotspot\share\classfile\systemDictionary.cpp, line 305]
Event: 40.277 Thread 0x0000024096519050 Exception <a 'java/lang/ClassNotFoundException'{0x00000000874bcbe0}: build_bftm6xj18a3kvwqlzpwy0i1ts$_run_closure2$_closure6Customizer> (0x00000000874bcbe0) 
thrown [s\open\src\hotspot\share\classfile\systemDictionary.cpp, line 305]
Event: 40.293 Thread 0x0000024096519050 Exception <a 'java/lang/ClassNotFoundException'{0x0000000087399b50}: org/gradle/api/internal/artifacts/dependencies/DefaultExternalModuleDependency_DecoratedBeanInfo> (0x0000000087399b50) 
thrown [s\open\src\hotspot\share\classfile\systemDictionary.cpp, line 305]
Event: 40.295 Thread 0x0000024096519050 Exception <a 'java/lang/ClassNotFoundException'{0x00000000873b2db8}: org/gradle/api/internal/artifacts/dependencies/DefaultExternalModuleDependencyBeanInfo> (0x00000000873b2db8) 
thrown [s\open\src\hotspot\share\classfile\systemDictionary.cpp, line 305]
Event: 40.297 Thread 0x0000024096519050 Exception <a 'java/lang/ClassNotFoundException'{0x00000000873cc2a0}: org/gradle/api/internal/artifacts/dependencies/AbstractExternalModuleDependencyBeanInfo> (0x00000000873cc2a0) 
thrown [s\open\src\hotspot\share\classfile\systemDictionary.cpp, line 305]
Event: 40.299 Thread 0x0000024096519050 Exception <a 'java/lang/ClassNotFoundException'{0x00000000873e2398}: org/gradle/api/internal/artifacts/dependencies/AbstractModuleDependencyBeanInfo> (0x00000000873e2398) 
thrown [s\open\src\hotspot\share\classfile\systemDictionary.cpp, line 305]
Event: 40.300 Thread 0x0000024096519050 Exception <a 'java/lang/ClassNotFoundException'{0x00000000873f8258}: org/gradle/api/internal/artifacts/dependencies/AbstractDependencyBeanInfo> (0x00000000873f8258) 
thrown [s\open\src\hotspot\share\classfile\systemDictionary.cpp, line 305]
Event: 40.302 Thread 0x0000024096519050 Exception <a 'java/lang/ClassNotFoundException'{0x000000008720e648}: org/gradle/api/internal/artifacts/dependencies/AbstractDependencyCustomizer> (0x000000008720e648) 
thrown [s\open\src\hotspot\share\classfile\systemDictionary.cpp, line 305]
Event: 40.304 Thread 0x0000024096519050 Exception <a 'java/lang/ClassNotFoundException'{0x0000000087227dc8}: org/gradle/api/internal/artifacts/dependencies/AbstractModuleDependencyCustomizer> (0x0000000087227dc8) 
thrown [s\open\src\hotspot\share\classfile\systemDictionary.cpp, line 305]
Event: 40.307 Thread 0x0000024096519050 Exception <a 'java/lang/ClassNotFoundException'{0x000000008725cdf0}: org/gradle/api/internal/artifacts/dependencies/AbstractExternalModuleDependencyCustomizer> (0x000000008725cdf0) 
thrown [s\open\src\hotspot\share\classfile\systemDictionary.cpp, line 305]
Event: 40.309 Thread 0x0000024096519050 Exception <a 'java/lang/ClassNotFoundException'{0x0000000087286370}: org/gradle/api/internal/artifacts/dependencies/DefaultExternalModuleDependencyCustomizer> (0x0000000087286370) 
thrown [s\open\src\hotspot\share\classfile\systemDictionary.cpp, line 305]
Event: 40.312 Thread 0x0000024096519050 Exception <a 'java/lang/ClassNotFoundException'{0x00000000872aadd0}: org/gradle/api/internal/artifacts/dependencies/DefaultExternalModuleDependency_DecoratedCustomizer> (0x00000000872aadd0) 
thrown [s\open\src\hotspot\share\classfile\systemDictionary.cpp, line 305]

VM Operations (20 events):
Event: 37.671 Executing VM operation: HandshakeAllThreads
Event: 37.672 Executing VM operation: HandshakeAllThreads done
Event: 37.753 Executing VM operation: HandshakeAllThreads
Event: 37.753 Executing VM operation: HandshakeAllThreads done
Event: 38.378 Executing VM operation: G1CollectForAllocation
Event: 38.388 Executing VM operation: G1CollectForAllocation done
Event: 39.157 Executing VM operation: G1TryInitiateConcMark
Event: 39.164 Executing VM operation: G1TryInitiateConcMark done
Event: 39.260 Executing VM operation: G1PauseRemark
Event: 39.274 Executing VM operation: G1PauseRemark done
Event: 39.309 Executing VM operation: G1PauseCleanup
Event: 39.309 Executing VM operation: G1PauseCleanup done
Event: 40.113 Executing VM operation: G1CollectForAllocation
Event: 40.119 Executing VM operation: G1CollectForAllocation done
Event: 40.604 Executing VM operation: HandshakeAllThreads
Event: 40.605 Executing VM operation: HandshakeAllThreads done
Event: 41.614 Executing VM operation: Cleanup
Event: 41.615 Executing VM operation: Cleanup done
Event: 42.619 Executing VM operation: Cleanup
Event: 42.619 Executing VM operation: Cleanup done

Events (20 events):
Event: 39.273 Thread 0x00000240ff66f820 flushing nmethod 0x0000024087dfbe90
Event: 39.273 Thread 0x00000240ff66f820 flushing nmethod 0x0000024087d7c490
Event: 39.273 Thread 0x00000240ff66f820 flushing nmethod 0x0000024087d7ac90
Event: 39.273 Thread 0x00000240ff66f820 flushing nmethod 0x0000024087d82110
Event: 39.273 Thread 0x00000240ff66f820 flushing nmethod 0x0000024087d78590
Event: 39.273 Thread 0x00000240ff66f820 flushing nmethod 0x0000024087d49210
Event: 39.273 Thread 0x00000240ff66f820 flushing nmethod 0x0000024087d16d90
Event: 39.273 Thread 0x00000240ff66f820 flushing nmethod 0x0000024087cb6d10
Event: 39.273 Thread 0x00000240ff66f820 flushing nmethod 0x0000024087cf5e10
Event: 39.273 Thread 0x00000240ff66f820 flushing nmethod 0x0000024087c65b10
Event: 39.273 Thread 0x00000240ff66f820 flushing nmethod 0x0000024087c6b010
Event: 39.273 Thread 0x00000240ff66f820 flushing nmethod 0x0000024087c48410
Event: 39.273 Thread 0x00000240ff66f820 flushing nmethod 0x0000024087c52790
Event: 39.273 Thread 0x00000240ff66f820 flushing nmethod 0x0000024087c35410
Event: 39.273 Thread 0x00000240ff66f820 flushing nmethod 0x0000024087c02390
Event: 39.273 Thread 0x00000240ff66f820 flushing nmethod 0x0000024087bd2710
Event: 39.273 Thread 0x00000240ff66f820 flushing nmethod 0x0000024087ba9c90
Event: 39.273 Thread 0x00000240ff66f820 flushing nmethod 0x0000024087b3b490
Event: 39.273 Thread 0x00000240ff66f820 flushing nmethod 0x0000024087b6c390
Event: 40.605 Thread 0x0000024098a2c950 Thread exited: 0x0000024098a2c950


Dynamic libraries:
0x00007ff7f8e40000 - 0x00007ff7f8e50000 	C:\Program Files\Java\jdk-20\bin\java.exe
0x00007ffec0110000 - 0x00007ffec0324000 	C:\Windows\SYSTEM32\ntdll.dll
0x00007ffebf0e0000 - 0x00007ffebf1a2000 	C:\Windows\System32\KERNEL32.DLL
0x00007ffebd530000 - 0x00007ffebd8d3000 	C:\Windows\System32\KERNELBASE.dll
0x00007ffebdab0000 - 0x00007ffebdbc1000 	C:\Windows\System32\ucrtbase.dll
0x00007ffea72a0000 - 0x00007ffea72bb000 	C:\Program Files\Java\jdk-20\bin\VCRUNTIME140.dll
0x00007ffea9990000 - 0x00007ffea99a9000 	C:\Program Files\Java\jdk-20\bin\jli.dll
0x00007ffebf5f0000 - 0x00007ffebf69e000 	C:\Windows\System32\ADVAPI32.dll
0x00007ffebfef0000 - 0x00007ffebff97000 	C:\Windows\System32\msvcrt.dll
0x00007ffebf250000 - 0x00007ffebf2f4000 	C:\Windows\System32\sechost.dll
0x00007ffebe880000 - 0x00007ffebe997000 	C:\Windows\System32\RPCRT4.dll
0x00007ffebf440000 - 0x00007ffebf5eb000 	C:\Windows\System32\USER32.dll
0x00007ffebd8e0000 - 0x00007ffebd906000 	C:\Windows\System32\win32u.dll
0x00007ffea51f0000 - 0x00007ffea547e000 	C:\Windows\WinSxS\amd64_microsoft.windows.common-controls_6595b64144ccf1df_6.0.22621.1635_none_270f70857386168e\COMCTL32.dll
0x00007ffebf3f0000 - 0x00007ffebf419000 	C:\Windows\System32\GDI32.dll
0x00007ffebd990000 - 0x00007ffebdaa8000 	C:\Windows\System32\gdi32full.dll
0x00007ffebdd40000 - 0x00007ffebddda000 	C:\Windows\System32\msvcp_win.dll
0x00007ffeb4350000 - 0x00007ffeb435a000 	C:\Windows\SYSTEM32\VERSION.dll
0x00007ffebe710000 - 0x00007ffebe741000 	C:\Windows\System32\IMM32.DLL
0x00007ffea9980000 - 0x00007ffea998c000 	C:\Program Files\Java\jdk-20\bin\vcruntime140_1.dll
0x00007ffe96620000 - 0x00007ffe966ae000 	C:\Program Files\Java\jdk-20\bin\msvcp140.dll
0x00007ffe4ba00000 - 0x00007ffe4c697000 	C:\Program Files\Java\jdk-20\bin\server\jvm.dll
0x00007ffeb6dd0000 - 0x00007ffeb6dd9000 	C:\Windows\SYSTEM32\WSOCK32.dll
0x00007ffeb59f0000 - 0x00007ffeb5a24000 	C:\Windows\SYSTEM32\WINMM.dll
0x00007ffebe800000 - 0x00007ffebe871000 	C:\Windows\System32\WS2_32.dll
0x00007ffebc540000 - 0x00007ffebc558000 	C:\Windows\SYSTEM32\kernel.appcore.dll
0x00007ffea8f40000 - 0x00007ffea8f4a000 	C:\Program Files\Java\jdk-20\bin\jimage.dll
0x00007ffea2590000 - 0x00007ffea27be000 	C:\Windows\SYSTEM32\DBGHELP.DLL
0x00007ffebf960000 - 0x00007ffebfce9000 	C:\Windows\System32\combase.dll
0x00007ffebf310000 - 0x00007ffebf3e7000 	C:\Windows\System32\OLEAUT32.dll
0x00007ffea44b0000 - 0x00007ffea44e2000 	C:\Windows\SYSTEM32\dbgcore.DLL
0x00007ffebd910000 - 0x00007ffebd98b000 	C:\Windows\System32\bcryptPrimitives.dll
0x00007ffea6300000 - 0x00007ffea6326000 	C:\Program Files\Java\jdk-20\bin\java.dll
0x00007ffe8f740000 - 0x00007ffe8f817000 	C:\Program Files\Java\jdk-20\bin\jsvml.dll
0x00007ffebdf10000 - 0x00007ffebe70a000 	C:\Windows\System32\SHELL32.dll
0x00007ffebb4e0000 - 0x00007ffebbdae000 	C:\Windows\SYSTEM32\windows.storage.dll
0x00007ffebb3a0000 - 0x00007ffebb4de000 	C:\Windows\SYSTEM32\wintypes.dll
0x00007ffebfcf0000 - 0x00007ffebfde1000 	C:\Windows\System32\SHCORE.dll
0x00007ffebf900000 - 0x00007ffebf95e000 	C:\Windows\System32\shlwapi.dll
0x00007ffebd460000 - 0x00007ffebd481000 	C:\Windows\SYSTEM32\profapi.dll
0x00007ffea7230000 - 0x00007ffea7243000 	C:\Program Files\Java\jdk-20\bin\net.dll
0x00007ffeb5410000 - 0x00007ffeb5547000 	C:\Windows\SYSTEM32\WINHTTP.dll
0x00007ffebc9a0000 - 0x00007ffebca09000 	C:\Windows\system32\mswsock.dll
0x00007ffea7190000 - 0x00007ffea71a6000 	C:\Program Files\Java\jdk-20\bin\nio.dll
0x00007ffea6c00000 - 0x00007ffea6c18000 	C:\Program Files\Java\jdk-20\bin\zip.dll
0x00007ffea8ef0000 - 0x00007ffea8f00000 	C:\Program Files\Java\jdk-20\bin\verify.dll
0x00007ffea8e80000 - 0x00007ffea8ea7000 	C:\Users\deepk\.gradle\native\68d5fa5c4cc2d200863cafc0d521ce42e7d3e7ee720ec0a83991735586a16f82\windows-amd64\native-platform.dll
0x00007ffe84310000 - 0x00007ffe84454000 	C:\Users\deepk\.gradle\native\e376f236ea51e6404a007f0833ffe2c6e607c4080706a723a18a27aeea778392\windows-amd64\native-platform-file-events.dll
0x00007ffea8c50000 - 0x00007ffea8c5a000 	C:\Program Files\Java\jdk-20\bin\management.dll
0x00007ffea67b0000 - 0x00007ffea67bb000 	C:\Program Files\Java\jdk-20\bin\management_ext.dll
0x00007ffebf240000 - 0x00007ffebf248000 	C:\Windows\System32\PSAPI.DLL
0x00007ffebccc0000 - 0x00007ffebccdb000 	C:\Windows\SYSTEM32\CRYPTSP.dll
0x00007ffebc4b0000 - 0x00007ffebc4e5000 	C:\Windows\system32\rsaenh.dll
0x00007ffebca40000 - 0x00007ffebca68000 	C:\Windows\SYSTEM32\USERENV.dll
0x00007ffebce10000 - 0x00007ffebce38000 	C:\Windows\SYSTEM32\bcrypt.dll
0x00007ffebcca0000 - 0x00007ffebccac000 	C:\Windows\SYSTEM32\CRYPTBASE.dll
0x00007ffebc050000 - 0x00007ffebc07d000 	C:\Windows\SYSTEM32\IPHLPAPI.DLL
0x00007ffebf300000 - 0x00007ffebf309000 	C:\Windows\System32\NSI.dll
0x00007ffeb5260000 - 0x00007ffeb5279000 	C:\Windows\SYSTEM32\dhcpcsvc6.DLL
0x00007ffeb5160000 - 0x00007ffeb517f000 	C:\Windows\SYSTEM32\dhcpcsvc.DLL
0x00007ffebc080000 - 0x00007ffebc173000 	C:\Windows\SYSTEM32\DNSAPI.dll
0x00007ffea62f0000 - 0x00007ffea62f7000 	C:\Program Files\Java\jdk-20\bin\extnet.dll
0x00007ffea5d10000 - 0x00007ffea5d1e000 	C:\Program Files\Java\jdk-20\bin\sunmscapi.dll
0x00007ffebdbd0000 - 0x00007ffebdd37000 	C:\Windows\System32\CRYPT32.dll
0x00007ffebcde0000 - 0x00007ffebce0e000 	C:\Windows\SYSTEM32\ncrypt.dll
0x00007ffebcda0000 - 0x00007ffebcdd7000 	C:\Windows\SYSTEM32\NTASN1.dll
0x00007ffeaadd0000 - 0x00007ffeaadd8000 	C:\Windows\system32\wshunix.dll

dbghelp: loaded successfully - version: 4.0.5 - missing functions: none
symbol engine: initialized successfully - sym options: 0x614 - pdb path: .;C:\Program Files\Java\jdk-20\bin;C:\Windows\SYSTEM32;C:\Windows\WinSxS\amd64_microsoft.windows.common-controls_6595b64144ccf1df_6.0.22621.1635_none_270f70857386168e;C:\Program Files\Java\jdk-20\bin\server;C:\Users\deepk\.gradle\native\68d5fa5c4cc2d200863cafc0d521ce42e7d3e7ee720ec0a83991735586a16f82\windows-amd64;C:\Users\deepk\.gradle\native\e376f236ea51e6404a007f0833ffe2c6e607c4080706a723a18a27aeea778392\windows-amd64

VM Arguments:
jvm_args: -XX:MaxMetaspaceSize=512m --add-opens=java.base/java.util=ALL-UNNAMED --add-opens=java.base/java.lang=ALL-UNNAMED --add-opens=java.base/java.lang.invoke=ALL-UNNAMED --add-opens=java.prefs/java.util.prefs=ALL-UNNAMED --add-opens=java.base/java.nio.charset=ALL-UNNAMED --add-opens=java.base/java.net=ALL-UNNAMED --add-opens=java.base/java.util.concurrent.atomic=ALL-UNNAMED -Xmx2048m -Dfile.encoding=UTF-8 -Duser.country=IN -Duser.language=en -Duser.variant 
java_command: org.gradle.launcher.daemon.bootstrap.GradleDaemon 8.0.1
java_class_path (initial): C:\Users\deepk\.gradle\wrapper\dists\gradle-8.0.1-all\aro4hu1c3oeioove7l0i4i14o\gradle-8.0.1\lib\gradle-launcher-8.0.1.jar
Launcher Type: SUN_STANDARD

[Global flags]
     intx CICompilerCount                          = 4                                         {product} {ergonomic}
   size_t CompressedClassSpaceSize                 = 432013312                                 {product} {ergonomic}
     uint ConcGCThreads                            = 2                                         {product} {ergonomic}
     uint G1ConcRefinementThreads                  = 8                                         {product} {ergonomic}
   size_t G1HeapRegionSize                         = 1048576                                   {product} {ergonomic}
    uintx GCDrainStackTargetSize                   = 64                                        {product} {ergonomic}
   size_t InitialHeapSize                          = 100663296                                 {product} {ergonomic}
   size_t MarkStackSize                            = 4194304                                   {product} {ergonomic}
   size_t MaxHeapSize                              = 2147483648                                {product} {command line}
   size_t MaxMetaspaceSize                         = 536870912                                 {product} {command line}
   size_t MaxNewSize                               = 1287651328                                {product} {ergonomic}
   size_t MinHeapDeltaBytes                        = 1048576                                   {product} {ergonomic}
   size_t MinHeapSize                              = 8388608                                   {product} {ergonomic}
    uintx NonNMethodCodeHeapSize                   = 5839372                                {pd product} {ergonomic}
    uintx NonProfiledCodeHeapSize                  = 122909434                              {pd product} {ergonomic}
    uintx ProfiledCodeHeapSize                     = 122909434                              {pd product} {ergonomic}
    uintx ReservedCodeCacheSize                    = 251658240                              {pd product} {ergonomic}
     bool SegmentedCodeCache                       = true                                      {product} {ergonomic}
   size_t SoftMaxHeapSize                          = 2147483648                             {manageable} {ergonomic}
     bool UseCompressedClassPointers               = true                           {product lp64_product} {ergonomic}
     bool UseCompressedOops                        = true                           {product lp64_product} {ergonomic}
     bool UseG1GC                                  = true                                      {product} {ergonomic}
     bool UseLargePagesIndividualAllocation        = false                                  {pd product} {ergonomic}

Logging:
Log output configuration:
 #0: stdout all=warning uptime,level,tags foldmultilines=false
 #1: stderr all=off uptime,level,tags foldmultilines=false

Environment Variables:
JAVA_HOME=C:\Program Files\Java\jdk-20
CLASSPATH=D:\Krupali\ReactNativeProj\speerassessment\android\\gradle\wrapper\gradle-wrapper.jar
PATH=C:\Program Files\Common Files\Oracle\Java\javapath;C:\Program Files (x86)\VMware\VMware Workstation\bin\;C:\windows\system32;C:\windows;C:\windows\System32\Wbem;C:\windows\System32\WindowsPowerShell\v1.0\;C:\windows\System32\OpenSSH\;C:\Program Files (x86)\NVIDIA Corporation\PhysX\Common;C:\Program Files\NVIDIA Corporation\NVIDIA NvDLISR;C:\Windows\system32;C:\Windows;C:\Windows\System32\Wbem;C:\Windows\System32\WindowsPowerShell\v1.0\;C:\Windows\System32\OpenSSH\;C:\Program Files\nodejs\;C:\Users\deepk\AppData\Local\Android\sdk\platform-tools;C:\Program Files\Git\cmd;C:\Users\deepk\AppData\Local\Microsoft\WindowsApps;C:\Users\deepk\AppData\Local\Programs\Microsoft VS Code\bin;C:\Users\deepk\AppData\Roaming\npm;C:\Users\deepk\AppData\Local\Android\sdk\platform-tools;C:\Users\deepk\AppData\Local\GitHubDesktop\bin
USERNAME=deepk
OS=Windows_NT
PROCESSOR_IDENTIFIER=AMD64 Family 23 Model 24 Stepping 1, AuthenticAMD
TMP=C:\Users\deepk\AppData\Local\Temp
TEMP=C:\Users\deepk\AppData\Local\Temp




---------------  S Y S T E M  ---------------

OS:
 Windows 11 , 64 bit Build 22621 (10.0.22621.1635)
OS uptime: 71 days 22:19 hours
Hyper-V role detected

CPU: total 8 (initial active 8) (8 cores per cpu, 2 threads per core) family 23 model 24 stepping 1 microcode 0x0, cx8, cmov, fxsr, ht, mmx, 3dnowpref, sse, sse2, sse3, ssse3, sse4a, sse4.1, sse4.2, popcnt, lzcnt, tsc, tscinvbit, avx, avx2, aes, clmul, bmi1, bmi2, adx, sha, fma, vzeroupper, clflush, clflushopt, hv, rdtscp, f16c

Memory: 4k page, system-wide physical 6021M (576M free)
TotalPageFile size 24453M (AvailPageFile size 68M)
current process WorkingSet (physical memory assigned to process): 330M, peak: 358M
current process commit charge ("private bytes"): 388M, peak: 414M

vm_info: Java HotSpot(TM) 64-Bit Server VM (20.0.1+9-29) for windows-amd64 JRE (20.0.1+9-29), built on 2023-03-07T13:56:11Z by "mach5one" with MS VC++ 17.1 (VS2022)

END.
