#
# There is insufficient memory for the Java Runtime Environment to continue.
# Native memory allocation (mmap) failed to map 18874368 bytes for G1 virtual space
# Possible reasons:
#   The system is out of physical RAM or swap space
#   The process is running with CompressedOops enabled, and the Java Heap may be blocking the growth of the native heap
# Possible solutions:
#   Reduce memory load on the system
#   Increase physical memory or swap space
#   Check if swap backing store is full
#   Decrease Java heap size (-Xmx/-Xms)
#   Decrease number of Java threads
#   Decrease Java thread stack sizes (-Xss)
#   Set larger code cache with -XX:ReservedCodeCacheSize=
#   JVM is running with Unscaled Compressed Oops mode in which the Java heap is
#     placed in the first 4GB address space. The Java Heap base address is the
#     maximum limit for the native heap growth. Please use -XX:HeapBaseMinAddress
#     to set the Java Heap base and to place the Java Heap above 4GB virtual address.
# This output file may be truncated or incomplete.
#
#  Out of Memory Error (os_windows.cpp:3528), pid=42456, tid=43256
#
# JRE version: Java(TM) SE Runtime Environment (20.0.1+9) (build 20.0.1+9-29)
# Java VM: Java HotSpot(TM) 64-Bit Server VM (20.0.1+9-29, mixed mode, sharing, tiered, compressed oops, compressed class ptrs, g1 gc, windows-amd64)
# No core dump will be written. Minidumps are not enabled by default on client versions of Windows
#

---------------  S U M M A R Y ------------

Command Line: -XX:MaxMetaspaceSize=512m --add-opens=java.base/java.util=ALL-UNNAMED --add-opens=java.base/java.lang=ALL-UNNAMED --add-opens=java.base/java.lang.invoke=ALL-UNNAMED --add-opens=java.prefs/java.util.prefs=ALL-UNNAMED --add-opens=java.base/java.nio.charset=ALL-UNNAMED --add-opens=java.base/java.net=ALL-UNNAMED --add-opens=java.base/java.util.concurrent.atomic=ALL-UNNAMED -Xmx2048m -Dfile.encoding=UTF-8 -Duser.country=IN -Duser.language=en -Duser.variant org.gradle.launcher.daemon.bootstrap.GradleDaemon 8.0.1

Host: AMD Ryzen 5 3550H with Radeon Vega Mobile Gfx  , 8 cores, 5G,  Windows 11 , 64 bit Build 22621 (10.0.22621.1635)
Time: Sat Aug  5 09:25:13 2023 Eastern Daylight Time elapsed time: 57.398099 seconds (0d 0h 0m 57s)

---------------  T H R E A D  ---------------

Current thread (0x000002626e85a200):  VMThread "VM Thread" [stack: 0x000000bd04600000,0x000000bd04700000] [id=43256]

Stack: [0x000000bd04600000,0x000000bd04700000]
Native frames: (J=compiled Java code, j=interpreted, Vv=VM code, C=native code)
V  [jvm.dll+0x6bb95a]
V  [jvm.dll+0x8485fa]
V  [jvm.dll+0x84a1f5]
V  [jvm.dll+0x84a8f3]
V  [jvm.dll+0x280b0f]
V  [jvm.dll+0x6b86e9]
V  [jvm.dll+0x6ad2da]
V  [jvm.dll+0x35adf5]
V  [jvm.dll+0x363016]
V  [jvm.dll+0x3b3b3e]
V  [jvm.dll+0x3b3dc5]
V  [jvm.dll+0x32b50a]
V  [jvm.dll+0x32e126]
V  [jvm.dll+0x3381ee]
V  [jvm.dll+0x371a5a]
V  [jvm.dll+0x85023e]
V  [jvm.dll+0x851351]
V  [jvm.dll+0x851859]
V  [jvm.dll+0x851ad3]
V  [jvm.dll+0x7f4b56]
V  [jvm.dll+0x6ba5cb]
C  [ucrtbase.dll+0x29363]
C  [KERNEL32.DLL+0x126ad]
C  [ntdll.dll+0x5a9f8]

VM_Operation (0x000000bd042ff920): G1PauseRemark, mode: safepoint, requested by thread 0x000002624ff4e4e0


---------------  P R O C E S S  ---------------

Threads class SMR info:
_java_thread_list=0x0000026200852210, length=40, elements={
0x000002624fedc1c0, 0x000002626e87e6e0, 0x000002626e8802d0, 0x000002626e882890,
0x000002626e8853e0, 0x000002626e887d30, 0x000002626e888810, 0x000002626e8897c0,
0x000002626e88d8f0, 0x0000026272cf4820, 0x0000026272cf5850, 0x0000026273e17760,
0x00000262742d2880, 0x0000026273625eb0, 0x00000262742279c0, 0x000002627477f070,
0x0000026274781af0, 0x000002627477fb10, 0x000002627477f5c0, 0x0000026274780060,
0x00000262747805b0, 0x0000026274780b00, 0x0000026274781050, 0x00000262747815a0,
0x0000026274782040, 0x00000262761e4b20, 0x00000262761eb010, 0x00000262761e9030,
0x00000262761e6b00, 0x00000262761e8040, 0x00000262761e6060, 0x00000262761e7050,
0x00000262761e9ad0, 0x00000262761e5b10, 0x00000262761ea570, 0x00000262761ea020,
0x00000262761eaac0, 0x00000262761e8ae0, 0x0000026272eb9a20, 0x0000026272eb84e0
}

Java Threads: ( => current thread )
  0x000002624fedc1c0 JavaThread "main" [_thread_blocked, id=14164, stack(0x000000bd04000000,0x000000bd04100000)]
  0x000002626e87e6e0 JavaThread "Reference Handler" daemon [_thread_blocked, id=11772, stack(0x000000bd04700000,0x000000bd04800000)]
  0x000002626e8802d0 JavaThread "Finalizer" daemon [_thread_blocked, id=18752, stack(0x000000bd04800000,0x000000bd04900000)]
  0x000002626e882890 JavaThread "Signal Dispatcher" daemon [_thread_blocked, id=43912, stack(0x000000bd04900000,0x000000bd04a00000)]
  0x000002626e8853e0 JavaThread "Attach Listener" daemon [_thread_blocked, id=33452, stack(0x000000bd04a00000,0x000000bd04b00000)]
  0x000002626e887d30 JavaThread "Service Thread" daemon [_thread_blocked, id=17416, stack(0x000000bd04b00000,0x000000bd04c00000)]
  0x000002626e888810 JavaThread "Monitor Deflation Thread" daemon [_thread_blocked, id=32536, stack(0x000000bd04c00000,0x000000bd04d00000)]
  0x000002626e8897c0 JavaThread "C2 CompilerThread0" daemon [_thread_blocked, id=6936, stack(0x000000bd04d00000,0x000000bd04e00000)]
  0x000002626e88d8f0 JavaThread "C1 CompilerThread0" daemon [_thread_blocked, id=38824, stack(0x000000bd04e00000,0x000000bd04f00000)]
  0x0000026272cf4820 JavaThread "Common-Cleaner" daemon [_thread_blocked, id=15612, stack(0x000000bd04f00000,0x000000bd05000000)]
  0x0000026272cf5850 JavaThread "Notification Thread" daemon [_thread_blocked, id=28584, stack(0x000000bd05000000,0x000000bd05100000)]
  0x0000026273e17760 JavaThread "Daemon health stats" [_thread_blocked, id=42124, stack(0x000000bd05600000,0x000000bd05700000)]
  0x00000262742d2880 JavaThread "Incoming local TCP Connector on port 61818" [_thread_in_native, id=30916, stack(0x000000bd05700000,0x000000bd05800000)]
  0x0000026273625eb0 JavaThread "Daemon periodic checks" [_thread_blocked, id=28860, stack(0x000000bd05800000,0x000000bd05900000)]
  0x00000262742279c0 JavaThread "Daemon" [_thread_blocked, id=40072, stack(0x000000bd05900000,0x000000bd05a00000)]
  0x000002627477f070 JavaThread "Handler for socket connection from /127.0.0.1:61818 to /127.0.0.1:61819" [_thread_in_native, id=35012, stack(0x000000bd05a00000,0x000000bd05b00000)]
  0x0000026274781af0 JavaThread "Cancel handler" [_thread_blocked, id=16412, stack(0x000000bd05b00000,0x000000bd05c00000)]
  0x000002627477fb10 JavaThread "Daemon worker" [_thread_blocked, id=10264, stack(0x000000bd05c00000,0x000000bd05d00000)]
  0x000002627477f5c0 JavaThread "Asynchronous log dispatcher for DefaultDaemonConnection: socket connection from /127.0.0.1:61818 to /127.0.0.1:61819" [_thread_blocked, id=22572, stack(0x000000bd05d00000,0x000000bd05e00000)]
  0x0000026274780060 JavaThread "Stdin handler" [_thread_blocked, id=34132, stack(0x000000bd05e00000,0x000000bd05f00000)]
  0x00000262747805b0 JavaThread "Daemon client event forwarder" [_thread_blocked, id=36700, stack(0x000000bd05f00000,0x000000bd06000000)]
  0x0000026274780b00 JavaThread "Cache worker for journal cache (C:\Users\deepk\.gradle\caches\journal-1)" [_thread_blocked, id=1732, stack(0x000000bd06000000,0x000000bd06100000)]
  0x0000026274781050 JavaThread "File lock request listener" [_thread_in_native, id=43324, stack(0x000000bd06100000,0x000000bd06200000)]
  0x00000262747815a0 JavaThread "Cache worker for file hash cache (C:\Users\deepk\.gradle\caches\8.0.1\fileHashes)" [_thread_blocked, id=25960, stack(0x000000bd06200000,0x000000bd06300000)]
  0x0000026274782040 JavaThread "File watcher server" daemon [_thread_in_native, id=41632, stack(0x000000bd06600000,0x000000bd06700000)]
  0x00000262761e4b20 JavaThread "File watcher consumer" daemon [_thread_blocked, id=42240, stack(0x000000bd06700000,0x000000bd06800000)]
  0x00000262761eb010 JavaThread "Cache worker for checksums cache (D:\Krupali\ReactNativeProj\speerassessment\android\.gradle\8.0.1\checksums)" [_thread_blocked, id=38212, stack(0x000000bd06900000,0x000000bd06a00000)]
  0x00000262761e9030 JavaThread "Cache worker for cache directory md-rule (C:\Users\deepk\.gradle\caches\8.0.1\md-rule)" [_thread_blocked, id=36736, stack(0x000000bd06a00000,0x000000bd06b00000)]
  0x00000262761e6b00 JavaThread "Cache worker for file content cache (C:\Users\deepk\.gradle\caches\8.0.1\fileContent)" [_thread_blocked, id=43968, stack(0x000000bd06b00000,0x000000bd06c00000)]
  0x00000262761e8040 JavaThread "Cache worker for file hash cache (D:\Krupali\ReactNativeProj\speerassessment\android\.gradle\8.0.1\fileHashes)" [_thread_blocked, id=26432, stack(0x000000bd06c00000,0x000000bd06d00000)]
  0x00000262761e6060 JavaThread "Cache worker for cache directory md-supplier (C:\Users\deepk\.gradle\caches\8.0.1\md-supplier)" [_thread_blocked, id=9656, stack(0x000000bd06d00000,0x000000bd06e00000)]
  0x00000262761e7050 JavaThread "Cache worker for execution history cache (C:\Users\deepk\.gradle\caches\8.0.1\executionHistory)" [_thread_blocked, id=28816, stack(0x000000bd06e00000,0x000000bd06f00000)]
  0x00000262761e9ad0 JavaThread "jar transforms" [_thread_blocked, id=36228, stack(0x000000bd06f00000,0x000000bd07000000)]
  0x00000262761e5b10 JavaThread "jar transforms Thread 2" [_thread_blocked, id=11240, stack(0x000000bd07000000,0x000000bd07100000)]
  0x00000262761ea570 JavaThread "jar transforms Thread 3" [_thread_blocked, id=11196, stack(0x000000bd07100000,0x000000bd07200000)]
  0x00000262761ea020 JavaThread "jar transforms Thread 4" [_thread_blocked, id=30484, stack(0x000000bd07200000,0x000000bd07300000)]
  0x00000262761eaac0 JavaThread "Cache worker for kotlin-dsl (C:\Users\deepk\.gradle\caches\8.0.1\kotlin-dsl)" [_thread_blocked, id=26104, stack(0x000000bd07500000,0x000000bd07600000)]
  0x00000262761e8ae0 JavaThread "jar transforms Thread 5" [_thread_blocked, id=8396, stack(0x000000bd07600000,0x000000bd07700000)]
  0x0000026272eb9a20 JavaThread "jar transforms Thread 6" [_thread_blocked, id=20604, stack(0x000000bd07700000,0x000000bd07800000)]
  0x0000026272eb84e0 JavaThread "Cache worker for dependencies-accessors (D:\Krupali\ReactNativeProj\speerassessment\android\.gradle\8.0.1\dependencies-accessors)" [_thread_blocked, id=35128, stack(0x000000bd07800000,0x000000bd07900000)]

Other Threads:
=>0x000002626e85a200 VMThread "VM Thread" [stack: 0x000000bd04600000,0x000000bd04700000] [id=43256]
  0x0000026272cf77d0 WatcherThread "VM Periodic Task Thread" [stack: 0x000000bd05100000,0x000000bd05200000] [id=36884]
  0x000002624ff3d5d0 WorkerThread "GC Thread#0" [stack: 0x000000bd04100000,0x000000bd04200000] [id=42248]
  0x0000026273602c80 WorkerThread "GC Thread#1" [stack: 0x000000bd05200000,0x000000bd05300000] [id=12348]
  0x0000026273688610 WorkerThread "GC Thread#2" [stack: 0x000000bd05300000,0x000000bd05400000] [id=39120]
  0x0000026273688cf0 WorkerThread "GC Thread#3" [stack: 0x000000bd05400000,0x000000bd05500000] [id=42212]
  0x0000026273526790 WorkerThread "GC Thread#4" [stack: 0x000000bd05500000,0x000000bd05600000] [id=22276]
  0x0000026273527b40 WorkerThread "GC Thread#5" [stack: 0x000000bd06300000,0x000000bd06400000] [id=19152]
  0x0000026273526d30 WorkerThread "GC Thread#6" [stack: 0x000000bd06400000,0x000000bd06500000] [id=36236]
  0x0000026273527000 WorkerThread "GC Thread#7" [stack: 0x000000bd06500000,0x000000bd06600000] [id=43340]
  0x000002624ff4e4e0 ConcurrentGCThread "G1 Main Marker" [stack: 0x000000bd04200000,0x000000bd04300000] [id=6580]
  0x000002624ff4f210 WorkerThread "G1 Conc#0" [stack: 0x000000bd04300000,0x000000bd04400000] [id=28776]
  0x0000026275593280 WorkerThread "G1 Conc#1" [stack: 0x000000bd06800000,0x000000bd06900000] [id=18984]
  0x000002624ff98eb0 ConcurrentGCThread "G1 Refine#0" [stack: 0x000000bd04400000,0x000000bd04500000] [id=43252]
  0x000002624ff99950 ConcurrentGCThread "G1 Service" [stack: 0x000000bd04500000,0x000000bd04600000] [id=43320]

Threads with active compile tasks:

VM state: at safepoint (normal execution)

VM Mutex/Monitor currently owned by a thread:  ([mutex/lock_event])
[0x000002624fed69d0] Threads_lock - owner thread: 0x000002626e85a200
[0x000002624fed88c0] Heap_lock - owner thread: 0x000002624ff4e4e0

Heap address: 0x0000000080000000, size: 2048 MB, Compressed Oops mode: 32-bit

CDS archive(s) mapped at: [0x0000000800000000-0x0000000800c60000-0x0000000800c60000), size 12976128, SharedBaseAddress: 0x0000000800000000, ArchiveRelocationMode: 0.
Compressed class space mapped at: 0x0000000801000000-0x000000081ac00000, reserved size: 432013312
Narrow klass base: 0x0000000800000000, Narrow klass shift: 0, Narrow klass range: 0x100000000

GC Precious Log:
 CardTable entry size: 512
 Card Set container configuration: InlinePtr #cards 5 size 8 Array Of Cards #cards 12 size 40 Howl #buckets 4 coarsen threshold 1843 Howl Bitmap #cards 512 size 80 coarsen threshold 460 Card regions per heap region 1 cards per card region 2048
 CPUs: 8 total, 8 available
 Memory: 6021M
 Large Page Support: Disabled
 NUMA Support: Disabled
 Compressed Oops: Enabled (32-bit)
 Heap Region Size: 1M
 Heap Min Capacity: 8M
 Heap Initial Capacity: 96M
 Heap Max Capacity: 2G
 Pre-touch: Disabled
 Parallel Workers: 8
 Concurrent Workers: 2
 Concurrent Refinement Workers: 8
 Periodic GC: Disabled

Heap:
 garbage-first heap   total 140288K, used 93463K [0x0000000080000000, 0x0000000100000000)
  region size 1024K, 8 young (8192K), 5 survivors (5120K)
 Metaspace       used 100003K, committed 102080K, reserved 552960K
  class space    used 12922K, committed 13952K, reserved 421888K

Heap Regions: E=young(eden), S=young(survivor), O=old, HS=humongous(starts), HC=humongous(continues), CS=collection set, F=free, OA=open archive, CA=closed archive, TAMS=top-at-mark-start, PB=parsable bottom
|   0|0x0000000080000000, 0x0000000080100000, 0x0000000080100000|100%|HS|  |TAMS 0x0000000080100000| PB 0x0000000080000000| Complete 
|   1|0x0000000080100000, 0x0000000080200000, 0x0000000080200000|100%|HC|  |TAMS 0x0000000080200000| PB 0x0000000080100000| Complete 
|   2|0x0000000080200000, 0x0000000080300000, 0x0000000080300000|100%|HC|  |TAMS 0x0000000080300000| PB 0x0000000080200000| Complete 
|   3|0x0000000080300000, 0x0000000080400000, 0x0000000080400000|100%|HC|  |TAMS 0x0000000080400000| PB 0x0000000080300000| Complete 
|   4|0x0000000080400000, 0x0000000080500000, 0x0000000080500000|100%| O|  |TAMS 0x0000000080500000| PB 0x0000000080500000| Untracked 
|   5|0x0000000080500000, 0x0000000080600000, 0x0000000080600000|100%| O|  |TAMS 0x0000000080600000| PB 0x0000000080600000| Updating 
|   6|0x0000000080600000, 0x0000000080700000, 0x0000000080700000|100%| O|  |TAMS 0x0000000080700000| PB 0x0000000080700000| Untracked 
|   7|0x0000000080700000, 0x0000000080800000, 0x0000000080800000|100%| O|  |TAMS 0x0000000080800000| PB 0x0000000080800000| Untracked 
|   8|0x0000000080800000, 0x0000000080900000, 0x0000000080900000|100%| O|  |TAMS 0x0000000080900000| PB 0x0000000080900000| Untracked 
|   9|0x0000000080900000, 0x0000000080a00000, 0x0000000080a00000|100%| O|  |TAMS 0x0000000080a00000| PB 0x0000000080a00000| Updating 
|  10|0x0000000080a00000, 0x0000000080b00000, 0x0000000080b00000|100%| O|  |TAMS 0x0000000080b00000| PB 0x0000000080b00000| Untracked 
|  11|0x0000000080b00000, 0x0000000080c00000, 0x0000000080c00000|100%| O|  |TAMS 0x0000000080c00000| PB 0x0000000080c00000| Updating 
|  12|0x0000000080c00000, 0x0000000080d00000, 0x0000000080d00000|100%| O|  |TAMS 0x0000000080d00000| PB 0x0000000080d00000| Updating 
|  13|0x0000000080d00000, 0x0000000080e00000, 0x0000000080e00000|100%| O|  |TAMS 0x0000000080e00000| PB 0x0000000080e00000| Untracked 
|  14|0x0000000080e00000, 0x0000000080f00000, 0x0000000080f00000|100%| O|  |TAMS 0x0000000080f00000| PB 0x0000000080f00000| Untracked 
|  15|0x0000000080f00000, 0x0000000081000000, 0x0000000081000000|100%| O|  |TAMS 0x0000000081000000| PB 0x0000000081000000| Updating 
|  16|0x0000000081000000, 0x0000000081100000, 0x0000000081100000|100%| O|  |TAMS 0x0000000081100000| PB 0x0000000081100000| Untracked 
|  17|0x0000000081100000, 0x0000000081200000, 0x0000000081200000|100%| O|  |TAMS 0x0000000081200000| PB 0x0000000081200000| Untracked 
|  18|0x0000000081200000, 0x0000000081300000, 0x0000000081300000|100%| O|  |TAMS 0x0000000081300000| PB 0x0000000081300000| Untracked 
|  19|0x0000000081300000, 0x0000000081400000, 0x0000000081400000|100%| O|  |TAMS 0x0000000081400000| PB 0x0000000081400000| Updating 
|  20|0x0000000081400000, 0x0000000081500000, 0x0000000081500000|100%| O|  |TAMS 0x0000000081500000| PB 0x0000000081500000| Untracked 
|  21|0x0000000081500000, 0x0000000081600000, 0x0000000081600000|100%| O|  |TAMS 0x0000000081600000| PB 0x0000000081600000| Untracked 
|  22|0x0000000081600000, 0x0000000081700000, 0x0000000081700000|100%| O|  |TAMS 0x0000000081700000| PB 0x0000000081700000| Untracked 
|  23|0x0000000081700000, 0x0000000081800000, 0x0000000081800000|100%| O|  |TAMS 0x0000000081800000| PB 0x0000000081800000| Untracked 
|  24|0x0000000081800000, 0x0000000081900000, 0x0000000081900000|100%| O|  |TAMS 0x0000000081900000| PB 0x0000000081900000| Untracked 
|  25|0x0000000081900000, 0x0000000081a00000, 0x0000000081a00000|100%| O|  |TAMS 0x0000000081a00000| PB 0x0000000081a00000| Untracked 
|  26|0x0000000081a00000, 0x0000000081b00000, 0x0000000081b00000|100%| O|  |TAMS 0x0000000081b00000| PB 0x0000000081b00000| Untracked 
|  27|0x0000000081b00000, 0x0000000081c00000, 0x0000000081c00000|100%| O|  |TAMS 0x0000000081c00000| PB 0x0000000081c00000| Untracked 
|  28|0x0000000081c00000, 0x0000000081d00000, 0x0000000081d00000|100%| O|  |TAMS 0x0000000081d00000| PB 0x0000000081d00000| Untracked 
|  29|0x0000000081d00000, 0x0000000081e00000, 0x0000000081e00000|100%|HS|  |TAMS 0x0000000081e00000| PB 0x0000000081d00000| Complete 
|  30|0x0000000081e00000, 0x0000000081f00000, 0x0000000081f00000|100%|HC|  |TAMS 0x0000000081f00000| PB 0x0000000081e00000| Complete 
|  31|0x0000000081f00000, 0x0000000082000000, 0x0000000082000000|100%|HC|  |TAMS 0x0000000082000000| PB 0x0000000081f00000| Complete 
|  32|0x0000000082000000, 0x0000000082100000, 0x0000000082100000|100%|HC|  |TAMS 0x0000000082100000| PB 0x0000000082000000| Complete 
|  33|0x0000000082100000, 0x0000000082200000, 0x0000000082200000|100%| O|  |TAMS 0x0000000082200000| PB 0x0000000082200000| Updating 
|  34|0x0000000082200000, 0x0000000082300000, 0x0000000082300000|100%| O|  |TAMS 0x0000000082300000| PB 0x0000000082300000| Untracked 
|  35|0x0000000082300000, 0x0000000082400000, 0x0000000082400000|100%| O|  |TAMS 0x0000000082400000| PB 0x0000000082400000| Untracked 
|  36|0x0000000082400000, 0x0000000082500000, 0x0000000082500000|100%| O|  |TAMS 0x0000000082500000| PB 0x0000000082500000| Untracked 
|  37|0x0000000082500000, 0x0000000082600000, 0x0000000082600000|100%| O|  |TAMS 0x0000000082600000| PB 0x0000000082600000| Updating 
|  38|0x0000000082600000, 0x0000000082700000, 0x0000000082700000|100%| O|  |TAMS 0x0000000082700000| PB 0x0000000082700000| Untracked 
|  39|0x0000000082700000, 0x0000000082800000, 0x0000000082800000|100%| O|  |TAMS 0x0000000082700000| PB 0x0000000082700000| Untracked 
|  40|0x0000000082800000, 0x0000000082900000, 0x0000000082900000|100%| O|  |TAMS 0x0000000082900000| PB 0x0000000082900000| Untracked 
|  41|0x0000000082900000, 0x0000000082a00000, 0x0000000082a00000|100%| O|  |TAMS 0x0000000082a00000| PB 0x0000000082a00000| Untracked 
|  42|0x0000000082a00000, 0x0000000082b00000, 0x0000000082b00000|100%| O|  |TAMS 0x0000000082b00000| PB 0x0000000082b00000| Untracked 
|  43|0x0000000082b00000, 0x0000000082c00000, 0x0000000082c00000|100%| O|  |TAMS 0x0000000082c00000| PB 0x0000000082c00000| Untracked 
|  44|0x0000000082c00000, 0x0000000082d00000, 0x0000000082d00000|100%| O|  |TAMS 0x0000000082d00000| PB 0x0000000082d00000| Untracked 
|  45|0x0000000082d00000, 0x0000000082e00000, 0x0000000082e00000|100%| O|  |TAMS 0x0000000082e00000| PB 0x0000000082e00000| Updating 
|  46|0x0000000082e00000, 0x0000000082f00000, 0x0000000082f00000|100%|HS|  |TAMS 0x0000000082f00000| PB 0x0000000082e00000| Complete 
|  47|0x0000000082f00000, 0x0000000083000000, 0x0000000083000000|100%|HC|  |TAMS 0x0000000083000000| PB 0x0000000082f00000| Complete 
|  48|0x0000000083000000, 0x0000000083100000, 0x0000000083100000|100%|HC|  |TAMS 0x0000000083100000| PB 0x0000000083000000| Complete 
|  49|0x0000000083100000, 0x0000000083200000, 0x0000000083200000|100%|HC|  |TAMS 0x0000000083200000| PB 0x0000000083100000| Complete 
|  50|0x0000000083200000, 0x0000000083300000, 0x0000000083300000|100%|HC|  |TAMS 0x0000000083300000| PB 0x0000000083200000| Complete 
|  51|0x0000000083300000, 0x0000000083400000, 0x0000000083400000|100%|HC|  |TAMS 0x0000000083400000| PB 0x0000000083300000| Complete 
|  52|0x0000000083400000, 0x0000000083500000, 0x0000000083500000|100%| O|  |TAMS 0x0000000083500000| PB 0x0000000083500000| Untracked 
|  53|0x0000000083500000, 0x0000000083600000, 0x0000000083600000|100%| O|  |TAMS 0x0000000083600000| PB 0x0000000083600000| Updating 
|  54|0x0000000083600000, 0x0000000083700000, 0x0000000083700000|100%| O|  |TAMS 0x0000000083700000| PB 0x0000000083700000| Updating 
|  55|0x0000000083700000, 0x0000000083800000, 0x0000000083800000|100%| O|  |TAMS 0x0000000083800000| PB 0x0000000083800000| Untracked 
|  56|0x0000000083800000, 0x0000000083900000, 0x0000000083900000|100%| O|  |TAMS 0x0000000083900000| PB 0x0000000083900000| Updating 
|  57|0x0000000083900000, 0x0000000083a00000, 0x0000000083a00000|100%| O|  |TAMS 0x0000000083a00000| PB 0x0000000083a00000| Updating 
|  58|0x0000000083a00000, 0x0000000083b00000, 0x0000000083b00000|100%| O|  |TAMS 0x0000000083b00000| PB 0x0000000083b00000| Updating 
|  59|0x0000000083b00000, 0x0000000083c00000, 0x0000000083c00000|100%| O|  |TAMS 0x0000000083c00000| PB 0x0000000083c00000| Updating 
|  60|0x0000000083c00000, 0x0000000083d00000, 0x0000000083d00000|100%| O|  |TAMS 0x0000000083d00000| PB 0x0000000083d00000| Updating 
|  61|0x0000000083d00000, 0x0000000083e00000, 0x0000000083e00000|100%| O|  |TAMS 0x0000000083e00000| PB 0x0000000083e00000| Updating 
|  62|0x0000000083e00000, 0x0000000083f00000, 0x0000000083f00000|100%| O|  |TAMS 0x0000000083f00000| PB 0x0000000083f00000| Updating 
|  63|0x0000000083f00000, 0x0000000084000000, 0x0000000084000000|100%| O|  |TAMS 0x0000000084000000| PB 0x0000000084000000| Updating 
|  64|0x0000000084000000, 0x0000000084100000, 0x0000000084100000|100%| O|  |TAMS 0x0000000084100000| PB 0x0000000084100000| Updating 
|  65|0x0000000084100000, 0x0000000084200000, 0x0000000084200000|100%| O|  |TAMS 0x0000000084200000| PB 0x0000000084200000| Updating 
|  66|0x0000000084200000, 0x0000000084300000, 0x0000000084300000|100%| O|  |TAMS 0x0000000084300000| PB 0x0000000084300000| Updating 
|  67|0x0000000084300000, 0x0000000084400000, 0x0000000084400000|100%| O|  |TAMS 0x0000000084300000| PB 0x0000000084300000| Untracked 
|  68|0x0000000084400000, 0x0000000084500000, 0x0000000084500000|100%| O|  |TAMS 0x0000000084500000| PB 0x0000000084500000| Updating 
|  69|0x0000000084500000, 0x0000000084600000, 0x0000000084600000|100%| O|  |TAMS 0x0000000084600000| PB 0x0000000084600000| Updating 
|  70|0x0000000084600000, 0x0000000084700000, 0x0000000084700000|100%| O|  |TAMS 0x0000000084600000| PB 0x0000000084600000| Untracked 
|  71|0x0000000084700000, 0x0000000084800000, 0x0000000084800000|100%| O|  |TAMS 0x0000000084800000| PB 0x0000000084800000| Untracked 
|  72|0x0000000084800000, 0x0000000084900000, 0x0000000084900000|100%| O|  |TAMS 0x0000000084900000| PB 0x0000000084900000| Untracked 
|  73|0x0000000084900000, 0x0000000084a00000, 0x0000000084a00000|100%| O|  |TAMS 0x0000000084a00000| PB 0x0000000084a00000| Updating 
|  74|0x0000000084a00000, 0x0000000084b00000, 0x0000000084b00000|100%| O|  |TAMS 0x0000000084b00000| PB 0x0000000084b00000| Updating 
|  75|0x0000000084b00000, 0x0000000084c00000, 0x0000000084c00000|100%| O|  |TAMS 0x0000000084c00000| PB 0x0000000084c00000| Updating 
|  76|0x0000000084c00000, 0x0000000084d00000, 0x0000000084d00000|100%| O|  |TAMS 0x0000000084d00000| PB 0x0000000084d00000| Updating 
|  77|0x0000000084d00000, 0x0000000084e00000, 0x0000000084e00000|100%| O|  |TAMS 0x0000000084d53e00| PB 0x0000000084d53e00| Updating 
|  78|0x0000000084e00000, 0x0000000084e00000, 0x0000000084f00000|  0%| F|  |TAMS 0x0000000084e00000| PB 0x0000000084e00000| Untracked 
|  79|0x0000000084f00000, 0x0000000084f00000, 0x0000000085000000|  0%| F|  |TAMS 0x0000000084f00000| PB 0x0000000084f00000| Untracked 
|  80|0x0000000085000000, 0x0000000085000000, 0x0000000085100000|  0%| F|  |TAMS 0x0000000085000000| PB 0x0000000085000000| Untracked 
|  81|0x0000000085100000, 0x0000000085100000, 0x0000000085200000|  0%| F|  |TAMS 0x0000000085100000| PB 0x0000000085100000| Untracked 
|  82|0x0000000085200000, 0x0000000085200000, 0x0000000085300000|  0%| F|  |TAMS 0x0000000085200000| PB 0x0000000085200000| Untracked 
|  83|0x0000000085300000, 0x0000000085300000, 0x0000000085400000|  0%| F|  |TAMS 0x0000000085300000| PB 0x0000000085300000| Untracked 
|  84|0x0000000085400000, 0x0000000085400000, 0x0000000085500000|  0%| F|  |TAMS 0x0000000085400000| PB 0x0000000085400000| Untracked 
|  85|0x0000000085500000, 0x0000000085500000, 0x0000000085600000|  0%| F|  |TAMS 0x0000000085500000| PB 0x0000000085500000| Untracked 
|  86|0x0000000085600000, 0x0000000085645c78, 0x0000000085700000| 27%| S|CS|TAMS 0x0000000085600000| PB 0x0000000085600000| Complete 
|  87|0x0000000085700000, 0x0000000085800000, 0x0000000085800000|100%| S|CS|TAMS 0x0000000085700000| PB 0x0000000085700000| Complete 
|  88|0x0000000085800000, 0x0000000085900000, 0x0000000085900000|100%| S|CS|TAMS 0x0000000085800000| PB 0x0000000085800000| Complete 
|  89|0x0000000085900000, 0x0000000085a00000, 0x0000000085a00000|100%| S|CS|TAMS 0x0000000085900000| PB 0x0000000085900000| Complete 
|  90|0x0000000085a00000, 0x0000000085b00000, 0x0000000085b00000|100%| S|CS|TAMS 0x0000000085a00000| PB 0x0000000085a00000| Complete 
|  91|0x0000000085b00000, 0x0000000085b00000, 0x0000000085c00000|  0%| F|  |TAMS 0x0000000085b00000| PB 0x0000000085b00000| Untracked 
|  92|0x0000000085c00000, 0x0000000085c00000, 0x0000000085d00000|  0%| F|  |TAMS 0x0000000085c00000| PB 0x0000000085c00000| Untracked 
|  93|0x0000000085d00000, 0x0000000085d00000, 0x0000000085e00000|  0%| F|  |TAMS 0x0000000085d00000| PB 0x0000000085d00000| Untracked 
|  94|0x0000000085e00000, 0x0000000085e00000, 0x0000000085f00000|  0%| F|  |TAMS 0x0000000085e00000| PB 0x0000000085e00000| Untracked 
|  95|0x0000000085f00000, 0x0000000085f00000, 0x0000000086000000|  0%| F|  |TAMS 0x0000000085f00000| PB 0x0000000085f00000| Untracked 
|  96|0x0000000086000000, 0x0000000086000000, 0x0000000086100000|  0%| F|  |TAMS 0x0000000086000000| PB 0x0000000086000000| Untracked 
|  97|0x0000000086100000, 0x0000000086100000, 0x0000000086200000|  0%| F|  |TAMS 0x0000000086100000| PB 0x0000000086100000| Untracked 
|  98|0x0000000086200000, 0x0000000086200000, 0x0000000086300000|  0%| F|  |TAMS 0x0000000086200000| PB 0x0000000086200000| Untracked 
|  99|0x0000000086300000, 0x0000000086300000, 0x0000000086400000|  0%| F|  |TAMS 0x0000000086300000| PB 0x0000000086300000| Untracked 
| 100|0x0000000086400000, 0x0000000086400000, 0x0000000086500000|  0%| F|  |TAMS 0x0000000086400000| PB 0x0000000086400000| Untracked 
| 101|0x0000000086500000, 0x0000000086500000, 0x0000000086600000|  0%| F|  |TAMS 0x0000000086500000| PB 0x0000000086500000| Untracked 
| 102|0x0000000086600000, 0x0000000086600000, 0x0000000086700000|  0%| F|  |TAMS 0x0000000086600000| PB 0x0000000086600000| Untracked 
| 103|0x0000000086700000, 0x0000000086700000, 0x0000000086800000|  0%| F|  |TAMS 0x0000000086700000| PB 0x0000000086700000| Untracked 
| 104|0x0000000086800000, 0x0000000086800000, 0x0000000086900000|  0%| F|  |TAMS 0x0000000086800000| PB 0x0000000086800000| Untracked 
| 105|0x0000000086900000, 0x0000000086900000, 0x0000000086a00000|  0%| F|  |TAMS 0x0000000086900000| PB 0x0000000086900000| Untracked 
| 106|0x0000000086a00000, 0x0000000086a00000, 0x0000000086b00000|  0%| F|  |TAMS 0x0000000086a00000| PB 0x0000000086a00000| Untracked 
| 107|0x0000000086b00000, 0x0000000086b00000, 0x0000000086c00000|  0%| F|  |TAMS 0x0000000086b00000| PB 0x0000000086b00000| Untracked 
| 108|0x0000000086c00000, 0x0000000086c00000, 0x0000000086d00000|  0%| F|  |TAMS 0x0000000086c00000| PB 0x0000000086c00000| Untracked 
| 109|0x0000000086d00000, 0x0000000086d00000, 0x0000000086e00000|  0%| F|  |TAMS 0x0000000086d00000| PB 0x0000000086d00000| Untracked 
| 110|0x0000000086e00000, 0x0000000086e00000, 0x0000000086f00000|  0%| F|  |TAMS 0x0000000086e00000| PB 0x0000000086e00000| Untracked 
| 111|0x0000000086f00000, 0x0000000086f00000, 0x0000000087000000|  0%| F|  |TAMS 0x0000000086f00000| PB 0x0000000086f00000| Untracked 
| 112|0x0000000087000000, 0x0000000087000000, 0x0000000087100000|  0%| F|  |TAMS 0x0000000087000000| PB 0x0000000087000000| Untracked 
| 113|0x0000000087100000, 0x0000000087100000, 0x0000000087200000|  0%| F|  |TAMS 0x0000000087100000| PB 0x0000000087100000| Untracked 
| 114|0x0000000087200000, 0x0000000087200000, 0x0000000087300000|  0%| F|  |TAMS 0x0000000087200000| PB 0x0000000087200000| Untracked 
| 115|0x0000000087300000, 0x0000000087300000, 0x0000000087400000|  0%| F|  |TAMS 0x0000000087300000| PB 0x0000000087300000| Untracked 
| 116|0x0000000087400000, 0x0000000087400000, 0x0000000087500000|  0%| F|  |TAMS 0x0000000087400000| PB 0x0000000087400000| Untracked 
| 117|0x0000000087500000, 0x0000000087500000, 0x0000000087600000|  0%| F|  |TAMS 0x0000000087500000| PB 0x0000000087500000| Untracked 
| 118|0x0000000087600000, 0x0000000087600000, 0x0000000087700000|  0%| F|  |TAMS 0x0000000087600000| PB 0x0000000087600000| Untracked 
| 119|0x0000000087700000, 0x0000000087700000, 0x0000000087800000|  0%| F|  |TAMS 0x0000000087700000| PB 0x0000000087700000| Untracked 
| 120|0x0000000087800000, 0x0000000087800000, 0x0000000087900000|  0%| F|  |TAMS 0x0000000087800000| PB 0x0000000087800000| Untracked 
| 121|0x0000000087900000, 0x0000000087900000, 0x0000000087a00000|  0%| F|  |TAMS 0x0000000087900000| PB 0x0000000087900000| Untracked 
| 122|0x0000000087a00000, 0x0000000087a00000, 0x0000000087b00000|  0%| F|  |TAMS 0x0000000087a00000| PB 0x0000000087a00000| Untracked 
| 123|0x0000000087b00000, 0x0000000087b00000, 0x0000000087c00000|  0%| F|  |TAMS 0x0000000087b00000| PB 0x0000000087b00000| Untracked 
| 124|0x0000000087c00000, 0x0000000087c00000, 0x0000000087d00000|  0%| F|  |TAMS 0x0000000087c00000| PB 0x0000000087c00000| Untracked 
| 125|0x0000000087d00000, 0x0000000087d00000, 0x0000000087e00000|  0%| F|  |TAMS 0x0000000087d00000| PB 0x0000000087d00000| Untracked 
| 126|0x0000000087e00000, 0x0000000087e00000, 0x0000000087f00000|  0%| F|  |TAMS 0x0000000087e00000| PB 0x0000000087e00000| Untracked 
| 127|0x0000000087f00000, 0x0000000087f80800, 0x0000000088000000| 50%| E|  |TAMS 0x0000000087f00000| PB 0x0000000087f00000| Complete 
| 128|0x0000000088000000, 0x0000000088100000, 0x0000000088100000|100%| E|CS|TAMS 0x0000000088000000| PB 0x0000000088000000| Complete 
| 129|0x0000000088100000, 0x0000000088200000, 0x0000000088200000|100%| E|CS|TAMS 0x0000000088100000| PB 0x0000000088100000| Complete 
|2041|0x00000000ff900000, 0x00000000ffa00000, 0x00000000ffa00000|100%| O|  |TAMS 0x00000000ffa00000| PB 0x00000000ffa00000| Updating 
|2042|0x00000000ffa00000, 0x00000000ffb00000, 0x00000000ffb00000|100%| O|  |TAMS 0x00000000ffb00000| PB 0x00000000ffb00000| Updating 
|2043|0x00000000ffb00000, 0x00000000ffc00000, 0x00000000ffc00000|100%| O|  |TAMS 0x00000000ffc00000| PB 0x00000000ffc00000| Untracked 
|2044|0x00000000ffc00000, 0x00000000ffd00000, 0x00000000ffd00000|100%| O|  |TAMS 0x00000000ffd00000| PB 0x00000000ffd00000| Untracked 
|2045|0x00000000ffd00000, 0x00000000ffe00000, 0x00000000ffe00000|100%| O|  |TAMS 0x00000000ffe00000| PB 0x00000000ffe00000| Untracked 
|2046|0x00000000ffe00000, 0x00000000fff00000, 0x00000000fff00000|100%| O|  |TAMS 0x00000000fff00000| PB 0x00000000fff00000| Untracked 
|2047|0x00000000fff00000, 0x0000000100000000, 0x0000000100000000|100%| O|  |TAMS 0x0000000100000000| PB 0x0000000100000000| Untracked 

Card table byte_map: [0x00000262695e0000,0x00000262699e0000] _byte_map_base: 0x00000262691e0000

Marking Bits: (CMBitMap*) 0x000002624ff3dc00
 Bits: [0x0000026269de0000, 0x000002626bde0000)

Polling page: 0x000002624ffa0000

Metaspace:

Usage:
  Non-class:     85.04 MB used.
      Class:     12.62 MB used.
       Both:     97.66 MB used.

Virtual space:
  Non-class space:      128.00 MB reserved,      86.06 MB ( 67%) committed,  2 nodes.
      Class space:      412.00 MB reserved,      13.62 MB (  3%) committed,  1 nodes.
             Both:      540.00 MB reserved,      99.69 MB ( 18%) committed. 

Chunk freelists:
   Non-Class:  1.80 MB
       Class:  2.30 MB
        Both:  4.09 MB

MaxMetaspaceSize: 512.00 MB
CompressedClassSpaceSize: 412.00 MB
Initial GC threshold: 21.00 MB
Current GC threshold: 157.94 MB
CDS: on
MetaspaceReclaimPolicy: balanced
 - commit_granule_bytes: 65536.
 - commit_granule_words: 8192.
 - virtual_space_node_default_size: 8388608.
 - enlarge_chunks_in_place: 1.
 - new_chunks_are_fully_committed: 0.
 - uncommit_free_chunks: 1.
 - use_allocation_guard: 0.


Internal statistics:

num_allocs_failed_limit: 6.
num_arena_births: 3540.
num_arena_deaths: 0.
num_vsnodes_births: 3.
num_vsnodes_deaths: 0.
num_space_committed: 1593.
num_space_uncommitted: 0.
num_chunks_returned_to_freelist: 6.
num_chunks_taken_from_freelist: 7504.
num_chunk_merges: 3.
num_chunk_splits: 5392.
num_chunks_enlarged: 3853.
num_inconsistent_stats: 0.

CodeHeap 'non-profiled nmethods': size=120000Kb used=3778Kb max_used=3894Kb free=116221Kb
 bounds [0x0000026261230000, 0x0000026261600000, 0x0000026268760000]
CodeHeap 'profiled nmethods': size=120000Kb used=14798Kb max_used=15735Kb free=105201Kb
 bounds [0x0000026259760000, 0x000002625a6c0000, 0x0000026260c90000]
CodeHeap 'non-nmethods': size=5760Kb used=3039Kb max_used=3063Kb free=2720Kb
 bounds [0x0000026260c90000, 0x0000026260fa0000, 0x0000026261230000]
 total_blobs=8718 nmethods=7669 adapters=957
 compilation: enabled
              stopped_count=0, restarted_count=0
 full_count=0

Compilation events (20 events):
Event: 57.256 Thread 0x000002626e88d8f0 9068       3       com.google.common.reflect.TypeResolver::resolveType (74 bytes)
Event: 57.256 Thread 0x000002626e88d8f0 nmethod 9068 0x000002625a6baa10 code [0x000002625a6baca0, 0x000002625a6bbaf0]
Event: 57.258 Thread 0x000002626e88d8f0 9069       3       java.lang.Long::bitCount (61 bytes)
Event: 57.258 Thread 0x000002626e88d8f0 nmethod 9069 0x000002625a6bbd90 code [0x000002625a6bbf20, 0x000002625a6bc098]
Event: 57.258 Thread 0x000002626e8897c0 9070       4       java.lang.Long::bitCount (61 bytes)
Event: 57.259 Thread 0x000002626e8897c0 nmethod 9070 0x00000262615fce90 code [0x00000262615fd000, 0x00000262615fd0e0]
Event: 57.270 Thread 0x000002626e88d8f0 9071       3       java.lang.invoke.InvokerBytecodeGenerator::isStaticallyInvocableType (50 bytes)
Event: 57.270 Thread 0x000002626e88d8f0 nmethod 9071 0x000002625a6bc110 code [0x000002625a6bc2e0, 0x000002625a6bc5f8]
Event: 57.294 Thread 0x000002626e88d8f0 9073       3       java.util.concurrent.atomic.AtomicInteger::<init> (5 bytes)
Event: 57.294 Thread 0x000002626e88d8f0 nmethod 9073 0x000002625a6bc790 code [0x000002625a6bc920, 0x000002625a6bcae8]
Event: 57.295 Thread 0x000002626e88d8f0 9072       3       com.google.common.cache.LocalCache::usesWriteQueue (5 bytes)
Event: 57.295 Thread 0x000002626e88d8f0 nmethod 9072 0x000002625a6bcc10 code [0x000002625a6bcda0, 0x000002625a6bcf88]
Event: 57.298 Thread 0x000002626e88d8f0 9074   !   3       jdk.internal.loader.URLClassPath::checkURL (16 bytes)
Event: 57.298 Thread 0x000002626e88d8f0 nmethod 9074 0x000002625a6bd090 code [0x000002625a6bd220, 0x000002625a6bd3e0]
Event: 57.317 Thread 0x000002626e8897c0 9075       4       java.util.HashMap$HashIterator::<init> (79 bytes)
Event: 57.317 Thread 0x000002626e88d8f0 9076       3       org.gradle.internal.logging.sink.OutputEventListenerManager$1::onOutput (33 bytes)
Event: 57.318 Thread 0x000002626e88d8f0 nmethod 9076 0x000002625a6bd490 code [0x000002625a6bd640, 0x000002625a6bd960]
Event: 57.321 Thread 0x000002626e8897c0 nmethod 9075 0x00000262615fd190 code [0x00000262615fd300, 0x00000262615fd680]
Event: 57.325 Thread 0x000002626e88d8f0 9077       3       org.gradle.model.internal.asm.MethodVisitorScope::_PUTFIELD (11 bytes)
Event: 57.325 Thread 0x000002626e88d8f0 nmethod 9077 0x000002625a6bdb10 code [0x000002625a6bdca0, 0x000002625a6bddf8]

GC Heap History (20 events):
Event: 48.297 GC heap before
{Heap before GC invocations=20 (full 0):
 garbage-first heap   total 107520K, used 95564K [0x0000000080000000, 0x0000000100000000)
  region size 1024K, 32 young (32768K), 3 survivors (3072K)
 Metaspace       used 71571K, committed 73408K, reserved 487424K
  class space    used 9601K, committed 10496K, reserved 421888K
}
Event: 48.302 GC heap after
{Heap after GC invocations=21 (full 0):
 garbage-first heap   total 107520K, used 67934K [0x0000000080000000, 0x0000000100000000)
  region size 1024K, 3 young (3072K), 3 survivors (3072K)
 Metaspace       used 71571K, committed 73408K, reserved 487424K
  class space    used 9601K, committed 10496K, reserved 421888K
}
Event: 48.972 GC heap before
{Heap before GC invocations=22 (full 0):
 garbage-first heap   total 119808K, used 96606K [0x0000000080000000, 0x0000000100000000)
  region size 1024K, 30 young (30720K), 3 survivors (3072K)
 Metaspace       used 74525K, committed 76416K, reserved 552960K
  class space    used 9986K, committed 10944K, reserved 421888K
}
Event: 48.977 GC heap after
{Heap after GC invocations=23 (full 0):
 garbage-first heap   total 119808K, used 71524K [0x0000000080000000, 0x0000000100000000)
  region size 1024K, 4 young (4096K), 4 survivors (4096K)
 Metaspace       used 74525K, committed 76416K, reserved 552960K
  class space    used 9986K, committed 10944K, reserved 421888K
}
Event: 49.546 GC heap before
{Heap before GC invocations=23 (full 0):
 garbage-first heap   total 119808K, used 106340K [0x0000000080000000, 0x0000000100000000)
  region size 1024K, 38 young (38912K), 4 survivors (4096K)
 Metaspace       used 76332K, committed 78208K, reserved 552960K
  class space    used 10178K, committed 11136K, reserved 421888K
}
Event: 49.552 GC heap after
{Heap after GC invocations=24 (full 0):
 garbage-first heap   total 119808K, used 72521K [0x0000000080000000, 0x0000000100000000)
  region size 1024K, 4 young (4096K), 4 survivors (4096K)
 Metaspace       used 76332K, committed 78208K, reserved 552960K
  class space    used 10178K, committed 11136K, reserved 421888K
}
Event: 50.921 GC heap before
{Heap before GC invocations=24 (full 0):
 garbage-first heap   total 119808K, used 107337K [0x0000000080000000, 0x0000000100000000)
  region size 1024K, 38 young (38912K), 4 survivors (4096K)
 Metaspace       used 78063K, committed 80000K, reserved 552960K
  class space    used 10360K, committed 11328K, reserved 421888K
}
Event: 50.926 GC heap after
{Heap after GC invocations=25 (full 0):
 garbage-first heap   total 119808K, used 75847K [0x0000000080000000, 0x0000000100000000)
  region size 1024K, 5 young (5120K), 5 survivors (5120K)
 Metaspace       used 78063K, committed 80000K, reserved 552960K
  class space    used 10360K, committed 11328K, reserved 421888K
}
Event: 51.753 GC heap before
{Heap before GC invocations=26 (full 0):
 garbage-first heap   total 133120K, used 106567K [0x0000000080000000, 0x0000000100000000)
  region size 1024K, 35 young (35840K), 5 survivors (5120K)
 Metaspace       used 81289K, committed 83136K, reserved 552960K
  class space    used 10713K, committed 11648K, reserved 421888K
}
Event: 51.759 GC heap after
{Heap after GC invocations=27 (full 0):
 garbage-first heap   total 133120K, used 79065K [0x0000000080000000, 0x0000000100000000)
  region size 1024K, 4 young (4096K), 4 survivors (4096K)
 Metaspace       used 81289K, committed 83136K, reserved 552960K
  class space    used 10713K, committed 11648K, reserved 421888K
}
Event: 53.674 GC heap before
{Heap before GC invocations=27 (full 0):
 garbage-first heap   total 133120K, used 119001K [0x0000000080000000, 0x0000000100000000)
  region size 1024K, 43 young (44032K), 4 survivors (4096K)
 Metaspace       used 87428K, committed 89344K, reserved 552960K
  class space    used 11383K, committed 12352K, reserved 421888K
}
Event: 53.679 GC heap after
{Heap after GC invocations=28 (full 0):
 garbage-first heap   total 133120K, used 79871K [0x0000000080000000, 0x0000000100000000)
  region size 1024K, 5 young (5120K), 5 survivors (5120K)
 Metaspace       used 87428K, committed 89344K, reserved 552960K
  class space    used 11383K, committed 12352K, reserved 421888K
}
Event: 55.002 GC heap before
{Heap before GC invocations=28 (full 0):
 garbage-first heap   total 133120K, used 119807K [0x0000000080000000, 0x0000000100000000)
  region size 1024K, 44 young (45056K), 5 survivors (5120K)
 Metaspace       used 94867K, committed 96768K, reserved 552960K
  class space    used 12167K, committed 13120K, reserved 421888K
}
Event: 55.006 GC heap after
{Heap after GC invocations=29 (full 0):
 garbage-first heap   total 133120K, used 81069K [0x0000000080000000, 0x0000000100000000)
  region size 1024K, 4 young (4096K), 4 survivors (4096K)
 Metaspace       used 94867K, committed 96768K, reserved 552960K
  class space    used 12167K, committed 13120K, reserved 421888K
}
Event: 56.181 GC heap before
{Heap before GC invocations=30 (full 0):
 garbage-first heap   total 140288K, used 119981K [0x0000000080000000, 0x0000000100000000)
  region size 1024K, 42 young (43008K), 4 survivors (4096K)
 Metaspace       used 97590K, committed 99520K, reserved 552960K
  class space    used 12582K, committed 13568K, reserved 421888K
}
Event: 56.188 GC heap after
{Heap after GC invocations=31 (full 0):
 garbage-first heap   total 140288K, used 84186K [0x0000000080000000, 0x0000000100000000)
  region size 1024K, 6 young (6144K), 6 survivors (6144K)
 Metaspace       used 97590K, committed 99520K, reserved 552960K
  class space    used 12582K, committed 13568K, reserved 421888K
}
Event: 56.478 GC heap before
{Heap before GC invocations=31 (full 0):
 garbage-first heap   total 140288K, used 126170K [0x0000000080000000, 0x0000000100000000)
  region size 1024K, 46 young (47104K), 6 survivors (6144K)
 Metaspace       used 97793K, committed 99776K, reserved 552960K
  class space    used 12585K, committed 13568K, reserved 421888K
}
Event: 56.486 GC heap after
{Heap after GC invocations=32 (full 0):
 garbage-first heap   total 140288K, used 87127K [0x0000000080000000, 0x0000000100000000)
  region size 1024K, 4 young (4096K), 4 survivors (4096K)
 Metaspace       used 97793K, committed 99776K, reserved 552960K
  class space    used 12585K, committed 13568K, reserved 421888K
}
Event: 57.278 GC heap before
{Heap before GC invocations=32 (full 0):
 garbage-first heap   total 140288K, used 127063K [0x0000000080000000, 0x0000000100000000)
  region size 1024K, 43 young (44032K), 4 survivors (4096K)
 Metaspace       used 99656K, committed 101696K, reserved 552960K
  class space    used 12856K, committed 13888K, reserved 421888K
}
Event: 57.284 GC heap after
{Heap after GC invocations=33 (full 0):
 garbage-first heap   total 140288K, used 91415K [0x0000000080000000, 0x0000000100000000)
  region size 1024K, 5 young (5120K), 5 survivors (5120K)
 Metaspace       used 99656K, committed 101696K, reserved 552960K
  class space    used 12856K, committed 13888K, reserved 421888K
}

Dll operation events (13 events):
Event: 0.029 Loaded shared library C:\Program Files\Java\jdk-20\bin\java.dll
Event: 0.069 Loaded shared library C:\Program Files\Java\jdk-20\bin\jsvml.dll
Event: 0.207 Loaded shared library C:\Program Files\Java\jdk-20\bin\net.dll
Event: 0.215 Loaded shared library C:\Program Files\Java\jdk-20\bin\nio.dll
Event: 0.265 Loaded shared library C:\Program Files\Java\jdk-20\bin\zip.dll
Event: 0.789 Loaded shared library C:\Program Files\Java\jdk-20\bin\jimage.dll
Event: 0.935 Loaded shared library C:\Program Files\Java\jdk-20\bin\verify.dll
Event: 1.475 Loaded shared library C:\Users\deepk\.gradle\native\68d5fa5c4cc2d200863cafc0d521ce42e7d3e7ee720ec0a83991735586a16f82\windows-amd64\native-platform.dll
Event: 1.536 Loaded shared library C:\Users\deepk\.gradle\native\e376f236ea51e6404a007f0833ffe2c6e607c4080706a723a18a27aeea778392\windows-amd64\native-platform-file-events.dll
Event: 3.982 Loaded shared library C:\Program Files\Java\jdk-20\bin\management.dll
Event: 3.989 Loaded shared library C:\Program Files\Java\jdk-20\bin\management_ext.dll
Event: 4.329 Loaded shared library C:\Program Files\Java\jdk-20\bin\extnet.dll
Event: 5.085 Loaded shared library C:\Program Files\Java\jdk-20\bin\sunmscapi.dll

Deoptimization events (20 events):
Event: 56.840 Thread 0x000002627477fb10 DEOPT PACKING pc=0x00000262613b73f0 sp=0x000000bd05cf6410
Event: 56.840 Thread 0x000002627477fb10 DEOPT UNPACKING pc=0x0000026260cf9d22 sp=0x000000bd05cf6388 mode 2
Event: 56.921 Thread 0x000002627477fb10 Uncommon trap: trap_request=0xffffffc6 fr.pc=0x00000262612abb0c relative=0x000000000000282c
Event: 56.921 Thread 0x000002627477fb10 Uncommon trap: reason=bimorphic_or_optimized_type_check action=maybe_recompile pc=0x00000262612abb0c method=java.util.regex.Pattern$CharProperty.study(Ljava/util/regex/Pattern$TreeInfo;)Z @ 25 c2
Event: 56.921 Thread 0x000002627477fb10 DEOPT PACKING pc=0x00000262612abb0c sp=0x000000bd05cfa8b0
Event: 56.921 Thread 0x000002627477fb10 DEOPT UNPACKING pc=0x0000026260cf9d22 sp=0x000000bd05cfa7a8 mode 2
Event: 56.930 Thread 0x000002627477fb10 DEOPT PACKING pc=0x0000026259bac233 sp=0x000000bd05cf9d60
Event: 56.930 Thread 0x000002627477fb10 DEOPT UNPACKING pc=0x0000026260cfa4c2 sp=0x000000bd05cf91d0 mode 0
Event: 57.201 Thread 0x000002627477fb10 Uncommon trap: trap_request=0xffffffc6 fr.pc=0x00000262612abb0c relative=0x000000000000282c
Event: 57.201 Thread 0x000002627477fb10 Uncommon trap: reason=bimorphic_or_optimized_type_check action=maybe_recompile pc=0x00000262612abb0c method=java.util.regex.Pattern$CharProperty.study(Ljava/util/regex/Pattern$TreeInfo;)Z @ 25 c2
Event: 57.201 Thread 0x000002627477fb10 DEOPT PACKING pc=0x00000262612abb0c sp=0x000000bd05cf9550
Event: 57.201 Thread 0x000002627477fb10 DEOPT UNPACKING pc=0x0000026260cf9d22 sp=0x000000bd05cf9448 mode 2
Event: 57.204 Thread 0x000002627477fb10 Uncommon trap: trap_request=0xffffffc6 fr.pc=0x00000262612abb0c relative=0x000000000000282c
Event: 57.204 Thread 0x000002627477fb10 Uncommon trap: reason=bimorphic_or_optimized_type_check action=maybe_recompile pc=0x00000262612abb0c method=java.util.regex.Pattern$CharProperty.study(Ljava/util/regex/Pattern$TreeInfo;)Z @ 25 c2
Event: 57.204 Thread 0x000002627477fb10 DEOPT PACKING pc=0x00000262612abb0c sp=0x000000bd05cf9550
Event: 57.204 Thread 0x000002627477fb10 DEOPT UNPACKING pc=0x0000026260cf9d22 sp=0x000000bd05cf9448 mode 2
Event: 57.205 Thread 0x000002627477fb10 Uncommon trap: trap_request=0xffffffc6 fr.pc=0x00000262612abb0c relative=0x000000000000282c
Event: 57.205 Thread 0x000002627477fb10 Uncommon trap: reason=bimorphic_or_optimized_type_check action=maybe_recompile pc=0x00000262612abb0c method=java.util.regex.Pattern$CharProperty.study(Ljava/util/regex/Pattern$TreeInfo;)Z @ 25 c2
Event: 57.205 Thread 0x000002627477fb10 DEOPT PACKING pc=0x00000262612abb0c sp=0x000000bd05cf9550
Event: 57.205 Thread 0x000002627477fb10 DEOPT UNPACKING pc=0x0000026260cf9d22 sp=0x000000bd05cf9448 mode 2

Classes loaded (20 events):
Event: 50.034 Loading class java/util/AbstractList$RandomAccessSubList
Event: 50.034 Loading class java/util/AbstractList$RandomAccessSubList done
Event: 55.072 Loading class java/lang/Byte$ByteCache
Event: 55.072 Loading class java/lang/Byte$ByteCache done
Event: 55.139 Loading class sun/nio/fs/WindowsException
Event: 55.139 Loading class sun/nio/fs/WindowsException done
Event: 55.152 Loading class java/util/zip/Deflater
Event: 55.153 Loading class java/util/zip/Deflater done
Event: 55.155 Loading class java/util/zip/Deflater$DeflaterZStreamRef
Event: 55.155 Loading class java/util/zip/Deflater$DeflaterZStreamRef done
Event: 55.178 Loading class java/nio/StringCharBuffer
Event: 55.178 Loading class java/nio/StringCharBuffer done
Event: 55.234 Loading class java/nio/file/StandardCopyOption
Event: 55.234 Loading class java/nio/file/StandardCopyOption done
Event: 55.234 Loading class sun/nio/fs/WindowsFileCopy
Event: 55.235 Loading class sun/nio/fs/WindowsFileCopy done
Event: 56.976 Loading class java/nio/file/AtomicMoveNotSupportedException
Event: 56.977 Loading class java/nio/file/AtomicMoveNotSupportedException done
Event: 57.003 Loading class java/io/FileWriter
Event: 57.004 Loading class java/io/FileWriter done

Classes unloaded (0 events):
No events

Classes redefined (0 events):
No events

Internal exceptions (20 events):
Event: 47.319 Thread 0x000002627477fb10 Exception <a 'java/lang/NoSuchMethodError'{0x00000000847af258}: 'java.lang.Object java.lang.invoke.DirectMethodHandle$Holder.newInvokeSpecial(java.lang.Object, java.lang.Object, java.lang.Object, java.lang.Object, java.lang.Object, java.lang.Object, java.lang.Object, java.lang.Object, java.lang.Object, java.lang.Object, java.lang.Object, java.lang.Object, java.lang.Object)'> (0x00000000847af258) 
thrown [s\open\src\hotspot\share\interpreter\linkResolver.cpp, line 773]
Event: 47.346 Thread 0x000002627477fb10 Exception <a 'java/lang/NoSuchMethodError'{0x00000000846d4440}: 'java.lang.Object java.lang.invoke.DirectMethodHandle$Holder.newInvokeSpecial(java.lang.Object, java.lang.Object, java.lang.Object, java.lang.Object, java.lang.Object, java.lang.Object, java.lang.Object, java.lang.Object, java.lang.Object, java.lang.Object, java.lang.Object, java.lang.Object, java.lang.Object, java.lang.Object, java.lang.Object, java.lang.Object, java.lang.Object, java.lang.Object, java.lang.Object)'> (0x00000000846d4440) 
thr
Event: 47.347 Thread 0x000002627477fb10 Exception <a 'java/lang/NoSuchMethodError'{0x00000000846dba08}: 'java.lang.Object java.lang.invoke.DirectMethodHandle$Holder.invokeSpecial(java.lang.Object, java.lang.Object, java.lang.Object, java.lang.Object, java.lang.Object, java.lang.Object, java.lang.Object, java.lang.Object, java.lang.Object, java.lang.Object, java.lang.Object, java.lang.Object, java.lang.Object, java.lang.Object, java.lang.Object, java.lang.Object, java.lang.Object, java.lang.Object, java.lang.Object, java.lang.Object)'> (0x0000000
Event: 47.347 Thread 0x000002627477fb10 Exception <a 'java/lang/NoSuchMethodError'{0x00000000846e1d08}: 'java.lang.Object java.lang.invoke.DelegatingMethodHandle$Holder.reinvoke_L(java.lang.Object, java.lang.Object, java.lang.Object, java.lang.Object, java.lang.Object, java.lang.Object, java.lang.Object, java.lang.Object, java.lang.Object, java.lang.Object, java.lang.Object, java.lang.Object, java.lang.Object, java.lang.Object, java.lang.Object, java.lang.Object, java.lang.Object, java.lang.Object, java.lang.Object)'> (0x00000000846e1d08) 
throw
Event: 48.209 Thread 0x000002627477fb10 Exception <a 'java/lang/NoSuchMethodError'{0x0000000084774a18}: 'java.lang.Object java.lang.invoke.DirectMethodHandle$Holder.newInvokeSpecial(java.lang.Object, java.lang.Object, int)'> (0x0000000084774a18) 
thrown [s\open\src\hotspot\share\interpreter\linkResolver.cpp, line 773]
Event: 48.572 Thread 0x000002627477fb10 Exception <a 'java/lang/NoSuchMethodError'{0x00000000869bf360}: 'java.lang.Object java.lang.invoke.DirectMethodHandle$Holder.newInvokeSpecial(java.lang.Object, java.lang.Object, java.lang.Object, java.lang.Object, int)'> (0x00000000869bf360) 
thrown [s\open\src\hotspot\share\interpreter\linkResolver.cpp, line 773]
Event: 48.573 Thread 0x000002627477fb10 Exception <a 'java/lang/NoSuchMethodError'{0x00000000869c50e0}: 'java.lang.Object java.lang.invoke.DirectMethodHandle$Holder.invokeSpecial(java.lang.Object, java.lang.Object, java.lang.Object, java.lang.Object, java.lang.Object, int)'> (0x00000000869c50e0) 
thrown [s\open\src\hotspot\share\interpreter\linkResolver.cpp, line 773]
Event: 48.573 Thread 0x000002627477fb10 Exception <a 'java/lang/NoSuchMethodError'{0x00000000869ca828}: 'java.lang.Object java.lang.invoke.Invokers$Holder.linkToTargetMethod(java.lang.Object, java.lang.Object, java.lang.Object, int, java.lang.Object)'> (0x00000000869ca828) 
thrown [s\open\src\hotspot\share\interpreter\linkResolver.cpp, line 773]
Event: 51.996 Thread 0x000002627477fb10 Exception <a 'java/lang/NoSuchMethodError'{0x000000008724be08}: 'java.lang.Object java.lang.invoke.DirectMethodHandle$Holder.newInvokeSpecial(java.lang.Object, java.lang.Object, java.lang.Object, int, int, java.lang.Object, java.lang.Object)'> (0x000000008724be08) 
thrown [s\open\src\hotspot\share\interpreter\linkResolver.cpp, line 773]
Event: 55.139 Thread 0x00000262761e8ae0 Exception <a 'sun/nio/fs/WindowsException'{0x00000000881ba220}> (0x00000000881ba220) 
thrown [s\open\src\hotspot\share\prims\jni.cpp, line 519]
Event: 55.235 Thread 0x00000262761e8ae0 Exception <a 'sun/nio/fs/WindowsException'{0x0000000087f553f8}> (0x0000000087f553f8) 
thrown [s\open\src\hotspot\share\prims\jni.cpp, line 519]
Event: 55.237 Thread 0x00000262761e8ae0 Exception <a 'sun/nio/fs/WindowsException'{0x0000000087f55608}> (0x0000000087f55608) 
thrown [s\open\src\hotspot\share\prims\jni.cpp, line 519]
Event: 55.378 Thread 0x000002627477fb10 Exception <a 'java/lang/NoSuchMethodError'{0x0000000087b2f010}: 'java.lang.Object java.lang.invoke.DirectMethodHandle$Holder.newInvokeSpecial(java.lang.Object, java.lang.Object, java.lang.Object, java.lang.Object, java.lang.Object, java.lang.Object, java.lang.Object, java.lang.Object, java.lang.Object, java.lang.Object, java.lang.Object, java.lang.Object, java.lang.Object, java.lang.Object, java.lang.Object, java.lang.Object, java.lang.Object, java.lang.Object, java.lang.Object, java.lang.Object, java.lang
Event: 55.379 Thread 0x000002627477fb10 Exception <a 'java/lang/NoSuchMethodError'{0x0000000087b368c8}: 'java.lang.Object java.lang.invoke.DirectMethodHandle$Holder.invokeSpecial(java.lang.Object, java.lang.Object, java.lang.Object, java.lang.Object, java.lang.Object, java.lang.Object, java.lang.Object, java.lang.Object, java.lang.Object, java.lang.Object, java.lang.Object, java.lang.Object, java.lang.Object, java.lang.Object, java.lang.Object, java.lang.Object, java.lang.Object, java.lang.Object, java.lang.Object, java.lang.Object, java.lang.Ob
Event: 55.380 Thread 0x000002627477fb10 Exception <a 'java/lang/NoSuchMethodError'{0x0000000087b3cb90}: 'java.lang.Object java.lang.invoke.DelegatingMethodHandle$Holder.reinvoke_L(java.lang.Object, java.lang.Object, java.lang.Object, java.lang.Object, java.lang.Object, java.lang.Object, java.lang.Object, java.lang.Object, java.lang.Object, java.lang.Object, java.lang.Object, java.lang.Object, java.lang.Object, java.lang.Object, java.lang.Object, java.lang.Object, java.lang.Object, java.lang.Object, java.lang.Object, java.lang.Object, java.lang.O
Event: 55.884 Thread 0x000002627477fb10 Exception <a 'java/lang/NoSuchMethodError'{0x00000000871acff0}: 'java.lang.Object java.lang.invoke.DirectMethodHandle$Holder.newInvokeSpecial(java.lang.Object, int, java.lang.Object)'> (0x00000000871acff0) 
thrown [s\open\src\hotspot\share\interpreter\linkResolver.cpp, line 773]
Event: 56.631 Thread 0x000002627477fb10 Exception <a 'java/lang/IncompatibleClassChangeError'{0x00000000874d0df0}: Found class java.lang.Object, but interface was expected> (0x00000000874d0df0) 
thrown [s\open\src\hotspot\share\interpreter\linkResolver.cpp, line 840]
Event: 56.865 Thread 0x0000026272eb9a20 Exception <a 'sun/nio/fs/WindowsException'{0x00000000865a2158}> (0x00000000865a2158) 
thrown [s\open\src\hotspot\share\prims\jni.cpp, line 519]
Event: 56.873 Thread 0x0000026272eb9a20 Exception <a 'sun/nio/fs/WindowsException'{0x00000000865bdb18}> (0x00000000865bdb18) 
thrown [s\open\src\hotspot\share\prims\jni.cpp, line 519]
Event: 56.875 Thread 0x0000026272eb9a20 Exception <a 'sun/nio/fs/WindowsException'{0x00000000865bdc90}> (0x00000000865bdc90) 
thrown [s\open\src\hotspot\share\prims\jni.cpp, line 519]

VM Operations (20 events):
Event: 55.170 Executing VM operation: HandshakeAllThreads done
Event: 55.180 Executing VM operation: HandshakeAllThreads
Event: 55.180 Executing VM operation: HandshakeAllThreads done
Event: 55.427 Executing VM operation: HandshakeAllThreads
Event: 55.427 Executing VM operation: HandshakeAllThreads done
Event: 56.181 Executing VM operation: G1CollectForAllocation
Event: 56.188 Executing VM operation: G1CollectForAllocation done
Event: 56.414 Executing VM operation: HandshakeAllThreads
Event: 56.414 Executing VM operation: HandshakeAllThreads done
Event: 56.478 Executing VM operation: G1CollectForAllocation
Event: 56.486 Executing VM operation: G1CollectForAllocation done
Event: 56.805 Executing VM operation: ICBufferFull
Event: 56.805 Executing VM operation: ICBufferFull done
Event: 56.976 Executing VM operation: HandshakeAllThreads
Event: 56.976 Executing VM operation: HandshakeAllThreads done
Event: 57.005 Executing VM operation: HandshakeAllThreads
Event: 57.005 Executing VM operation: HandshakeAllThreads done
Event: 57.278 Executing VM operation: G1CollectForAllocation
Event: 57.284 Executing VM operation: G1CollectForAllocation done
Event: 57.355 Executing VM operation: G1PauseRemark

Events (20 events):
Event: 57.359 Thread 0x000002626e85a200 flushing nmethod 0x00000262597fc610
Event: 57.359 Thread 0x000002626e85a200 flushing nmethod 0x00000262597d9490
Event: 57.359 Thread 0x000002626e85a200 flushing nmethod 0x0000026259799090
Event: 57.360 Thread 0x000002626e85a200 flushing nmethod 0x00000262597c8510
Event: 57.360 Thread 0x000002626e85a200 flushing nmethod 0x000002626155c190
Event: 57.360 Thread 0x000002626e85a200 flushing nmethod 0x0000026261525b90
Event: 57.360 Thread 0x000002626e85a200 flushing nmethod 0x000002626150c710
Event: 57.360 Thread 0x000002626e85a200 flushing nmethod 0x0000026261519a90
Event: 57.360 Thread 0x000002626e85a200 flushing nmethod 0x0000026261519490
Event: 57.360 Thread 0x000002626e85a200 flushing nmethod 0x0000026261518390
Event: 57.360 Thread 0x000002626e85a200 flushing nmethod 0x0000026261539490
Event: 57.360 Thread 0x000002626e85a200 flushing nmethod 0x0000026261508690
Event: 57.360 Thread 0x000002626e85a200 flushing nmethod 0x0000026261517290
Event: 57.360 Thread 0x000002626e85a200 flushing nmethod 0x00000262614d8990
Event: 57.360 Thread 0x000002626e85a200 flushing nmethod 0x0000026261529610
Event: 57.360 Thread 0x000002626e85a200 flushing nmethod 0x0000026261515910
Event: 57.360 Thread 0x000002626e85a200 flushing nmethod 0x000002626141c990
Event: 57.360 Thread 0x000002626e85a200 flushing nmethod 0x00000262613dd590
Event: 57.360 Thread 0x000002626e85a200 flushing nmethod 0x000002626142d590
Event: 57.360 Thread 0x000002626e85a200 flushing nmethod 0x0000026261384690


Dynamic libraries:
0x00007ff79d0d0000 - 0x00007ff79d0e0000 	C:\Program Files\Java\jdk-20\bin\java.exe
0x00007ffec0110000 - 0x00007ffec0324000 	C:\Windows\SYSTEM32\ntdll.dll
0x00007ffebf0e0000 - 0x00007ffebf1a2000 	C:\Windows\System32\KERNEL32.DLL
0x00007ffebd530000 - 0x00007ffebd8d3000 	C:\Windows\System32\KERNELBASE.dll
0x00007ffebdab0000 - 0x00007ffebdbc1000 	C:\Windows\System32\ucrtbase.dll
0x00007ffea2430000 - 0x00007ffea244b000 	C:\Program Files\Java\jdk-20\bin\VCRUNTIME140.dll
0x00007ffea3a20000 - 0x00007ffea3a39000 	C:\Program Files\Java\jdk-20\bin\jli.dll
0x00007ffebf5f0000 - 0x00007ffebf69e000 	C:\Windows\System32\ADVAPI32.dll
0x00007ffebfef0000 - 0x00007ffebff97000 	C:\Windows\System32\msvcrt.dll
0x00007ffebf250000 - 0x00007ffebf2f4000 	C:\Windows\System32\sechost.dll
0x00007ffebe880000 - 0x00007ffebe997000 	C:\Windows\System32\RPCRT4.dll
0x00007ffebf440000 - 0x00007ffebf5eb000 	C:\Windows\System32\USER32.dll
0x00007ffebd8e0000 - 0x00007ffebd906000 	C:\Windows\System32\win32u.dll
0x00007ffebf3f0000 - 0x00007ffebf419000 	C:\Windows\System32\GDI32.dll
0x00007ffebd990000 - 0x00007ffebdaa8000 	C:\Windows\System32\gdi32full.dll
0x00007ffebdd40000 - 0x00007ffebddda000 	C:\Windows\System32\msvcp_win.dll
0x00007ffeb4350000 - 0x00007ffeb435a000 	C:\Windows\SYSTEM32\VERSION.dll
0x00007ffea51f0000 - 0x00007ffea547e000 	C:\Windows\WinSxS\amd64_microsoft.windows.common-controls_6595b64144ccf1df_6.0.22621.1635_none_270f70857386168e\COMCTL32.dll
0x00007ffebe710000 - 0x00007ffebe741000 	C:\Windows\System32\IMM32.DLL
0x00007ffeaadd0000 - 0x00007ffeaaddc000 	C:\Program Files\Java\jdk-20\bin\vcruntime140_1.dll
0x00007ffe96620000 - 0x00007ffe966ae000 	C:\Program Files\Java\jdk-20\bin\msvcp140.dll
0x00007ffe52a90000 - 0x00007ffe53727000 	C:\Program Files\Java\jdk-20\bin\server\jvm.dll
0x00007ffeb6430000 - 0x00007ffeb6439000 	C:\Windows\SYSTEM32\WSOCK32.dll
0x00007ffeb59f0000 - 0x00007ffeb5a24000 	C:\Windows\SYSTEM32\WINMM.dll
0x00007ffebe800000 - 0x00007ffebe871000 	C:\Windows\System32\WS2_32.dll
0x00007ffebc540000 - 0x00007ffebc558000 	C:\Windows\SYSTEM32\kernel.appcore.dll
0x00007ffea8fd0000 - 0x00007ffea8fda000 	C:\Program Files\Java\jdk-20\bin\jimage.dll
0x00007ffea2590000 - 0x00007ffea27be000 	C:\Windows\SYSTEM32\DBGHELP.DLL
0x00007ffebf960000 - 0x00007ffebfce9000 	C:\Windows\System32\combase.dll
0x00007ffebf310000 - 0x00007ffebf3e7000 	C:\Windows\System32\OLEAUT32.dll
0x00007ffea44b0000 - 0x00007ffea44e2000 	C:\Windows\SYSTEM32\dbgcore.DLL
0x00007ffebd910000 - 0x00007ffebd98b000 	C:\Windows\System32\bcryptPrimitives.dll
0x00007ffea0180000 - 0x00007ffea01a6000 	C:\Program Files\Java\jdk-20\bin\java.dll
0x00007ffe7f010000 - 0x00007ffe7f0e7000 	C:\Program Files\Java\jdk-20\bin\jsvml.dll
0x00007ffebdf10000 - 0x00007ffebe70a000 	C:\Windows\System32\SHELL32.dll
0x00007ffebb4e0000 - 0x00007ffebbdae000 	C:\Windows\SYSTEM32\windows.storage.dll
0x00007ffebb3a0000 - 0x00007ffebb4de000 	C:\Windows\SYSTEM32\wintypes.dll
0x00007ffebfcf0000 - 0x00007ffebfde1000 	C:\Windows\System32\SHCORE.dll
0x00007ffebf900000 - 0x00007ffebf95e000 	C:\Windows\System32\shlwapi.dll
0x00007ffebd460000 - 0x00007ffebd481000 	C:\Windows\SYSTEM32\profapi.dll
0x00007ffe9ec60000 - 0x00007ffe9ec73000 	C:\Program Files\Java\jdk-20\bin\net.dll
0x00007ffeb5410000 - 0x00007ffeb5547000 	C:\Windows\SYSTEM32\WINHTTP.dll
0x00007ffebc9a0000 - 0x00007ffebca09000 	C:\Windows\system32\mswsock.dll
0x00007ffe9ec40000 - 0x00007ffe9ec56000 	C:\Program Files\Java\jdk-20\bin\nio.dll
0x00007ffe9e2d0000 - 0x00007ffe9e2e8000 	C:\Program Files\Java\jdk-20\bin\zip.dll
0x00007ffea72a0000 - 0x00007ffea72b0000 	C:\Program Files\Java\jdk-20\bin\verify.dll
0x00007ffea8e80000 - 0x00007ffea8ea7000 	C:\Users\deepk\.gradle\native\68d5fa5c4cc2d200863cafc0d521ce42e7d3e7ee720ec0a83991735586a16f82\windows-amd64\native-platform.dll
0x00007ffe76990000 - 0x00007ffe76ad4000 	C:\Users\deepk\.gradle\native\e376f236ea51e6404a007f0833ffe2c6e607c4080706a723a18a27aeea778392\windows-amd64\native-platform-file-events.dll
0x00007ffea6260000 - 0x00007ffea626a000 	C:\Program Files\Java\jdk-20\bin\management.dll
0x00007ffea5d10000 - 0x00007ffea5d1b000 	C:\Program Files\Java\jdk-20\bin\management_ext.dll
0x00007ffebf240000 - 0x00007ffebf248000 	C:\Windows\System32\PSAPI.DLL
0x00007ffebccc0000 - 0x00007ffebccdb000 	C:\Windows\SYSTEM32\CRYPTSP.dll
0x00007ffebc4b0000 - 0x00007ffebc4e5000 	C:\Windows\system32\rsaenh.dll
0x00007ffebca40000 - 0x00007ffebca68000 	C:\Windows\SYSTEM32\USERENV.dll
0x00007ffebce10000 - 0x00007ffebce38000 	C:\Windows\SYSTEM32\bcrypt.dll
0x00007ffebcca0000 - 0x00007ffebccac000 	C:\Windows\SYSTEM32\CRYPTBASE.dll
0x00007ffebc050000 - 0x00007ffebc07d000 	C:\Windows\SYSTEM32\IPHLPAPI.DLL
0x00007ffebf300000 - 0x00007ffebf309000 	C:\Windows\System32\NSI.dll
0x00007ffeb5260000 - 0x00007ffeb5279000 	C:\Windows\SYSTEM32\dhcpcsvc6.DLL
0x00007ffeb5160000 - 0x00007ffeb517f000 	C:\Windows\SYSTEM32\dhcpcsvc.DLL
0x00007ffebc080000 - 0x00007ffebc173000 	C:\Windows\SYSTEM32\DNSAPI.dll
0x00007ffea4860000 - 0x00007ffea4867000 	C:\Program Files\Java\jdk-20\bin\extnet.dll
0x00007ffea4640000 - 0x00007ffea464e000 	C:\Program Files\Java\jdk-20\bin\sunmscapi.dll
0x00007ffebdbd0000 - 0x00007ffebdd37000 	C:\Windows\System32\CRYPT32.dll
0x00007ffebcde0000 - 0x00007ffebce0e000 	C:\Windows\SYSTEM32\ncrypt.dll
0x00007ffebcda0000 - 0x00007ffebcdd7000 	C:\Windows\SYSTEM32\NTASN1.dll
0x00007ffeaa3e0000 - 0x00007ffeaa3e8000 	C:\Windows\system32\wshunix.dll

dbghelp: loaded successfully - version: 4.0.5 - missing functions: none
symbol engine: initialized successfully - sym options: 0x614 - pdb path: .;C:\Program Files\Java\jdk-20\bin;C:\Windows\SYSTEM32;C:\Windows\WinSxS\amd64_microsoft.windows.common-controls_6595b64144ccf1df_6.0.22621.1635_none_270f70857386168e;C:\Program Files\Java\jdk-20\bin\server;C:\Users\deepk\.gradle\native\68d5fa5c4cc2d200863cafc0d521ce42e7d3e7ee720ec0a83991735586a16f82\windows-amd64;C:\Users\deepk\.gradle\native\e376f236ea51e6404a007f0833ffe2c6e607c4080706a723a18a27aeea778392\windows-amd64

VM Arguments:
jvm_args: -XX:MaxMetaspaceSize=512m --add-opens=java.base/java.util=ALL-UNNAMED --add-opens=java.base/java.lang=ALL-UNNAMED --add-opens=java.base/java.lang.invoke=ALL-UNNAMED --add-opens=java.prefs/java.util.prefs=ALL-UNNAMED --add-opens=java.base/java.nio.charset=ALL-UNNAMED --add-opens=java.base/java.net=ALL-UNNAMED --add-opens=java.base/java.util.concurrent.atomic=ALL-UNNAMED -Xmx2048m -Dfile.encoding=UTF-8 -Duser.country=IN -Duser.language=en -Duser.variant 
java_command: org.gradle.launcher.daemon.bootstrap.GradleDaemon 8.0.1
java_class_path (initial): C:\Users\deepk\.gradle\wrapper\dists\gradle-8.0.1-all\aro4hu1c3oeioove7l0i4i14o\gradle-8.0.1\lib\gradle-launcher-8.0.1.jar
Launcher Type: SUN_STANDARD

[Global flags]
     intx CICompilerCount                          = 4                                         {product} {ergonomic}
   size_t CompressedClassSpaceSize                 = 432013312                                 {product} {ergonomic}
     uint ConcGCThreads                            = 2                                         {product} {ergonomic}
     uint G1ConcRefinementThreads                  = 8                                         {product} {ergonomic}
   size_t G1HeapRegionSize                         = 1048576                                   {product} {ergonomic}
    uintx GCDrainStackTargetSize                   = 64                                        {product} {ergonomic}
   size_t InitialHeapSize                          = 100663296                                 {product} {ergonomic}
   size_t MarkStackSize                            = 4194304                                   {product} {ergonomic}
   size_t MaxHeapSize                              = 2147483648                                {product} {command line}
   size_t MaxMetaspaceSize                         = 536870912                                 {product} {command line}
   size_t MaxNewSize                               = 1287651328                                {product} {ergonomic}
   size_t MinHeapDeltaBytes                        = 1048576                                   {product} {ergonomic}
   size_t MinHeapSize                              = 8388608                                   {product} {ergonomic}
    uintx NonNMethodCodeHeapSize                   = 5839372                                {pd product} {ergonomic}
    uintx NonProfiledCodeHeapSize                  = 122909434                              {pd product} {ergonomic}
    uintx ProfiledCodeHeapSize                     = 122909434                              {pd product} {ergonomic}
    uintx ReservedCodeCacheSize                    = 251658240                              {pd product} {ergonomic}
     bool SegmentedCodeCache                       = true                                      {product} {ergonomic}
   size_t SoftMaxHeapSize                          = 2147483648                             {manageable} {ergonomic}
     bool UseCompressedClassPointers               = true                           {product lp64_product} {ergonomic}
     bool UseCompressedOops                        = true                           {product lp64_product} {ergonomic}
     bool UseG1GC                                  = true                                      {product} {ergonomic}
     bool UseLargePagesIndividualAllocation        = false                                  {pd product} {ergonomic}

Logging:
Log output configuration:
 #0: stdout all=warning uptime,level,tags foldmultilines=false
 #1: stderr all=off uptime,level,tags foldmultilines=false

Environment Variables:
JAVA_HOME=C:\Program Files\Java\jdk-20
CLASSPATH=D:\Krupali\ReactNativeProj\speerassessment\android\\gradle\wrapper\gradle-wrapper.jar
PATH=C:\Program Files\Common Files\Oracle\Java\javapath;C:\Program Files (x86)\VMware\VMware Workstation\bin\;C:\windows\system32;C:\windows;C:\windows\System32\Wbem;C:\windows\System32\WindowsPowerShell\v1.0\;C:\windows\System32\OpenSSH\;C:\Program Files (x86)\NVIDIA Corporation\PhysX\Common;C:\Program Files\NVIDIA Corporation\NVIDIA NvDLISR;C:\Windows\system32;C:\Windows;C:\Windows\System32\Wbem;C:\Windows\System32\WindowsPowerShell\v1.0\;C:\Windows\System32\OpenSSH\;C:\Program Files\nodejs\;C:\Users\deepk\AppData\Local\Android\sdk\platform-tools;C:\Users\deepk\AppData\Local\Microsoft\WindowsApps;C:\Users\deepk\AppData\Local\Programs\Microsoft VS Code\bin;C:\Users\deepk\AppData\Roaming\npm;C:\Users\deepk\AppData\Local\Android\sdk\platform-tools;C:\Users\deepk\AppData\Local\GitHubDesktop\bin
USERNAME=deepk
OS=Windows_NT
PROCESSOR_IDENTIFIER=AMD64 Family 23 Model 24 Stepping 1, AuthenticAMD
TMP=C:\Users\deepk\AppData\Local\Temp
TEMP=C:\Users\deepk\AppData\Local\Temp




---------------  S Y S T E M  ---------------

OS:
 Windows 11 , 64 bit Build 22621 (10.0.22621.1635)
OS uptime: 71 days 20:38 hours
Hyper-V role detected

CPU: total 8 (initial active 8) (8 cores per cpu, 2 threads per core) family 23 model 24 stepping 1 microcode 0x0, cx8, cmov, fxsr, ht, mmx, 3dnowpref, sse, sse2, sse3, ssse3, sse4a, sse4.1, sse4.2, popcnt, lzcnt, tsc, tscinvbit, avx, avx2, aes, clmul, bmi1, bmi2, adx, sha, fma, vzeroupper, clflush, clflushopt, hv, rdtscp, f16c

Memory: 4k page, system-wide physical 6021M (133M free)
TotalPageFile size 24453M (AvailPageFile size 14M)
current process WorkingSet (physical memory assigned to process): 354M, peak: 354M
current process commit charge ("private bytes"): 414M, peak: 432M

vm_info: Java HotSpot(TM) 64-Bit Server VM (20.0.1+9-29) for windows-amd64 JRE (20.0.1+9-29), built on 2023-03-07T13:56:11Z by "mach5one" with MS VC++ 17.1 (VS2022)

END.
